CRITICAL - 2023-05-17 08:39:45 --> The action you requested is not allowed.
in SYSTEMPATH\Security\Security.php on line 306.
 1 SYSTEMPATH\Security\Security.php(306): CodeIgniter\Security\Exceptions\SecurityException::forDisallowedAction()
 2 SYSTEMPATH\Filters\CSRF.php(55): CodeIgniter\Security\Security->verify(Object(CodeIgniter\HTTP\IncomingRequest))
 3 SYSTEMPATH\Filters\Filters.php(173): CodeIgniter\Filters\CSRF->before(Object(CodeIgniter\HTTP\IncomingRequest), null)
 4 SYSTEMPATH\CodeIgniter.php(473): CodeIgniter\Filters\Filters->run('api/create/book', 'before')
 5 SYSTEMPATH\CodeIgniter.php(368): CodeIgniter\CodeIgniter->handleRequest(null, Object(Config\Cache), false)
 6 FCPATH\index.php(71): CodeIgniter\CodeIgniter->run()
 7 SYSTEMPATH\Commands\Server\rewrite.php(47): require_once('FCPATH\\index.php')
CRITICAL - 2023-05-17 08:40:35 --> The action you requested is not allowed.
in SYSTEMPATH\Security\Security.php on line 306.
 1 SYSTEMPATH\Security\Security.php(306): CodeIgniter\Security\Exceptions\SecurityException::forDisallowedAction()
 2 SYSTEMPATH\Filters\CSRF.php(55): CodeIgniter\Security\Security->verify(Object(CodeIgniter\HTTP\IncomingRequest))
 3 SYSTEMPATH\Filters\Filters.php(173): CodeIgniter\Filters\CSRF->before(Object(CodeIgniter\HTTP\IncomingRequest), null)
 4 SYSTEMPATH\CodeIgniter.php(473): CodeIgniter\Filters\Filters->run('api/create/book', 'before')
 5 SYSTEMPATH\CodeIgniter.php(368): CodeIgniter\CodeIgniter->handleRequest(null, Object(Config\Cache), false)
 6 FCPATH\index.php(71): CodeIgniter\CodeIgniter->run()
 7 SYSTEMPATH\Commands\Server\rewrite.php(47): require_once('FCPATH\\index.php')
CRITICAL - 2023-05-17 08:41:27 --> The action you requested is not allowed.
in SYSTEMPATH\Security\Security.php on line 306.
 1 SYSTEMPATH\Security\Security.php(306): CodeIgniter\Security\Exceptions\SecurityException::forDisallowedAction()
 2 SYSTEMPATH\Filters\CSRF.php(55): CodeIgniter\Security\Security->verify(Object(CodeIgniter\HTTP\IncomingRequest))
 3 SYSTEMPATH\Filters\Filters.php(173): CodeIgniter\Filters\CSRF->before(Object(CodeIgniter\HTTP\IncomingRequest), null)
 4 SYSTEMPATH\CodeIgniter.php(473): CodeIgniter\Filters\Filters->run('api/create/book', 'before')
 5 SYSTEMPATH\CodeIgniter.php(368): CodeIgniter\CodeIgniter->handleRequest(null, Object(Config\Cache), false)
 6 FCPATH\index.php(71): CodeIgniter\CodeIgniter->run()
 7 SYSTEMPATH\Commands\Server\rewrite.php(47): require_once('FCPATH\\index.php')
CRITICAL - 2023-05-17 08:41:57 --> The action you requested is not allowed.
in SYSTEMPATH\Security\Security.php on line 306.
 1 SYSTEMPATH\Security\Security.php(306): CodeIgniter\Security\Exceptions\SecurityException::forDisallowedAction()
 2 SYSTEMPATH\Filters\CSRF.php(55): CodeIgniter\Security\Security->verify(Object(CodeIgniter\HTTP\IncomingRequest))
 3 SYSTEMPATH\Filters\Filters.php(173): CodeIgniter\Filters\CSRF->before(Object(CodeIgniter\HTTP\IncomingRequest), null)
 4 SYSTEMPATH\CodeIgniter.php(473): CodeIgniter\Filters\Filters->run('api/create/book', 'before')
 5 SYSTEMPATH\CodeIgniter.php(368): CodeIgniter\CodeIgniter->handleRequest(null, Object(Config\Cache), false)
 6 FCPATH\index.php(71): CodeIgniter\CodeIgniter->run()
 7 SYSTEMPATH\Commands\Server\rewrite.php(47): require_once('FCPATH\\index.php')
CRITICAL - 2023-05-17 08:48:43 --> The action you requested is not allowed.
in SYSTEMPATH\Security\Security.php on line 306.
 1 SYSTEMPATH\Security\Security.php(306): CodeIgniter\Security\Exceptions\SecurityException::forDisallowedAction()
 2 SYSTEMPATH\Filters\CSRF.php(55): CodeIgniter\Security\Security->verify(Object(CodeIgniter\HTTP\IncomingRequest))
 3 SYSTEMPATH\Filters\Filters.php(173): CodeIgniter\Filters\CSRF->before(Object(CodeIgniter\HTTP\IncomingRequest), null)
 4 SYSTEMPATH\CodeIgniter.php(473): CodeIgniter\Filters\Filters->run('api/create/book', 'before')
 5 SYSTEMPATH\CodeIgniter.php(368): CodeIgniter\CodeIgniter->handleRequest(null, Object(Config\Cache), false)
 6 FCPATH\index.php(71): CodeIgniter\CodeIgniter->run()
 7 SYSTEMPATH\Commands\Server\rewrite.php(47): require_once('FCPATH\\index.php')
CRITICAL - 2023-05-17 08:50:44 --> The action you requested is not allowed.
in SYSTEMPATH\Security\Security.php on line 306.
 1 SYSTEMPATH\Security\Security.php(306): CodeIgniter\Security\Exceptions\SecurityException::forDisallowedAction()
 2 SYSTEMPATH\Filters\CSRF.php(55): CodeIgniter\Security\Security->verify(Object(CodeIgniter\HTTP\IncomingRequest))
 3 SYSTEMPATH\Filters\Filters.php(173): CodeIgniter\Filters\CSRF->before(Object(CodeIgniter\HTTP\IncomingRequest), null)
 4 SYSTEMPATH\CodeIgniter.php(473): CodeIgniter\Filters\Filters->run('api/create/book', 'before')
 5 SYSTEMPATH\CodeIgniter.php(368): CodeIgniter\CodeIgniter->handleRequest(null, Object(Config\Cache), false)
 6 FCPATH\index.php(71): CodeIgniter\CodeIgniter->run()
 7 SYSTEMPATH\Commands\Server\rewrite.php(47): require_once('FCPATH\\index.php')
CRITICAL - 2023-05-17 08:51:05 --> The action you requested is not allowed.
in SYSTEMPATH\Security\Security.php on line 306.
 1 SYSTEMPATH\Security\Security.php(306): CodeIgniter\Security\Exceptions\SecurityException::forDisallowedAction()
 2 SYSTEMPATH\Filters\CSRF.php(55): CodeIgniter\Security\Security->verify(Object(CodeIgniter\HTTP\IncomingRequest))
 3 SYSTEMPATH\Filters\Filters.php(173): CodeIgniter\Filters\CSRF->before(Object(CodeIgniter\HTTP\IncomingRequest), null)
 4 SYSTEMPATH\CodeIgniter.php(473): CodeIgniter\Filters\Filters->run('api/create/book', 'before')
 5 SYSTEMPATH\CodeIgniter.php(368): CodeIgniter\CodeIgniter->handleRequest(null, Object(Config\Cache), false)
 6 FCPATH\index.php(71): CodeIgniter\CodeIgniter->run()
 7 SYSTEMPATH\Commands\Server\rewrite.php(47): require_once('FCPATH\\index.php')
CRITICAL - 2023-05-17 08:56:12 --> The action you requested is not allowed.
in SYSTEMPATH\Security\Security.php on line 306.
 1 SYSTEMPATH\Security\Security.php(306): CodeIgniter\Security\Exceptions\SecurityException::forDisallowedAction()
 2 SYSTEMPATH\Filters\CSRF.php(55): CodeIgniter\Security\Security->verify(Object(CodeIgniter\HTTP\IncomingRequest))
 3 SYSTEMPATH\Filters\Filters.php(173): CodeIgniter\Filters\CSRF->before(Object(CodeIgniter\HTTP\IncomingRequest), null)
 4 SYSTEMPATH\CodeIgniter.php(473): CodeIgniter\Filters\Filters->run('api/create/book', 'before')
 5 SYSTEMPATH\CodeIgniter.php(368): CodeIgniter\CodeIgniter->handleRequest(null, Object(Config\Cache), false)
 6 FCPATH\index.php(71): CodeIgniter\CodeIgniter->run()
 7 SYSTEMPATH\Commands\Server\rewrite.php(47): require_once('FCPATH\\index.php')
CRITICAL - 2023-05-17 08:56:12 --> The action you requested is not allowed.
in SYSTEMPATH\Security\Security.php on line 306.
 1 SYSTEMPATH\Security\Security.php(306): CodeIgniter\Security\Exceptions\SecurityException::forDisallowedAction()
 2 SYSTEMPATH\Filters\CSRF.php(55): CodeIgniter\Security\Security->verify(Object(CodeIgniter\HTTP\IncomingRequest))
 3 SYSTEMPATH\Filters\Filters.php(173): CodeIgniter\Filters\CSRF->before(Object(CodeIgniter\HTTP\IncomingRequest), null)
 4 SYSTEMPATH\CodeIgniter.php(473): CodeIgniter\Filters\Filters->run('api/create/book', 'before')
 5 SYSTEMPATH\CodeIgniter.php(368): CodeIgniter\CodeIgniter->handleRequest(null, Object(Config\Cache), false)
 6 FCPATH\index.php(71): CodeIgniter\CodeIgniter->run()
 7 SYSTEMPATH\Commands\Server\rewrite.php(47): require_once('FCPATH\\index.php')
CRITICAL - 2023-05-17 08:59:40 --> The action you requested is not allowed.
in SYSTEMPATH\Security\Security.php on line 306.
 1 SYSTEMPATH\Security\Security.php(306): CodeIgniter\Security\Exceptions\SecurityException::forDisallowedAction()
 2 SYSTEMPATH\Filters\CSRF.php(55): CodeIgniter\Security\Security->verify(Object(CodeIgniter\HTTP\IncomingRequest))
 3 SYSTEMPATH\Filters\Filters.php(173): CodeIgniter\Filters\CSRF->before(Object(CodeIgniter\HTTP\IncomingRequest), null)
 4 SYSTEMPATH\CodeIgniter.php(473): CodeIgniter\Filters\Filters->run('api/create/book', 'before')
 5 SYSTEMPATH\CodeIgniter.php(368): CodeIgniter\CodeIgniter->handleRequest(null, Object(Config\Cache), false)
 6 FCPATH\index.php(71): CodeIgniter\CodeIgniter->run()
 7 SYSTEMPATH\Commands\Server\rewrite.php(47): require_once('FCPATH\\index.php')
CRITICAL - 2023-05-17 09:00:44 --> The action you requested is not allowed.
in SYSTEMPATH\Security\Security.php on line 306.
 1 SYSTEMPATH\Security\Security.php(306): CodeIgniter\Security\Exceptions\SecurityException::forDisallowedAction()
 2 SYSTEMPATH\Filters\CSRF.php(55): CodeIgniter\Security\Security->verify(Object(CodeIgniter\HTTP\IncomingRequest))
 3 SYSTEMPATH\Filters\Filters.php(173): CodeIgniter\Filters\CSRF->before(Object(CodeIgniter\HTTP\IncomingRequest), null)
 4 SYSTEMPATH\CodeIgniter.php(473): CodeIgniter\Filters\Filters->run('api/create/book', 'before')
 5 SYSTEMPATH\CodeIgniter.php(368): CodeIgniter\CodeIgniter->handleRequest(null, Object(Config\Cache), false)
 6 FCPATH\index.php(71): CodeIgniter\CodeIgniter->run()
 7 SYSTEMPATH\Commands\Server\rewrite.php(47): require_once('FCPATH\\index.php')
CRITICAL - 2023-05-17 09:03:35 --> The action you requested is not allowed.
in SYSTEMPATH\Security\Security.php on line 306.
 1 SYSTEMPATH\Security\Security.php(306): CodeIgniter\Security\Exceptions\SecurityException::forDisallowedAction()
 2 SYSTEMPATH\Filters\CSRF.php(55): CodeIgniter\Security\Security->verify(Object(CodeIgniter\HTTP\IncomingRequest))
 3 SYSTEMPATH\Filters\Filters.php(173): CodeIgniter\Filters\CSRF->before(Object(CodeIgniter\HTTP\IncomingRequest), null)
 4 SYSTEMPATH\CodeIgniter.php(473): CodeIgniter\Filters\Filters->run('api/create/book', 'before')
 5 SYSTEMPATH\CodeIgniter.php(368): CodeIgniter\CodeIgniter->handleRequest(null, Object(Config\Cache), false)
 6 FCPATH\index.php(71): CodeIgniter\CodeIgniter->run()
 7 SYSTEMPATH\Commands\Server\rewrite.php(47): require_once('FCPATH\\index.php')
CRITICAL - 2023-05-17 09:07:13 --> The action you requested is not allowed.
in SYSTEMPATH\Security\Security.php on line 306.
 1 SYSTEMPATH\Security\Security.php(306): CodeIgniter\Security\Exceptions\SecurityException::forDisallowedAction()
 2 SYSTEMPATH\Filters\CSRF.php(55): CodeIgniter\Security\Security->verify(Object(CodeIgniter\HTTP\IncomingRequest))
 3 SYSTEMPATH\Filters\Filters.php(173): CodeIgniter\Filters\CSRF->before(Object(CodeIgniter\HTTP\IncomingRequest), null)
 4 SYSTEMPATH\CodeIgniter.php(473): CodeIgniter\Filters\Filters->run('api/create/book', 'before')
 5 SYSTEMPATH\CodeIgniter.php(368): CodeIgniter\CodeIgniter->handleRequest(null, Object(Config\Cache), false)
 6 FCPATH\index.php(71): CodeIgniter\CodeIgniter->run()
 7 SYSTEMPATH\Commands\Server\rewrite.php(47): require_once('FCPATH\\index.php')
CRITICAL - 2023-05-17 09:11:08 --> The action you requested is not allowed.
in SYSTEMPATH\Security\Security.php on line 306.
 1 SYSTEMPATH\Security\Security.php(306): CodeIgniter\Security\Exceptions\SecurityException::forDisallowedAction()
 2 SYSTEMPATH\Filters\CSRF.php(55): CodeIgniter\Security\Security->verify(Object(CodeIgniter\HTTP\IncomingRequest))
 3 SYSTEMPATH\Filters\Filters.php(173): CodeIgniter\Filters\CSRF->before(Object(CodeIgniter\HTTP\IncomingRequest), null)
 4 SYSTEMPATH\CodeIgniter.php(473): CodeIgniter\Filters\Filters->run('api/create/book', 'before')
 5 SYSTEMPATH\CodeIgniter.php(368): CodeIgniter\CodeIgniter->handleRequest(null, Object(Config\Cache), false)
 6 FCPATH\index.php(71): CodeIgniter\CodeIgniter->run()
 7 SYSTEMPATH\Commands\Server\rewrite.php(47): require_once('FCPATH\\index.php')
CRITICAL - 2023-05-17 09:13:59 --> The action you requested is not allowed.
in SYSTEMPATH\Security\Security.php on line 306.
 1 SYSTEMPATH\Security\Security.php(306): CodeIgniter\Security\Exceptions\SecurityException::forDisallowedAction()
 2 SYSTEMPATH\Filters\CSRF.php(55): CodeIgniter\Security\Security->verify(Object(CodeIgniter\HTTP\IncomingRequest))
 3 SYSTEMPATH\Filters\Filters.php(173): CodeIgniter\Filters\CSRF->before(Object(CodeIgniter\HTTP\IncomingRequest), null)
 4 SYSTEMPATH\CodeIgniter.php(473): CodeIgniter\Filters\Filters->run('api/create/book', 'before')
 5 SYSTEMPATH\CodeIgniter.php(368): CodeIgniter\CodeIgniter->handleRequest(null, Object(Config\Cache), false)
 6 FCPATH\index.php(71): CodeIgniter\CodeIgniter->run()
 7 SYSTEMPATH\Commands\Server\rewrite.php(47): require_once('FCPATH\\index.php')
CRITICAL - 2023-05-17 09:26:55 --> The action you requested is not allowed.
in SYSTEMPATH\Security\Security.php on line 306.
 1 SYSTEMPATH\Security\Security.php(306): CodeIgniter\Security\Exceptions\SecurityException::forDisallowedAction()
 2 SYSTEMPATH\Filters\CSRF.php(55): CodeIgniter\Security\Security->verify(Object(CodeIgniter\HTTP\IncomingRequest))
 3 SYSTEMPATH\Filters\Filters.php(173): CodeIgniter\Filters\CSRF->before(Object(CodeIgniter\HTTP\IncomingRequest), null)
 4 SYSTEMPATH\CodeIgniter.php(473): CodeIgniter\Filters\Filters->run('api/create/book', 'before')
 5 SYSTEMPATH\CodeIgniter.php(368): CodeIgniter\CodeIgniter->handleRequest(null, Object(Config\Cache), false)
 6 FCPATH\index.php(71): CodeIgniter\CodeIgniter->run()
 7 SYSTEMPATH\Commands\Server\rewrite.php(47): require_once('FCPATH\\index.php')
CRITICAL - 2023-05-17 09:29:31 --> The action you requested is not allowed.
in SYSTEMPATH\Security\Security.php on line 306.
 1 SYSTEMPATH\Security\Security.php(306): CodeIgniter\Security\Exceptions\SecurityException::forDisallowedAction()
 2 SYSTEMPATH\Filters\CSRF.php(55): CodeIgniter\Security\Security->verify(Object(CodeIgniter\HTTP\IncomingRequest))
 3 SYSTEMPATH\Filters\Filters.php(173): CodeIgniter\Filters\CSRF->before(Object(CodeIgniter\HTTP\IncomingRequest), null)
 4 SYSTEMPATH\CodeIgniter.php(473): CodeIgniter\Filters\Filters->run('api/create/book', 'before')
 5 SYSTEMPATH\CodeIgniter.php(368): CodeIgniter\CodeIgniter->handleRequest(null, Object(Config\Cache), false)
 6 FCPATH\index.php(71): CodeIgniter\CodeIgniter->run()
 7 SYSTEMPATH\Commands\Server\rewrite.php(47): require_once('FCPATH\\index.php')
CRITICAL - 2023-05-17 09:29:49 --> The action you requested is not allowed.
in SYSTEMPATH\Security\Security.php on line 306.
 1 SYSTEMPATH\Security\Security.php(306): CodeIgniter\Security\Exceptions\SecurityException::forDisallowedAction()
 2 SYSTEMPATH\Filters\CSRF.php(55): CodeIgniter\Security\Security->verify(Object(CodeIgniter\HTTP\IncomingRequest))
 3 SYSTEMPATH\Filters\Filters.php(173): CodeIgniter\Filters\CSRF->before(Object(CodeIgniter\HTTP\IncomingRequest), null)
 4 SYSTEMPATH\CodeIgniter.php(473): CodeIgniter\Filters\Filters->run('api/create/book', 'before')
 5 SYSTEMPATH\CodeIgniter.php(368): CodeIgniter\CodeIgniter->handleRequest(null, Object(Config\Cache), false)
 6 FCPATH\index.php(71): CodeIgniter\CodeIgniter->run()
 7 SYSTEMPATH\Commands\Server\rewrite.php(47): require_once('FCPATH\\index.php')
CRITICAL - 2023-05-17 09:39:37 --> The action you requested is not allowed.
in SYSTEMPATH\Security\Security.php on line 306.
 1 SYSTEMPATH\Security\Security.php(306): CodeIgniter\Security\Exceptions\SecurityException::forDisallowedAction()
 2 SYSTEMPATH\Filters\CSRF.php(55): CodeIgniter\Security\Security->verify(Object(CodeIgniter\HTTP\IncomingRequest))
 3 SYSTEMPATH\Filters\Filters.php(173): CodeIgniter\Filters\CSRF->before(Object(CodeIgniter\HTTP\IncomingRequest), null)
 4 SYSTEMPATH\CodeIgniter.php(473): CodeIgniter\Filters\Filters->run('api/create/book', 'before')
 5 SYSTEMPATH\CodeIgniter.php(368): CodeIgniter\CodeIgniter->handleRequest(null, Object(Config\Cache), false)
 6 FCPATH\index.php(71): CodeIgniter\CodeIgniter->run()
 7 SYSTEMPATH\Commands\Server\rewrite.php(47): require_once('FCPATH\\index.php')
CRITICAL - 2023-05-17 09:49:04 --> The action you requested is not allowed.
in SYSTEMPATH\Security\Security.php on line 306.
 1 SYSTEMPATH\Security\Security.php(306): CodeIgniter\Security\Exceptions\SecurityException::forDisallowedAction()
 2 SYSTEMPATH\Filters\CSRF.php(55): CodeIgniter\Security\Security->verify(Object(CodeIgniter\HTTP\IncomingRequest))
 3 SYSTEMPATH\Filters\Filters.php(173): CodeIgniter\Filters\CSRF->before(Object(CodeIgniter\HTTP\IncomingRequest), null)
 4 SYSTEMPATH\CodeIgniter.php(473): CodeIgniter\Filters\Filters->run('api/create/book', 'before')
 5 SYSTEMPATH\CodeIgniter.php(368): CodeIgniter\CodeIgniter->handleRequest(null, Object(Config\Cache), false)
 6 FCPATH\index.php(71): CodeIgniter\CodeIgniter->run()
 7 SYSTEMPATH\Commands\Server\rewrite.php(47): require_once('FCPATH\\index.php')
CRITICAL - 2023-05-17 09:49:09 --> The action you requested is not allowed.
in SYSTEMPATH\Security\Security.php on line 306.
 1 SYSTEMPATH\Security\Security.php(306): CodeIgniter\Security\Exceptions\SecurityException::forDisallowedAction()
 2 SYSTEMPATH\Filters\CSRF.php(55): CodeIgniter\Security\Security->verify(Object(CodeIgniter\HTTP\IncomingRequest))
 3 SYSTEMPATH\Filters\Filters.php(173): CodeIgniter\Filters\CSRF->before(Object(CodeIgniter\HTTP\IncomingRequest), null)
 4 SYSTEMPATH\CodeIgniter.php(473): CodeIgniter\Filters\Filters->run('api/create/book', 'before')
 5 SYSTEMPATH\CodeIgniter.php(368): CodeIgniter\CodeIgniter->handleRequest(null, Object(Config\Cache), false)
 6 FCPATH\index.php(71): CodeIgniter\CodeIgniter->run()
 7 SYSTEMPATH\Commands\Server\rewrite.php(47): require_once('FCPATH\\index.php')
CRITICAL - 2023-05-17 09:51:46 --> The action you requested is not allowed.
in SYSTEMPATH\Security\Security.php on line 306.
 1 SYSTEMPATH\Security\Security.php(306): CodeIgniter\Security\Exceptions\SecurityException::forDisallowedAction()
 2 SYSTEMPATH\Filters\CSRF.php(55): CodeIgniter\Security\Security->verify(Object(CodeIgniter\HTTP\IncomingRequest))
 3 SYSTEMPATH\Filters\Filters.php(173): CodeIgniter\Filters\CSRF->before(Object(CodeIgniter\HTTP\IncomingRequest), null)
 4 SYSTEMPATH\CodeIgniter.php(473): CodeIgniter\Filters\Filters->run('api/create/book', 'before')
 5 SYSTEMPATH\CodeIgniter.php(368): CodeIgniter\CodeIgniter->handleRequest(null, Object(Config\Cache), false)
 6 FCPATH\index.php(71): CodeIgniter\CodeIgniter->run()
 7 SYSTEMPATH\Commands\Server\rewrite.php(47): require_once('FCPATH\\index.php')
CRITICAL - 2023-05-17 09:51:47 --> The action you requested is not allowed.
in SYSTEMPATH\Security\Security.php on line 306.
 1 SYSTEMPATH\Security\Security.php(306): CodeIgniter\Security\Exceptions\SecurityException::forDisallowedAction()
 2 SYSTEMPATH\Filters\CSRF.php(55): CodeIgniter\Security\Security->verify(Object(CodeIgniter\HTTP\IncomingRequest))
 3 SYSTEMPATH\Filters\Filters.php(173): CodeIgniter\Filters\CSRF->before(Object(CodeIgniter\HTTP\IncomingRequest), null)
 4 SYSTEMPATH\CodeIgniter.php(473): CodeIgniter\Filters\Filters->run('api/create/book', 'before')
 5 SYSTEMPATH\CodeIgniter.php(368): CodeIgniter\CodeIgniter->handleRequest(null, Object(Config\Cache), false)
 6 FCPATH\index.php(71): CodeIgniter\CodeIgniter->run()
 7 SYSTEMPATH\Commands\Server\rewrite.php(47): require_once('FCPATH\\index.php')
CRITICAL - 2023-05-17 09:51:48 --> The action you requested is not allowed.
in SYSTEMPATH\Security\Security.php on line 306.
 1 SYSTEMPATH\Security\Security.php(306): CodeIgniter\Security\Exceptions\SecurityException::forDisallowedAction()
 2 SYSTEMPATH\Filters\CSRF.php(55): CodeIgniter\Security\Security->verify(Object(CodeIgniter\HTTP\IncomingRequest))
 3 SYSTEMPATH\Filters\Filters.php(173): CodeIgniter\Filters\CSRF->before(Object(CodeIgniter\HTTP\IncomingRequest), null)
 4 SYSTEMPATH\CodeIgniter.php(473): CodeIgniter\Filters\Filters->run('api/create/book', 'before')
 5 SYSTEMPATH\CodeIgniter.php(368): CodeIgniter\CodeIgniter->handleRequest(null, Object(Config\Cache), false)
 6 FCPATH\index.php(71): CodeIgniter\CodeIgniter->run()
 7 SYSTEMPATH\Commands\Server\rewrite.php(47): require_once('FCPATH\\index.php')
CRITICAL - 2023-05-17 09:59:34 --> The action you requested is not allowed.
in SYSTEMPATH\Security\Security.php on line 306.
 1 SYSTEMPATH\Security\Security.php(306): CodeIgniter\Security\Exceptions\SecurityException::forDisallowedAction()
 2 SYSTEMPATH\Filters\CSRF.php(55): CodeIgniter\Security\Security->verify(Object(CodeIgniter\HTTP\IncomingRequest))
 3 SYSTEMPATH\Filters\Filters.php(173): CodeIgniter\Filters\CSRF->before(Object(CodeIgniter\HTTP\IncomingRequest), null)
 4 SYSTEMPATH\CodeIgniter.php(473): CodeIgniter\Filters\Filters->run('api/create/book', 'before')
 5 SYSTEMPATH\CodeIgniter.php(368): CodeIgniter\CodeIgniter->handleRequest(null, Object(Config\Cache), false)
 6 FCPATH\index.php(71): CodeIgniter\CodeIgniter->run()
 7 SYSTEMPATH\Commands\Server\rewrite.php(47): require_once('FCPATH\\index.php')
CRITICAL - 2023-05-17 10:03:41 --> The action you requested is not allowed.
in SYSTEMPATH\Security\Security.php on line 306.
 1 SYSTEMPATH\Security\Security.php(306): CodeIgniter\Security\Exceptions\SecurityException::forDisallowedAction()
 2 SYSTEMPATH\Filters\CSRF.php(55): CodeIgniter\Security\Security->verify(Object(CodeIgniter\HTTP\IncomingRequest))
 3 SYSTEMPATH\Filters\Filters.php(173): CodeIgniter\Filters\CSRF->before(Object(CodeIgniter\HTTP\IncomingRequest), null)
 4 SYSTEMPATH\CodeIgniter.php(473): CodeIgniter\Filters\Filters->run('api/create/book', 'before')
 5 SYSTEMPATH\CodeIgniter.php(368): CodeIgniter\CodeIgniter->handleRequest(null, Object(Config\Cache), false)
 6 FCPATH\index.php(71): CodeIgniter\CodeIgniter->run()
 7 SYSTEMPATH\Commands\Server\rewrite.php(47): require_once('FCPATH\\index.php')
CRITICAL - 2023-05-17 10:04:31 --> The action you requested is not allowed.
in SYSTEMPATH\Security\Security.php on line 306.
 1 SYSTEMPATH\Security\Security.php(306): CodeIgniter\Security\Exceptions\SecurityException::forDisallowedAction()
 2 SYSTEMPATH\Filters\CSRF.php(55): CodeIgniter\Security\Security->verify(Object(CodeIgniter\HTTP\IncomingRequest))
 3 SYSTEMPATH\Filters\Filters.php(173): CodeIgniter\Filters\CSRF->before(Object(CodeIgniter\HTTP\IncomingRequest), null)
 4 SYSTEMPATH\CodeIgniter.php(473): CodeIgniter\Filters\Filters->run('api/create/book', 'before')
 5 SYSTEMPATH\CodeIgniter.php(368): CodeIgniter\CodeIgniter->handleRequest(null, Object(Config\Cache), false)
 6 FCPATH\index.php(71): CodeIgniter\CodeIgniter->run()
 7 SYSTEMPATH\Commands\Server\rewrite.php(47): require_once('FCPATH\\index.php')
CRITICAL - 2023-05-17 10:11:07 --> The action you requested is not allowed.
in SYSTEMPATH\Security\Security.php on line 306.
 1 SYSTEMPATH\Security\Security.php(306): CodeIgniter\Security\Exceptions\SecurityException::forDisallowedAction()
 2 SYSTEMPATH\Filters\CSRF.php(55): CodeIgniter\Security\Security->verify(Object(CodeIgniter\HTTP\IncomingRequest))
 3 SYSTEMPATH\Filters\Filters.php(173): CodeIgniter\Filters\CSRF->before(Object(CodeIgniter\HTTP\IncomingRequest), null)
 4 SYSTEMPATH\CodeIgniter.php(473): CodeIgniter\Filters\Filters->run('api/create/book', 'before')
 5 SYSTEMPATH\CodeIgniter.php(368): CodeIgniter\CodeIgniter->handleRequest(null, Object(Config\Cache), false)
 6 FCPATH\index.php(71): CodeIgniter\CodeIgniter->run()
 7 SYSTEMPATH\Commands\Server\rewrite.php(47): require_once('FCPATH\\index.php')
CRITICAL - 2023-05-17 10:11:10 --> The action you requested is not allowed.
in SYSTEMPATH\Security\Security.php on line 306.
 1 SYSTEMPATH\Security\Security.php(306): CodeIgniter\Security\Exceptions\SecurityException::forDisallowedAction()
 2 SYSTEMPATH\Filters\CSRF.php(55): CodeIgniter\Security\Security->verify(Object(CodeIgniter\HTTP\IncomingRequest))
 3 SYSTEMPATH\Filters\Filters.php(173): CodeIgniter\Filters\CSRF->before(Object(CodeIgniter\HTTP\IncomingRequest), null)
 4 SYSTEMPATH\CodeIgniter.php(473): CodeIgniter\Filters\Filters->run('api/create/book', 'before')
 5 SYSTEMPATH\CodeIgniter.php(368): CodeIgniter\CodeIgniter->handleRequest(null, Object(Config\Cache), false)
 6 FCPATH\index.php(71): CodeIgniter\CodeIgniter->run()
 7 SYSTEMPATH\Commands\Server\rewrite.php(47): require_once('FCPATH\\index.php')
CRITICAL - 2023-05-17 10:12:41 --> The action you requested is not allowed.
in SYSTEMPATH\Security\Security.php on line 306.
 1 SYSTEMPATH\Security\Security.php(306): CodeIgniter\Security\Exceptions\SecurityException::forDisallowedAction()
 2 SYSTEMPATH\Filters\CSRF.php(55): CodeIgniter\Security\Security->verify(Object(CodeIgniter\HTTP\IncomingRequest))
 3 SYSTEMPATH\Filters\Filters.php(173): CodeIgniter\Filters\CSRF->before(Object(CodeIgniter\HTTP\IncomingRequest), null)
 4 SYSTEMPATH\CodeIgniter.php(473): CodeIgniter\Filters\Filters->run('api/create/book', 'before')
 5 SYSTEMPATH\CodeIgniter.php(368): CodeIgniter\CodeIgniter->handleRequest(null, Object(Config\Cache), false)
 6 FCPATH\index.php(71): CodeIgniter\CodeIgniter->run()
 7 SYSTEMPATH\Commands\Server\rewrite.php(47): require_once('FCPATH\\index.php')
CRITICAL - 2023-05-17 10:12:44 --> The action you requested is not allowed.
in SYSTEMPATH\Security\Security.php on line 306.
 1 SYSTEMPATH\Security\Security.php(306): CodeIgniter\Security\Exceptions\SecurityException::forDisallowedAction()
 2 SYSTEMPATH\Filters\CSRF.php(55): CodeIgniter\Security\Security->verify(Object(CodeIgniter\HTTP\IncomingRequest))
 3 SYSTEMPATH\Filters\Filters.php(173): CodeIgniter\Filters\CSRF->before(Object(CodeIgniter\HTTP\IncomingRequest), null)
 4 SYSTEMPATH\CodeIgniter.php(473): CodeIgniter\Filters\Filters->run('api/create/book', 'before')
 5 SYSTEMPATH\CodeIgniter.php(368): CodeIgniter\CodeIgniter->handleRequest(null, Object(Config\Cache), false)
 6 FCPATH\index.php(71): CodeIgniter\CodeIgniter->run()
 7 SYSTEMPATH\Commands\Server\rewrite.php(47): require_once('FCPATH\\index.php')
CRITICAL - 2023-05-17 12:51:04 --> The action you requested is not allowed.
in SYSTEMPATH\Security\Security.php on line 306.
 1 SYSTEMPATH\Security\Security.php(306): CodeIgniter\Security\Exceptions\SecurityException::forDisallowedAction()
 2 SYSTEMPATH\Filters\CSRF.php(55): CodeIgniter\Security\Security->verify(Object(CodeIgniter\HTTP\IncomingRequest))
 3 SYSTEMPATH\Filters\Filters.php(173): CodeIgniter\Filters\CSRF->before(Object(CodeIgniter\HTTP\IncomingRequest), null)
 4 SYSTEMPATH\CodeIgniter.php(473): CodeIgniter\Filters\Filters->run('login', 'before')
 5 SYSTEMPATH\CodeIgniter.php(368): CodeIgniter\CodeIgniter->handleRequest(null, Object(Config\Cache), false)
 6 FCPATH\index.php(71): CodeIgniter\CodeIgniter->run()
 7 SYSTEMPATH\Commands\Server\rewrite.php(47): require_once('FCPATH\\index.php')
CRITICAL - 2023-05-17 12:54:24 --> The action you requested is not allowed.
in SYSTEMPATH\Security\Security.php on line 306.
 1 SYSTEMPATH\Security\Security.php(306): CodeIgniter\Security\Exceptions\SecurityException::forDisallowedAction()
 2 SYSTEMPATH\Filters\CSRF.php(55): CodeIgniter\Security\Security->verify(Object(CodeIgniter\HTTP\IncomingRequest))
 3 SYSTEMPATH\Filters\Filters.php(173): CodeIgniter\Filters\CSRF->before(Object(CodeIgniter\HTTP\IncomingRequest), null)
 4 SYSTEMPATH\CodeIgniter.php(473): CodeIgniter\Filters\Filters->run('api/create/book', 'before')
 5 SYSTEMPATH\CodeIgniter.php(368): CodeIgniter\CodeIgniter->handleRequest(null, Object(Config\Cache), false)
 6 FCPATH\index.php(71): CodeIgniter\CodeIgniter->run()
 7 SYSTEMPATH\Commands\Server\rewrite.php(47): require_once('FCPATH\\index.php')
CRITICAL - 2023-05-17 12:57:56 --> The action you requested is not allowed.
in SYSTEMPATH\Security\Security.php on line 306.
 1 SYSTEMPATH\Security\Security.php(306): CodeIgniter\Security\Exceptions\SecurityException::forDisallowedAction()
 2 SYSTEMPATH\Filters\CSRF.php(55): CodeIgniter\Security\Security->verify(Object(CodeIgniter\HTTP\IncomingRequest))
 3 SYSTEMPATH\Filters\Filters.php(173): CodeIgniter\Filters\CSRF->before(Object(CodeIgniter\HTTP\IncomingRequest), null)
 4 SYSTEMPATH\CodeIgniter.php(473): CodeIgniter\Filters\Filters->run('api/create/book', 'before')
 5 SYSTEMPATH\CodeIgniter.php(368): CodeIgniter\CodeIgniter->handleRequest(null, Object(Config\Cache), false)
 6 FCPATH\index.php(71): CodeIgniter\CodeIgniter->run()
 7 SYSTEMPATH\Commands\Server\rewrite.php(47): require_once('FCPATH\\index.php')
CRITICAL - 2023-05-17 12:58:02 --> The action you requested is not allowed.
in SYSTEMPATH\Security\Security.php on line 306.
 1 SYSTEMPATH\Security\Security.php(306): CodeIgniter\Security\Exceptions\SecurityException::forDisallowedAction()
 2 SYSTEMPATH\Filters\CSRF.php(55): CodeIgniter\Security\Security->verify(Object(CodeIgniter\HTTP\IncomingRequest))
 3 SYSTEMPATH\Filters\Filters.php(173): CodeIgniter\Filters\CSRF->before(Object(CodeIgniter\HTTP\IncomingRequest), null)
 4 SYSTEMPATH\CodeIgniter.php(473): CodeIgniter\Filters\Filters->run('api/create/book', 'before')
 5 SYSTEMPATH\CodeIgniter.php(368): CodeIgniter\CodeIgniter->handleRequest(null, Object(Config\Cache), false)
 6 FCPATH\index.php(71): CodeIgniter\CodeIgniter->run()
 7 SYSTEMPATH\Commands\Server\rewrite.php(47): require_once('FCPATH\\index.php')
CRITICAL - 2023-05-17 12:58:09 --> The action you requested is not allowed.
in SYSTEMPATH\Security\Security.php on line 306.
 1 SYSTEMPATH\Security\Security.php(306): CodeIgniter\Security\Exceptions\SecurityException::forDisallowedAction()
 2 SYSTEMPATH\Filters\CSRF.php(55): CodeIgniter\Security\Security->verify(Object(CodeIgniter\HTTP\IncomingRequest))
 3 SYSTEMPATH\Filters\Filters.php(173): CodeIgniter\Filters\CSRF->before(Object(CodeIgniter\HTTP\IncomingRequest), null)
 4 SYSTEMPATH\CodeIgniter.php(473): CodeIgniter\Filters\Filters->run('api/create/book', 'before')
 5 SYSTEMPATH\CodeIgniter.php(368): CodeIgniter\CodeIgniter->handleRequest(null, Object(Config\Cache), false)
 6 FCPATH\index.php(71): CodeIgniter\CodeIgniter->run()
 7 SYSTEMPATH\Commands\Server\rewrite.php(47): require_once('FCPATH\\index.php')
CRITICAL - 2023-05-17 12:58:22 --> The action you requested is not allowed.
in SYSTEMPATH\Security\Security.php on line 306.
 1 SYSTEMPATH\Security\Security.php(306): CodeIgniter\Security\Exceptions\SecurityException::forDisallowedAction()
 2 SYSTEMPATH\Filters\CSRF.php(55): CodeIgniter\Security\Security->verify(Object(CodeIgniter\HTTP\IncomingRequest))
 3 SYSTEMPATH\Filters\Filters.php(173): CodeIgniter\Filters\CSRF->before(Object(CodeIgniter\HTTP\IncomingRequest), null)
 4 SYSTEMPATH\CodeIgniter.php(473): CodeIgniter\Filters\Filters->run('api/create/book', 'before')
 5 SYSTEMPATH\CodeIgniter.php(368): CodeIgniter\CodeIgniter->handleRequest(null, Object(Config\Cache), false)
 6 FCPATH\index.php(71): CodeIgniter\CodeIgniter->run()
 7 SYSTEMPATH\Commands\Server\rewrite.php(47): require_once('FCPATH\\index.php')
CRITICAL - 2023-05-17 12:58:27 --> The action you requested is not allowed.
in SYSTEMPATH\Security\Security.php on line 306.
 1 SYSTEMPATH\Security\Security.php(306): CodeIgniter\Security\Exceptions\SecurityException::forDisallowedAction()
 2 SYSTEMPATH\Filters\CSRF.php(55): CodeIgniter\Security\Security->verify(Object(CodeIgniter\HTTP\IncomingRequest))
 3 SYSTEMPATH\Filters\Filters.php(173): CodeIgniter\Filters\CSRF->before(Object(CodeIgniter\HTTP\IncomingRequest), null)
 4 SYSTEMPATH\CodeIgniter.php(473): CodeIgniter\Filters\Filters->run('api/create/book', 'before')
 5 SYSTEMPATH\CodeIgniter.php(368): CodeIgniter\CodeIgniter->handleRequest(null, Object(Config\Cache), false)
 6 FCPATH\index.php(71): CodeIgniter\CodeIgniter->run()
 7 SYSTEMPATH\Commands\Server\rewrite.php(47): require_once('FCPATH\\index.php')
CRITICAL - 2023-05-17 12:59:48 --> The action you requested is not allowed.
in SYSTEMPATH\Security\Security.php on line 306.
 1 SYSTEMPATH\Security\Security.php(306): CodeIgniter\Security\Exceptions\SecurityException::forDisallowedAction()
 2 SYSTEMPATH\Filters\CSRF.php(55): CodeIgniter\Security\Security->verify(Object(CodeIgniter\HTTP\IncomingRequest))
 3 SYSTEMPATH\Filters\Filters.php(173): CodeIgniter\Filters\CSRF->before(Object(CodeIgniter\HTTP\IncomingRequest), null)
 4 SYSTEMPATH\CodeIgniter.php(473): CodeIgniter\Filters\Filters->run('api/create/book', 'before')
 5 SYSTEMPATH\CodeIgniter.php(368): CodeIgniter\CodeIgniter->handleRequest(null, Object(Config\Cache), false)
 6 FCPATH\index.php(71): CodeIgniter\CodeIgniter->run()
 7 SYSTEMPATH\Commands\Server\rewrite.php(47): require_once('FCPATH\\index.php')
CRITICAL - 2023-05-17 13:00:01 --> The action you requested is not allowed.
in SYSTEMPATH\Security\Security.php on line 306.
 1 SYSTEMPATH\Security\Security.php(306): CodeIgniter\Security\Exceptions\SecurityException::forDisallowedAction()
 2 SYSTEMPATH\Filters\CSRF.php(55): CodeIgniter\Security\Security->verify(Object(CodeIgniter\HTTP\IncomingRequest))
 3 SYSTEMPATH\Filters\Filters.php(173): CodeIgniter\Filters\CSRF->before(Object(CodeIgniter\HTTP\IncomingRequest), null)
 4 SYSTEMPATH\CodeIgniter.php(473): CodeIgniter\Filters\Filters->run('api/create/book', 'before')
 5 SYSTEMPATH\CodeIgniter.php(368): CodeIgniter\CodeIgniter->handleRequest(null, Object(Config\Cache), false)
 6 FCPATH\index.php(71): CodeIgniter\CodeIgniter->run()
 7 SYSTEMPATH\Commands\Server\rewrite.php(47): require_once('FCPATH\\index.php')
CRITICAL - 2023-05-17 13:07:00 --> Too few arguments to function App\Controllers\ApiController::CreateBook(), 0 passed in C:\xampp3\htdocs\BibioMardi\system\CodeIgniter.php on line 934 and exactly 1 expected
in APPPATH\Controllers\ApiController.php on line 28.
 1 SYSTEMPATH\CodeIgniter.php(934): App\Controllers\ApiController->CreateBook()
 2 SYSTEMPATH\CodeIgniter.php(499): CodeIgniter\CodeIgniter->runController(Object(App\Controllers\ApiController))
 3 SYSTEMPATH\CodeIgniter.php(368): CodeIgniter\CodeIgniter->handleRequest(null, Object(Config\Cache), false)
 4 FCPATH\index.php(71): CodeIgniter\CodeIgniter->run()
 5 SYSTEMPATH\Commands\Server\rewrite.php(47): require_once('FCPATH\\index.php')
CRITICAL - 2023-05-17 14:48:59 --> There is no data to insert.
in SYSTEMPATH\BaseModel.php on line 762.
 1 SYSTEMPATH\BaseModel.php(762): CodeIgniter\Database\Exceptions\DataException::forEmptyDataset('insert')
 2 SYSTEMPATH\Model.php(729): CodeIgniter\BaseModel->insert([], false)
 3 SYSTEMPATH\BaseModel.php(692): CodeIgniter\Model->insert([...], false)
 4 APPPATH\Controllers\ApiController.php(61): CodeIgniter\BaseModel->save([...])
 5 SYSTEMPATH\CodeIgniter.php(934): App\Controllers\ApiController->CreateBook()
 6 SYSTEMPATH\CodeIgniter.php(499): CodeIgniter\CodeIgniter->runController(Object(App\Controllers\ApiController))
 7 SYSTEMPATH\CodeIgniter.php(368): CodeIgniter\CodeIgniter->handleRequest(null, Object(Config\Cache), false)
 8 FCPATH\index.php(71): CodeIgniter\CodeIgniter->run()
 9 SYSTEMPATH\Commands\Server\rewrite.php(47): require_once('FCPATH\\index.php')
CRITICAL - 2023-05-17 14:50:55 --> The action you requested is not allowed.
in SYSTEMPATH\Security\Security.php on line 306.
 1 SYSTEMPATH\Security\Security.php(306): CodeIgniter\Security\Exceptions\SecurityException::forDisallowedAction()
 2 SYSTEMPATH\Filters\CSRF.php(55): CodeIgniter\Security\Security->verify(Object(CodeIgniter\HTTP\IncomingRequest))
 3 SYSTEMPATH\Filters\Filters.php(173): CodeIgniter\Filters\CSRF->before(Object(CodeIgniter\HTTP\IncomingRequest), null)
 4 SYSTEMPATH\CodeIgniter.php(473): CodeIgniter\Filters\Filters->run('api/create/book', 'before')
 5 SYSTEMPATH\CodeIgniter.php(368): CodeIgniter\CodeIgniter->handleRequest(null, Object(Config\Cache), false)
 6 FCPATH\index.php(71): CodeIgniter\CodeIgniter->run()
 7 SYSTEMPATH\Commands\Server\rewrite.php(47): require_once('FCPATH\\index.php')
CRITICAL - 2023-05-17 14:59:03 --> There is no data to insert.
in SYSTEMPATH\BaseModel.php on line 762.
 1 SYSTEMPATH\BaseModel.php(762): CodeIgniter\Database\Exceptions\DataException::forEmptyDataset('insert')
 2 SYSTEMPATH\Model.php(729): CodeIgniter\BaseModel->insert([], false)
 3 SYSTEMPATH\BaseModel.php(692): CodeIgniter\Model->insert([...], false)
 4 APPPATH\Controllers\ApiController.php(82): CodeIgniter\BaseModel->save([...])
 5 SYSTEMPATH\CodeIgniter.php(934): App\Controllers\ApiController->CreateBook()
 6 SYSTEMPATH\CodeIgniter.php(499): CodeIgniter\CodeIgniter->runController(Object(App\Controllers\ApiController))
 7 SYSTEMPATH\CodeIgniter.php(368): CodeIgniter\CodeIgniter->handleRequest(null, Object(Config\Cache), false)
 8 FCPATH\index.php(71): CodeIgniter\CodeIgniter->run()
 9 SYSTEMPATH\Commands\Server\rewrite.php(47): require_once('FCPATH\\index.php')
CRITICAL - 2023-05-17 14:59:58 --> There is no data to insert.
in SYSTEMPATH\BaseModel.php on line 762.
 1 SYSTEMPATH\BaseModel.php(762): CodeIgniter\Database\Exceptions\DataException::forEmptyDataset('insert')
 2 SYSTEMPATH\Model.php(729): CodeIgniter\BaseModel->insert([], false)
 3 SYSTEMPATH\BaseModel.php(692): CodeIgniter\Model->insert([...], false)
 4 APPPATH\Controllers\ApiController.php(86): CodeIgniter\BaseModel->save([...])
 5 SYSTEMPATH\CodeIgniter.php(934): App\Controllers\ApiController->CreateBook()
 6 SYSTEMPATH\CodeIgniter.php(499): CodeIgniter\CodeIgniter->runController(Object(App\Controllers\ApiController))
 7 SYSTEMPATH\CodeIgniter.php(368): CodeIgniter\CodeIgniter->handleRequest(null, Object(Config\Cache), false)
 8 FCPATH\index.php(71): CodeIgniter\CodeIgniter->run()
 9 SYSTEMPATH\Commands\Server\rewrite.php(47): require_once('FCPATH\\index.php')
CRITICAL - 2023-05-17 15:06:07 --> There is no data to insert.
in SYSTEMPATH\BaseModel.php on line 762.
 1 SYSTEMPATH\BaseModel.php(762): CodeIgniter\Database\Exceptions\DataException::forEmptyDataset('insert')
 2 SYSTEMPATH\Model.php(729): CodeIgniter\BaseModel->insert([], false)
 3 SYSTEMPATH\BaseModel.php(692): CodeIgniter\Model->insert([...], false)
 4 APPPATH\Controllers\ApiController.php(93): CodeIgniter\BaseModel->save([...])
 5 SYSTEMPATH\CodeIgniter.php(934): App\Controllers\ApiController->CreateBook()
 6 SYSTEMPATH\CodeIgniter.php(499): CodeIgniter\CodeIgniter->runController(Object(App\Controllers\ApiController))
 7 SYSTEMPATH\CodeIgniter.php(368): CodeIgniter\CodeIgniter->handleRequest(null, Object(Config\Cache), false)
 8 FCPATH\index.php(71): CodeIgniter\CodeIgniter->run()
 9 SYSTEMPATH\Commands\Server\rewrite.php(47): require_once('FCPATH\\index.php')
CRITICAL - 2023-05-17 15:08:53 --> There is no data to insert.
in SYSTEMPATH\BaseModel.php on line 762.
 1 SYSTEMPATH\BaseModel.php(762): CodeIgniter\Database\Exceptions\DataException::forEmptyDataset('insert')
 2 SYSTEMPATH\Model.php(729): CodeIgniter\BaseModel->insert([], false)
 3 SYSTEMPATH\BaseModel.php(692): CodeIgniter\Model->insert([...], false)
 4 APPPATH\Controllers\ApiController.php(93): CodeIgniter\BaseModel->save([...])
 5 SYSTEMPATH\CodeIgniter.php(934): App\Controllers\ApiController->CreateBook()
 6 SYSTEMPATH\CodeIgniter.php(499): CodeIgniter\CodeIgniter->runController(Object(App\Controllers\ApiController))
 7 SYSTEMPATH\CodeIgniter.php(368): CodeIgniter\CodeIgniter->handleRequest(null, Object(Config\Cache), false)
 8 FCPATH\index.php(71): CodeIgniter\CodeIgniter->run()
 9 SYSTEMPATH\Commands\Server\rewrite.php(47): require_once('FCPATH\\index.php')
CRITICAL - 2023-05-17 15:10:56 --> Trying to access array offset on value of type int
in APPPATH\Views\Admin\books.php on line 108.
 1 APPPATH\Views\Admin\books.php(108): CodeIgniter\Debug\Exceptions->errorHandler(2, 'Trying to access array offset on value of type int', 'APPPATH\\Views\\Admin\\books.php', 108)
 2 SYSTEMPATH\View\View.php(213): include('APPPATH\\Views\\Admin\\books.php')
 3 SYSTEMPATH\View\View.php(216): CodeIgniter\View\View->CodeIgniter\View\{closure}()
 4 SYSTEMPATH\Common.php(1177): CodeIgniter\View\View->render('Admin/books', [], true)
 5 APPPATH\Controllers\BaseController.php(105): view('Admin/books')
 6 APPPATH\Controllers\Admin.php(119): App\Controllers\BaseController->render('books', [...], 'Admin/', 'templates/headerAdmin', 'templates/footerAdmin')
 7 SYSTEMPATH\CodeIgniter.php(934): App\Controllers\Admin->books()
 8 SYSTEMPATH\CodeIgniter.php(499): CodeIgniter\CodeIgniter->runController(Object(App\Controllers\Admin))
 9 SYSTEMPATH\CodeIgniter.php(368): CodeIgniter\CodeIgniter->handleRequest(null, Object(Config\Cache), false)
10 FCPATH\index.php(71): CodeIgniter\CodeIgniter->run()
11 SYSTEMPATH\Commands\Server\rewrite.php(47): require_once('FCPATH\\index.php')
CRITICAL - 2023-05-17 15:11:08 --> Trying to access array offset on value of type int
in APPPATH\Views\Admin\books.php on line 108.
 1 APPPATH\Views\Admin\books.php(108): CodeIgniter\Debug\Exceptions->errorHandler(2, 'Trying to access array offset on value of type int', 'APPPATH\\Views\\Admin\\books.php', 108)
 2 SYSTEMPATH\View\View.php(213): include('APPPATH\\Views\\Admin\\books.php')
 3 SYSTEMPATH\View\View.php(216): CodeIgniter\View\View->CodeIgniter\View\{closure}()
 4 SYSTEMPATH\Common.php(1177): CodeIgniter\View\View->render('Admin/books', [], true)
 5 APPPATH\Controllers\BaseController.php(105): view('Admin/books')
 6 APPPATH\Controllers\Admin.php(119): App\Controllers\BaseController->render('books', [...], 'Admin/', 'templates/headerAdmin', 'templates/footerAdmin')
 7 SYSTEMPATH\CodeIgniter.php(934): App\Controllers\Admin->books()
 8 SYSTEMPATH\CodeIgniter.php(499): CodeIgniter\CodeIgniter->runController(Object(App\Controllers\Admin))
 9 SYSTEMPATH\CodeIgniter.php(368): CodeIgniter\CodeIgniter->handleRequest(null, Object(Config\Cache), false)
10 FCPATH\index.php(71): CodeIgniter\CodeIgniter->run()
11 SYSTEMPATH\Commands\Server\rewrite.php(47): require_once('FCPATH\\index.php')
CRITICAL - 2023-05-17 15:13:19 --> Trying to access array offset on value of type int
in APPPATH\Views\Admin\books.php on line 108.
 1 APPPATH\Views\Admin\books.php(108): CodeIgniter\Debug\Exceptions->errorHandler(2, 'Trying to access array offset on value of type int', 'APPPATH\\Views\\Admin\\books.php', 108)
 2 SYSTEMPATH\View\View.php(213): include('APPPATH\\Views\\Admin\\books.php')
 3 SYSTEMPATH\View\View.php(216): CodeIgniter\View\View->CodeIgniter\View\{closure}()
 4 SYSTEMPATH\Common.php(1177): CodeIgniter\View\View->render('Admin/books', [], true)
 5 APPPATH\Controllers\BaseController.php(105): view('Admin/books')
 6 APPPATH\Controllers\Admin.php(119): App\Controllers\BaseController->render('books', [...], 'Admin/', 'templates/headerAdmin', 'templates/footerAdmin')
 7 SYSTEMPATH\CodeIgniter.php(934): App\Controllers\Admin->books()
 8 SYSTEMPATH\CodeIgniter.php(499): CodeIgniter\CodeIgniter->runController(Object(App\Controllers\Admin))
 9 SYSTEMPATH\CodeIgniter.php(368): CodeIgniter\CodeIgniter->handleRequest(null, Object(Config\Cache), false)
10 FCPATH\index.php(71): CodeIgniter\CodeIgniter->run()
11 SYSTEMPATH\Commands\Server\rewrite.php(47): require_once('FCPATH\\index.php')
CRITICAL - 2023-05-17 15:16:40 --> Trying to access array offset on value of type int
in APPPATH\Views\Admin\books.php on line 111.
 1 APPPATH\Views\Admin\books.php(111): CodeIgniter\Debug\Exceptions->errorHandler(2, 'Trying to access array offset on value of type int', 'APPPATH\\Views\\Admin\\books.php', 111)
 2 SYSTEMPATH\View\View.php(213): include('APPPATH\\Views\\Admin\\books.php')
 3 SYSTEMPATH\View\View.php(216): CodeIgniter\View\View->CodeIgniter\View\{closure}()
 4 SYSTEMPATH\Common.php(1177): CodeIgniter\View\View->render('Admin/books', [], true)
 5 APPPATH\Controllers\BaseController.php(105): view('Admin/books')
 6 APPPATH\Controllers\Admin.php(119): App\Controllers\BaseController->render('books', [...], 'Admin/', 'templates/headerAdmin', 'templates/footerAdmin')
 7 SYSTEMPATH\CodeIgniter.php(934): App\Controllers\Admin->books()
 8 SYSTEMPATH\CodeIgniter.php(499): CodeIgniter\CodeIgniter->runController(Object(App\Controllers\Admin))
 9 SYSTEMPATH\CodeIgniter.php(368): CodeIgniter\CodeIgniter->handleRequest(null, Object(Config\Cache), false)
10 FCPATH\index.php(71): CodeIgniter\CodeIgniter->run()
11 SYSTEMPATH\Commands\Server\rewrite.php(47): require_once('FCPATH\\index.php')
CRITICAL - 2023-05-17 15:18:29 --> Trying to access array offset on value of type int
in APPPATH\Views\Admin\books.php on line 108.
 1 APPPATH\Views\Admin\books.php(108): CodeIgniter\Debug\Exceptions->errorHandler(2, 'Trying to access array offset on value of type int', 'APPPATH\\Views\\Admin\\books.php', 108)
 2 SYSTEMPATH\View\View.php(213): include('APPPATH\\Views\\Admin\\books.php')
 3 SYSTEMPATH\View\View.php(216): CodeIgniter\View\View->CodeIgniter\View\{closure}()
 4 SYSTEMPATH\Common.php(1177): CodeIgniter\View\View->render('Admin/books', [], true)
 5 APPPATH\Controllers\BaseController.php(105): view('Admin/books')
 6 APPPATH\Controllers\Admin.php(119): App\Controllers\BaseController->render('books', [...], 'Admin/', 'templates/headerAdmin', 'templates/footerAdmin')
 7 SYSTEMPATH\CodeIgniter.php(934): App\Controllers\Admin->books()
 8 SYSTEMPATH\CodeIgniter.php(499): CodeIgniter\CodeIgniter->runController(Object(App\Controllers\Admin))
 9 SYSTEMPATH\CodeIgniter.php(368): CodeIgniter\CodeIgniter->handleRequest(null, Object(Config\Cache), false)
10 FCPATH\index.php(71): CodeIgniter\CodeIgniter->run()
11 SYSTEMPATH\Commands\Server\rewrite.php(47): require_once('FCPATH\\index.php')
CRITICAL - 2023-05-17 15:19:30 --> syntax error, unexpected token ";"
in APPPATH\Views\Admin\books.php on line 111.
 1 SYSTEMPATH\View\View.php(216): CodeIgniter\View\View->CodeIgniter\View\{closure}()
 2 SYSTEMPATH\Common.php(1177): CodeIgniter\View\View->render('Admin/books', [], true)
 3 APPPATH\Controllers\BaseController.php(105): view('Admin/books')
 4 APPPATH\Controllers\Admin.php(119): App\Controllers\BaseController->render('books', [...], 'Admin/', 'templates/headerAdmin', 'templates/footerAdmin')
 5 SYSTEMPATH\CodeIgniter.php(934): App\Controllers\Admin->books()
 6 SYSTEMPATH\CodeIgniter.php(499): CodeIgniter\CodeIgniter->runController(Object(App\Controllers\Admin))
 7 SYSTEMPATH\CodeIgniter.php(368): CodeIgniter\CodeIgniter->handleRequest(null, Object(Config\Cache), false)
 8 FCPATH\index.php(71): CodeIgniter\CodeIgniter->run()
 9 SYSTEMPATH\Commands\Server\rewrite.php(47): require_once('FCPATH\\index.php')
CRITICAL - 2023-05-17 15:22:23 --> Undefined property: stdClass::$id_auteur
in APPPATH\Controllers\ApiController.php on line 81.
 1 APPPATH\Controllers\ApiController.php(81): CodeIgniter\Debug\Exceptions->errorHandler(2, 'Undefined property: stdClass::$id_auteur', 'APPPATH\\Controllers\\ApiController.php', 81)
 2 SYSTEMPATH\CodeIgniter.php(934): App\Controllers\ApiController->CreateBook()
 3 SYSTEMPATH\CodeIgniter.php(499): CodeIgniter\CodeIgniter->runController(Object(App\Controllers\ApiController))
 4 SYSTEMPATH\CodeIgniter.php(368): CodeIgniter\CodeIgniter->handleRequest(null, Object(Config\Cache), false)
 5 FCPATH\index.php(71): CodeIgniter\CodeIgniter->run()
 6 SYSTEMPATH\Commands\Server\rewrite.php(47): require_once('FCPATH\\index.php')
CRITICAL - 2023-05-17 15:30:25 --> Undefined property: stdClass::$id_auteur
in APPPATH\Controllers\ApiController.php on line 81.
 1 APPPATH\Controllers\ApiController.php(81): CodeIgniter\Debug\Exceptions->errorHandler(2, 'Undefined property: stdClass::$id_auteur', 'APPPATH\\Controllers\\ApiController.php', 81)
 2 SYSTEMPATH\CodeIgniter.php(934): App\Controllers\ApiController->CreateBook()
 3 SYSTEMPATH\CodeIgniter.php(499): CodeIgniter\CodeIgniter->runController(Object(App\Controllers\ApiController))
 4 SYSTEMPATH\CodeIgniter.php(368): CodeIgniter\CodeIgniter->handleRequest(null, Object(Config\Cache), false)
 5 FCPATH\index.php(71): CodeIgniter\CodeIgniter->run()
 6 SYSTEMPATH\Commands\Server\rewrite.php(47): require_once('FCPATH\\index.php')
CRITICAL - 2023-05-17 15:31:21 --> The action you requested is not allowed.
in SYSTEMPATH\Security\Security.php on line 306.
 1 SYSTEMPATH\Security\Security.php(306): CodeIgniter\Security\Exceptions\SecurityException::forDisallowedAction()
 2 SYSTEMPATH\Filters\CSRF.php(55): CodeIgniter\Security\Security->verify(Object(CodeIgniter\HTTP\IncomingRequest))
 3 SYSTEMPATH\Filters\Filters.php(173): CodeIgniter\Filters\CSRF->before(Object(CodeIgniter\HTTP\IncomingRequest), null)
 4 SYSTEMPATH\CodeIgniter.php(473): CodeIgniter\Filters\Filters->run('api/create/book', 'before')
 5 SYSTEMPATH\CodeIgniter.php(368): CodeIgniter\CodeIgniter->handleRequest(null, Object(Config\Cache), false)
 6 FCPATH\index.php(71): CodeIgniter\CodeIgniter->run()
 7 SYSTEMPATH\Commands\Server\rewrite.php(47): require_once('FCPATH\\index.php')
ERROR - 2023-05-17 15:32:52 --> mysqli_sql_exception: Unknown column 'nb_examplaire' in 'field list' in C:\xampp3\htdocs\BibioMardi\system\Database\MySQLi\Connection.php:295
Stack trace:
#0 C:\xampp3\htdocs\BibioMardi\system\Database\MySQLi\Connection.php(295): mysqli->query('UPDATE `livre` ...', 0)
#1 C:\xampp3\htdocs\BibioMardi\system\Database\BaseConnection.php(691): CodeIgniter\Database\MySQLi\Connection->execute('UPDATE `livre` ...')
#2 C:\xampp3\htdocs\BibioMardi\system\Database\BaseConnection.php(605): CodeIgniter\Database\BaseConnection->simpleQuery('UPDATE `livre` ...')
#3 C:\xampp3\htdocs\BibioMardi\system\Database\BaseBuilder.php(2462): CodeIgniter\Database\BaseConnection->query('UPDATE `livre` ...', Array, false)
#4 C:\xampp3\htdocs\BibioMardi\app\Controllers\ApiController.php(108): CodeIgniter\Database\BaseBuilder->update(Array)
#5 C:\xampp3\htdocs\BibioMardi\system\CodeIgniter.php(934): App\Controllers\ApiController->CreateBook()
#6 C:\xampp3\htdocs\BibioMardi\system\CodeIgniter.php(499): CodeIgniter\CodeIgniter->runController(Object(App\Controllers\ApiController))
#7 C:\xampp3\htdocs\BibioMardi\system\CodeIgniter.php(368): CodeIgniter\CodeIgniter->handleRequest(NULL, Object(Config\Cache), false)
#8 C:\xampp3\htdocs\BibioMardi\public\index.php(71): CodeIgniter\CodeIgniter->run()
#9 C:\xampp3\htdocs\BibioMardi\system\Commands\Server\rewrite.php(47): require_once('C:\\xampp3\\htdoc...')
#10 {main}
CRITICAL - 2023-05-17 15:32:52 --> Unknown column 'nb_examplaire' in 'field list'
in SYSTEMPATH\Database\BaseConnection.php on line 645.
 1 SYSTEMPATH\Database\BaseBuilder.php(2462): CodeIgniter\Database\BaseConnection->query('UPDATE `livre` SET `nb_examplaire` = :nb_examplaire:
WHERE `id_livre` = :id_livre:', [...], false)
 2 APPPATH\Controllers\ApiController.php(108): CodeIgniter\Database\BaseBuilder->update([...])
 3 SYSTEMPATH\CodeIgniter.php(934): App\Controllers\ApiController->CreateBook()
 4 SYSTEMPATH\CodeIgniter.php(499): CodeIgniter\CodeIgniter->runController(Object(App\Controllers\ApiController))
 5 SYSTEMPATH\CodeIgniter.php(368): CodeIgniter\CodeIgniter->handleRequest(null, Object(Config\Cache), false)
 6 FCPATH\index.php(71): CodeIgniter\CodeIgniter->run()
 7 SYSTEMPATH\Commands\Server\rewrite.php(47): require_once('FCPATH\\index.php')
ERROR - 2023-05-17 15:34:51 --> mysqli_sql_exception: Unknown column 'nb_examplaire' in 'field list' in C:\xampp3\htdocs\BibioMardi\system\Database\MySQLi\Connection.php:295
Stack trace:
#0 C:\xampp3\htdocs\BibioMardi\system\Database\MySQLi\Connection.php(295): mysqli->query('UPDATE `livre` ...', 0)
#1 C:\xampp3\htdocs\BibioMardi\system\Database\BaseConnection.php(691): CodeIgniter\Database\MySQLi\Connection->execute('UPDATE `livre` ...')
#2 C:\xampp3\htdocs\BibioMardi\system\Database\BaseConnection.php(605): CodeIgniter\Database\BaseConnection->simpleQuery('UPDATE `livre` ...')
#3 C:\xampp3\htdocs\BibioMardi\system\Database\BaseBuilder.php(2462): CodeIgniter\Database\BaseConnection->query('UPDATE `livre` ...', Array, false)
#4 C:\xampp3\htdocs\BibioMardi\app\Controllers\ApiController.php(108): CodeIgniter\Database\BaseBuilder->update(Array)
#5 C:\xampp3\htdocs\BibioMardi\system\CodeIgniter.php(934): App\Controllers\ApiController->CreateBook()
#6 C:\xampp3\htdocs\BibioMardi\system\CodeIgniter.php(499): CodeIgniter\CodeIgniter->runController(Object(App\Controllers\ApiController))
#7 C:\xampp3\htdocs\BibioMardi\system\CodeIgniter.php(368): CodeIgniter\CodeIgniter->handleRequest(NULL, Object(Config\Cache), false)
#8 C:\xampp3\htdocs\BibioMardi\public\index.php(71): CodeIgniter\CodeIgniter->run()
#9 C:\xampp3\htdocs\BibioMardi\system\Commands\Server\rewrite.php(47): require_once('C:\\xampp3\\htdoc...')
#10 {main}
CRITICAL - 2023-05-17 15:34:51 --> Unknown column 'nb_examplaire' in 'field list'
in SYSTEMPATH\Database\BaseConnection.php on line 645.
 1 SYSTEMPATH\Database\BaseBuilder.php(2462): CodeIgniter\Database\BaseConnection->query('UPDATE `livre` SET `nb_examplaire` = :nb_examplaire:
WHERE `id_livre` = :id_livre:', [...], false)
 2 APPPATH\Controllers\ApiController.php(108): CodeIgniter\Database\BaseBuilder->update([...])
 3 SYSTEMPATH\CodeIgniter.php(934): App\Controllers\ApiController->CreateBook()
 4 SYSTEMPATH\CodeIgniter.php(499): CodeIgniter\CodeIgniter->runController(Object(App\Controllers\ApiController))
 5 SYSTEMPATH\CodeIgniter.php(368): CodeIgniter\CodeIgniter->handleRequest(null, Object(Config\Cache), false)
 6 FCPATH\index.php(71): CodeIgniter\CodeIgniter->run()
 7 SYSTEMPATH\Commands\Server\rewrite.php(47): require_once('FCPATH\\index.php')
CRITICAL - 2023-05-17 15:35:32 --> Undefined array key "nb_examplaire"
in APPPATH\Controllers\ApiController.php on line 108.
 1 APPPATH\Controllers\ApiController.php(108): CodeIgniter\Debug\Exceptions->errorHandler(2, 'Undefined array key "nb_examplaire"', 'APPPATH\\Controllers\\ApiController.php', 108)
 2 SYSTEMPATH\CodeIgniter.php(934): App\Controllers\ApiController->CreateBook()
 3 SYSTEMPATH\CodeIgniter.php(499): CodeIgniter\CodeIgniter->runController(Object(App\Controllers\ApiController))
 4 SYSTEMPATH\CodeIgniter.php(368): CodeIgniter\CodeIgniter->handleRequest(null, Object(Config\Cache), false)
 5 FCPATH\index.php(71): CodeIgniter\CodeIgniter->run()
 6 SYSTEMPATH\Commands\Server\rewrite.php(47): require_once('FCPATH\\index.php')
CRITICAL - 2023-05-17 15:35:51 --> Undefined array key "nb_examplaire"
in APPPATH\Controllers\ApiController.php on line 108.
 1 APPPATH\Controllers\ApiController.php(108): CodeIgniter\Debug\Exceptions->errorHandler(2, 'Undefined array key "nb_examplaire"', 'APPPATH\\Controllers\\ApiController.php', 108)
 2 SYSTEMPATH\CodeIgniter.php(934): App\Controllers\ApiController->CreateBook()
 3 SYSTEMPATH\CodeIgniter.php(499): CodeIgniter\CodeIgniter->runController(Object(App\Controllers\ApiController))
 4 SYSTEMPATH\CodeIgniter.php(368): CodeIgniter\CodeIgniter->handleRequest(null, Object(Config\Cache), false)
 5 FCPATH\index.php(71): CodeIgniter\CodeIgniter->run()
 6 SYSTEMPATH\Commands\Server\rewrite.php(47): require_once('FCPATH\\index.php')
CRITICAL - 2023-05-17 15:38:09 --> Undefined array key "nb_examplaire"
in APPPATH\Controllers\ApiController.php on line 93.
 1 APPPATH\Controllers\ApiController.php(93): CodeIgniter\Debug\Exceptions->errorHandler(2, 'Undefined array key "nb_examplaire"', 'APPPATH\\Controllers\\ApiController.php', 93)
 2 SYSTEMPATH\CodeIgniter.php(934): App\Controllers\ApiController->CreateBook()
 3 SYSTEMPATH\CodeIgniter.php(499): CodeIgniter\CodeIgniter->runController(Object(App\Controllers\ApiController))
 4 SYSTEMPATH\CodeIgniter.php(368): CodeIgniter\CodeIgniter->handleRequest(null, Object(Config\Cache), false)
 5 FCPATH\index.php(71): CodeIgniter\CodeIgniter->run()
 6 SYSTEMPATH\Commands\Server\rewrite.php(47): require_once('FCPATH\\index.php')
ERROR - 2023-05-17 15:38:58 --> mysqli_sql_exception: Column 'langue' cannot be null in C:\xampp3\htdocs\BibioMardi\system\Database\MySQLi\Connection.php:295
Stack trace:
#0 C:\xampp3\htdocs\BibioMardi\system\Database\MySQLi\Connection.php(295): mysqli->query('INSERT INTO `li...', 0)
#1 C:\xampp3\htdocs\BibioMardi\system\Database\BaseConnection.php(691): CodeIgniter\Database\MySQLi\Connection->execute('INSERT INTO `li...')
#2 C:\xampp3\htdocs\BibioMardi\system\Database\BaseConnection.php(605): CodeIgniter\Database\BaseConnection->simpleQuery('INSERT INTO `li...')
#3 C:\xampp3\htdocs\BibioMardi\system\Database\BaseBuilder.php(2295): CodeIgniter\Database\BaseConnection->query('INSERT INTO `li...', Array, false)
#4 C:\xampp3\htdocs\BibioMardi\system\Model.php(329): CodeIgniter\Database\BaseBuilder->insert()
#5 C:\xampp3\htdocs\BibioMardi\system\BaseModel.php(782): CodeIgniter\Model->doInsert(Array)
#6 C:\xampp3\htdocs\BibioMardi\system\Model.php(729): CodeIgniter\BaseModel->insert(Array, false)
#7 C:\xampp3\htdocs\BibioMardi\system\BaseModel.php(692): CodeIgniter\Model->insert(Array, false)
#8 C:\xampp3\htdocs\BibioMardi\app\Controllers\ApiController.php(91): CodeIgniter\BaseModel->save(Array)
#9 C:\xampp3\htdocs\BibioMardi\system\CodeIgniter.php(934): App\Controllers\ApiController->CreateBook()
#10 C:\xampp3\htdocs\BibioMardi\system\CodeIgniter.php(499): CodeIgniter\CodeIgniter->runController(Object(App\Controllers\ApiController))
#11 C:\xampp3\htdocs\BibioMardi\system\CodeIgniter.php(368): CodeIgniter\CodeIgniter->handleRequest(NULL, Object(Config\Cache), false)
#12 C:\xampp3\htdocs\BibioMardi\public\index.php(71): CodeIgniter\CodeIgniter->run()
#13 C:\xampp3\htdocs\BibioMardi\system\Commands\Server\rewrite.php(47): require_once('C:\\xampp3\\htdoc...')
#14 {main}
CRITICAL - 2023-05-17 15:38:58 --> Column 'langue' cannot be null
in SYSTEMPATH\Database\BaseConnection.php on line 645.
 1 SYSTEMPATH\Database\BaseBuilder.php(2295): CodeIgniter\Database\BaseConnection->query('INSERT INTO `livre` (`nom`, `date_publication`, `nb_exemplaire`, `langue`, `id_categorie`, `resume`) VALUES (:nom:, :date_publication:, :nb_exemplaire:, :langue:, :id_categorie:, :resume:)', [...], false)
 2 SYSTEMPATH\Model.php(329): CodeIgniter\Database\BaseBuilder->insert()
 3 SYSTEMPATH\BaseModel.php(782): CodeIgniter\Model->doInsert([...])
 4 SYSTEMPATH\Model.php(729): CodeIgniter\BaseModel->insert([...], false)
 5 SYSTEMPATH\BaseModel.php(692): CodeIgniter\Model->insert([...], false)
 6 APPPATH\Controllers\ApiController.php(91): CodeIgniter\BaseModel->save([...])
 7 SYSTEMPATH\CodeIgniter.php(934): App\Controllers\ApiController->CreateBook()
 8 SYSTEMPATH\CodeIgniter.php(499): CodeIgniter\CodeIgniter->runController(Object(App\Controllers\ApiController))
 9 SYSTEMPATH\CodeIgniter.php(368): CodeIgniter\CodeIgniter->handleRequest(null, Object(Config\Cache), false)
10 FCPATH\index.php(71): CodeIgniter\CodeIgniter->run()
11 SYSTEMPATH\Commands\Server\rewrite.php(47): require_once('FCPATH\\index.php')
CRITICAL - 2023-05-17 15:42:31 --> Call to undefined function link_tag()
in APPPATH\Views\templates\headerAdmin.php on line 8.
 1 SYSTEMPATH\View\View.php(213): include()
 2 SYSTEMPATH\View\View.php(216): CodeIgniter\View\View->CodeIgniter\View\{closure}()
 3 SYSTEMPATH\Common.php(1177): CodeIgniter\View\View->render('templates/headerAdmin', [], true)
 4 APPPATH\Controllers\BaseController.php(104): view('templates/headerAdmin', [...])
 5 APPPATH\Controllers\ApiController.php(120): App\Controllers\BaseController->render('books', [...], 'Admin/', 'templates/headerAdmin', 'templates/footerAdmin')
 6 SYSTEMPATH\CodeIgniter.php(934): App\Controllers\ApiController->CreateBook()
 7 SYSTEMPATH\CodeIgniter.php(499): CodeIgniter\CodeIgniter->runController(Object(App\Controllers\ApiController))
 8 SYSTEMPATH\CodeIgniter.php(368): CodeIgniter\CodeIgniter->handleRequest(null, Object(Config\Cache), false)
 9 FCPATH\index.php(71): CodeIgniter\CodeIgniter->run()
10 SYSTEMPATH\Commands\Server\rewrite.php(47): require_once('FCPATH\\index.php')
CRITICAL - 2023-05-17 16:07:19 --> Undefined array key "available"
in APPPATH\Views\Admin\books.php on line 121.
 1 APPPATH\Views\Admin\books.php(121): CodeIgniter\Debug\Exceptions->errorHandler(2, 'Undefined array key "available"', 'APPPATH\\Views\\Admin\\books.php', 121)
 2 SYSTEMPATH\View\View.php(213): include('APPPATH\\Views\\Admin\\books.php')
 3 SYSTEMPATH\View\View.php(216): CodeIgniter\View\View->CodeIgniter\View\{closure}()
 4 SYSTEMPATH\Common.php(1177): CodeIgniter\View\View->render('Admin/books', [], true)
 5 APPPATH\Controllers\BaseController.php(105): view('Admin/books')
 6 APPPATH\Controllers\Admin.php(123): App\Controllers\BaseController->render('books', [...], 'Admin/', 'templates/headerAdmin', 'templates/footerAdmin')
 7 SYSTEMPATH\CodeIgniter.php(934): App\Controllers\Admin->books()
 8 SYSTEMPATH\CodeIgniter.php(499): CodeIgniter\CodeIgniter->runController(Object(App\Controllers\Admin))
 9 SYSTEMPATH\CodeIgniter.php(368): CodeIgniter\CodeIgniter->handleRequest(null, Object(Config\Cache), false)
10 FCPATH\index.php(71): CodeIgniter\CodeIgniter->run()
11 SYSTEMPATH\Commands\Server\rewrite.php(47): require_once('FCPATH\\index.php')
CRITICAL - 2023-05-17 16:09:32 --> Undefined property: stdClass::$id_auteur
in APPPATH\Controllers\Admin.php on line 203.
 1 APPPATH\Controllers\Admin.php(203): CodeIgniter\Debug\Exceptions->errorHandler(2, 'Undefined property: stdClass::$id_auteur', 'APPPATH\\Controllers\\Admin.php', 203)
 2 SYSTEMPATH\CodeIgniter.php(934): App\Controllers\Admin->CreateBook()
 3 SYSTEMPATH\CodeIgniter.php(499): CodeIgniter\CodeIgniter->runController(Object(App\Controllers\Admin))
 4 SYSTEMPATH\CodeIgniter.php(368): CodeIgniter\CodeIgniter->handleRequest(null, Object(Config\Cache), false)
 5 FCPATH\index.php(71): CodeIgniter\CodeIgniter->run()
 6 SYSTEMPATH\Commands\Server\rewrite.php(47): require_once('FCPATH\\index.php')
CRITICAL - 2023-05-17 19:10:14 --> The action you requested is not allowed.
in SYSTEMPATH\Security\Security.php on line 306.
 1 SYSTEMPATH\Security\Security.php(306): CodeIgniter\Security\Exceptions\SecurityException::forDisallowedAction()
 2 SYSTEMPATH\Filters\CSRF.php(55): CodeIgniter\Security\Security->verify(Object(CodeIgniter\HTTP\IncomingRequest))
 3 SYSTEMPATH\Filters\Filters.php(173): CodeIgniter\Filters\CSRF->before(Object(CodeIgniter\HTTP\IncomingRequest), null)
 4 SYSTEMPATH\CodeIgniter.php(473): CodeIgniter\Filters\Filters->run('login', 'before')
 5 SYSTEMPATH\CodeIgniter.php(368): CodeIgniter\CodeIgniter->handleRequest(null, Object(Config\Cache), false)
 6 FCPATH\index.php(71): CodeIgniter\CodeIgniter->run()
 7 SYSTEMPATH\Commands\Server\rewrite.php(47): require_once('FCPATH\\index.php')
