CRITICAL - 2023-01-24 09:10:00 --> The namespace delimiter is a backslash (\), not a slash (/). Route handler: "\App\Controllers\public/Home::index"
in SYSTEMPATH\Router\Router.php on line 473.
 1 SYSTEMPATH\Router\Router.php(473): CodeIgniter\Router\Exceptions\RouterException::forInvalidControllerName('\\App\\Controllers\\public/Home::index')
 2 SYSTEMPATH\Router\Router.php(181): CodeIgniter\Router\Router->checkRoutes('C:\\')
 3 SYSTEMPATH\CodeIgniter.php(815): CodeIgniter\Router\Router->handle('C:\\')
 4 SYSTEMPATH\CodeIgniter.php(449): CodeIgniter\CodeIgniter->tryToRouteIt(Object(CodeIgniter\Router\RouteCollection))
 5 SYSTEMPATH\CodeIgniter.php(368): CodeIgniter\CodeIgniter->handleRequest(null, Object(Config\Cache), false)
 6 FCPATH\index.php(71): CodeIgniter\CodeIgniter->run()
CRITICAL - 2023-01-24 13:24:57 --> Invalid file: "news/view.php"
in SYSTEMPATH\Exceptions\FrameworkException.php on line 33.
 1 SYSTEMPATH\View\View.php(201): CodeIgniter\Exceptions\FrameworkException::forInvalidFile('news/view.php')
 2 SYSTEMPATH\Common.php(1177): CodeIgniter\View\View->render('news/view', [], true)
 3 APPPATH\Controllers\News.php(36): view('news/view')
 4 SYSTEMPATH\CodeIgniter.php(934): App\Controllers\News->view('elvis-sighted')
 5 SYSTEMPATH\CodeIgniter.php(499): CodeIgniter\CodeIgniter->runController(Object(App\Controllers\News))
 6 SYSTEMPATH\CodeIgniter.php(368): CodeIgniter\CodeIgniter->handleRequest(null, Object(Config\Cache), false)
 7 FCPATH\index.php(71): CodeIgniter\CodeIgniter->run()
 8 SYSTEMPATH\Commands\Server\rewrite.php(47): require_once('FCPATH\\index.php')
CRITICAL - 2023-01-24 13:28:54 --> Invalid file: "news/view.php"
in SYSTEMPATH\Exceptions\FrameworkException.php on line 33.
 1 SYSTEMPATH\View\View.php(201): CodeIgniter\Exceptions\FrameworkException::forInvalidFile('news/view.php')
 2 SYSTEMPATH\Common.php(1177): CodeIgniter\View\View->render('news/view', [], true)
 3 APPPATH\Controllers\News.php(36): view('news/view')
 4 SYSTEMPATH\CodeIgniter.php(934): App\Controllers\News->view('elvis-sighted')
 5 SYSTEMPATH\CodeIgniter.php(499): CodeIgniter\CodeIgniter->runController(Object(App\Controllers\News))
 6 SYSTEMPATH\CodeIgniter.php(368): CodeIgniter\CodeIgniter->handleRequest(null, Object(Config\Cache), false)
 7 FCPATH\index.php(71): CodeIgniter\CodeIgniter->run()
 8 SYSTEMPATH\Commands\Server\rewrite.php(47): require_once('FCPATH\\index.php')
CRITICAL - 2023-01-24 13:38:02 --> Invalid file: "news/view.php"
in SYSTEMPATH\Exceptions\FrameworkException.php on line 33.
 1 SYSTEMPATH\View\View.php(201): CodeIgniter\Exceptions\FrameworkException::forInvalidFile('news/view.php')
 2 SYSTEMPATH\Common.php(1177): CodeIgniter\View\View->render('news/view', [], true)
 3 APPPATH\Controllers\News.php(36): view('news/view')
 4 SYSTEMPATH\CodeIgniter.php(934): App\Controllers\News->view('elvis-sighted', 'elvis-sighted')
 5 SYSTEMPATH\CodeIgniter.php(499): CodeIgniter\CodeIgniter->runController(Object(App\Controllers\News))
 6 SYSTEMPATH\CodeIgniter.php(368): CodeIgniter\CodeIgniter->handleRequest(null, Object(Config\Cache), false)
 7 FCPATH\index.php(71): CodeIgniter\CodeIgniter->run()
 8 SYSTEMPATH\Commands\Server\rewrite.php(47): require_once('FCPATH\\index.php')
CRITICAL - 2023-01-24 13:44:16 --> Invalid file: "news/view.php"
in SYSTEMPATH\Exceptions\FrameworkException.php on line 33.
 1 SYSTEMPATH\View\View.php(201): CodeIgniter\Exceptions\FrameworkException::forInvalidFile('news/view.php')
 2 SYSTEMPATH\Common.php(1177): CodeIgniter\View\View->render('news/view', [], true)
 3 APPPATH\Controllers\News.php(36): view('news/view')
 4 SYSTEMPATH\CodeIgniter.php(934): App\Controllers\News->view('elvis-sighted')
 5 SYSTEMPATH\CodeIgniter.php(499): CodeIgniter\CodeIgniter->runController(Object(App\Controllers\News))
 6 SYSTEMPATH\CodeIgniter.php(368): CodeIgniter\CodeIgniter->handleRequest(null, Object(Config\Cache), false)
 7 FCPATH\index.php(71): CodeIgniter\CodeIgniter->run()
 8 SYSTEMPATH\Commands\Server\rewrite.php(47): require_once('FCPATH\\index.php')
CRITICAL - 2023-01-24 14:15:07 --> Invalid file: "news/view.php"
in SYSTEMPATH\Exceptions\FrameworkException.php on line 33.
 1 SYSTEMPATH\View\View.php(201): CodeIgniter\Exceptions\FrameworkException::forInvalidFile('news/view.php')
 2 SYSTEMPATH\Common.php(1177): CodeIgniter\View\View->render('news/view', [], true)
 3 APPPATH\Controllers\News.php(36): view('news/view')
 4 SYSTEMPATH\CodeIgniter.php(934): App\Controllers\News->view('caffeination-yes', 'caffeination-yes')
 5 SYSTEMPATH\CodeIgniter.php(499): CodeIgniter\CodeIgniter->runController(Object(App\Controllers\News))
 6 SYSTEMPATH\CodeIgniter.php(368): CodeIgniter\CodeIgniter->handleRequest(null, Object(Config\Cache), false)
 7 FCPATH\index.php(71): CodeIgniter\CodeIgniter->run()
 8 SYSTEMPATH\Commands\Server\rewrite.php(47): require_once('FCPATH\\index.php')
CRITICAL - 2023-01-24 14:16:34 --> Illegal string offset 'title'
in APPPATH\Views\news\index.php on line 8.
 1 APPPATH\Views\news\index.php(8): CodeIgniter\Debug\Exceptions->errorHandler(2, 'Illegal string offset \'title\'', 'APPPATH\\Views\\news\\index.php', 8, [...])
 2 SYSTEMPATH\View\View.php(213): include('APPPATH\\Views\\news\\index.php')
 3 SYSTEMPATH\View\View.php(216): CodeIgniter\View\View->CodeIgniter\View\{closure}()
 4 SYSTEMPATH\Common.php(1177): CodeIgniter\View\View->render('news/index', [], true)
 5 APPPATH\Controllers\News.php(36): view('news/index')
 6 SYSTEMPATH\CodeIgniter.php(934): App\Controllers\News->view('caffeination-yes', 'caffeination-yes')
 7 SYSTEMPATH\CodeIgniter.php(499): CodeIgniter\CodeIgniter->runController(Object(App\Controllers\News))
 8 SYSTEMPATH\CodeIgniter.php(368): CodeIgniter\CodeIgniter->handleRequest(null, Object(Config\Cache), false)
 9 FCPATH\index.php(71): CodeIgniter\CodeIgniter->run()
10 SYSTEMPATH\Commands\Server\rewrite.php(47): require_once('FCPATH\\index.php')
CRITICAL - 2023-01-24 14:16:36 --> Illegal string offset 'title'
in APPPATH\Views\news\index.php on line 8.
 1 APPPATH\Views\news\index.php(8): CodeIgniter\Debug\Exceptions->errorHandler(2, 'Illegal string offset \'title\'', 'APPPATH\\Views\\news\\index.php', 8, [...])
 2 SYSTEMPATH\View\View.php(213): include('APPPATH\\Views\\news\\index.php')
 3 SYSTEMPATH\View\View.php(216): CodeIgniter\View\View->CodeIgniter\View\{closure}()
 4 SYSTEMPATH\Common.php(1177): CodeIgniter\View\View->render('news/index', [], true)
 5 APPPATH\Controllers\News.php(36): view('news/index')
 6 SYSTEMPATH\CodeIgniter.php(934): App\Controllers\News->view('caffeination-yes', 'caffeination-yes')
 7 SYSTEMPATH\CodeIgniter.php(499): CodeIgniter\CodeIgniter->runController(Object(App\Controllers\News))
 8 SYSTEMPATH\CodeIgniter.php(368): CodeIgniter\CodeIgniter->handleRequest(null, Object(Config\Cache), false)
 9 FCPATH\index.php(71): CodeIgniter\CodeIgniter->run()
10 SYSTEMPATH\Commands\Server\rewrite.php(47): require_once('FCPATH\\index.php')
CRITICAL - 2023-01-24 14:16:45 --> Illegal string offset 'title'
in APPPATH\Views\news\index.php on line 8.
 1 APPPATH\Views\news\index.php(8): CodeIgniter\Debug\Exceptions->errorHandler(2, 'Illegal string offset \'title\'', 'APPPATH\\Views\\news\\index.php', 8, [...])
 2 SYSTEMPATH\View\View.php(213): include('APPPATH\\Views\\news\\index.php')
 3 SYSTEMPATH\View\View.php(216): CodeIgniter\View\View->CodeIgniter\View\{closure}()
 4 SYSTEMPATH\Common.php(1177): CodeIgniter\View\View->render('news/index', [], true)
 5 APPPATH\Controllers\News.php(36): view('news/index')
 6 SYSTEMPATH\CodeIgniter.php(934): App\Controllers\News->view('caffeination-yes', 'caffeination-yes')
 7 SYSTEMPATH\CodeIgniter.php(499): CodeIgniter\CodeIgniter->runController(Object(App\Controllers\News))
 8 SYSTEMPATH\CodeIgniter.php(368): CodeIgniter\CodeIgniter->handleRequest(null, Object(Config\Cache), false)
 9 FCPATH\index.php(71): CodeIgniter\CodeIgniter->run()
10 SYSTEMPATH\Commands\Server\rewrite.php(47): require_once('FCPATH\\index.php')
CRITICAL - 2023-01-24 14:16:58 --> Illegal string offset 'title'
in APPPATH\Views\news\index.php on line 8.
 1 APPPATH\Views\news\index.php(8): CodeIgniter\Debug\Exceptions->errorHandler(2, 'Illegal string offset \'title\'', 'APPPATH\\Views\\news\\index.php', 8, [...])
 2 SYSTEMPATH\View\View.php(213): include('APPPATH\\Views\\news\\index.php')
 3 SYSTEMPATH\View\View.php(216): CodeIgniter\View\View->CodeIgniter\View\{closure}()
 4 SYSTEMPATH\Common.php(1177): CodeIgniter\View\View->render('news/index', [], true)
 5 APPPATH\Controllers\News.php(36): view('news/index')
 6 SYSTEMPATH\CodeIgniter.php(934): App\Controllers\News->view('say-it-isnt-so', 'say-it-isnt-so')
 7 SYSTEMPATH\CodeIgniter.php(499): CodeIgniter\CodeIgniter->runController(Object(App\Controllers\News))
 8 SYSTEMPATH\CodeIgniter.php(368): CodeIgniter\CodeIgniter->handleRequest(null, Object(Config\Cache), false)
 9 FCPATH\index.php(71): CodeIgniter\CodeIgniter->run()
10 SYSTEMPATH\Commands\Server\rewrite.php(47): require_once('FCPATH\\index.php')
CRITICAL - 2023-01-24 14:34:21 --> Invalid file: "home.php"
in SYSTEMPATH\Exceptions\FrameworkException.php on line 33.
 1 SYSTEMPATH\View\View.php(201): CodeIgniter\Exceptions\FrameworkException::forInvalidFile('home.php')
 2 SYSTEMPATH\Common.php(1177): CodeIgniter\View\View->render('home', [], true)
 3 APPPATH\Controllers\Pages.php(13): view('home')
 4 SYSTEMPATH\CodeIgniter.php(934): App\Controllers\Pages->index()
 5 SYSTEMPATH\CodeIgniter.php(499): CodeIgniter\CodeIgniter->runController(Object(App\Controllers\Pages))
 6 SYSTEMPATH\CodeIgniter.php(368): CodeIgniter\CodeIgniter->handleRequest(null, Object(Config\Cache), false)
 7 FCPATH\index.php(71): CodeIgniter\CodeIgniter->run()
 8 SYSTEMPATH\Commands\Server\rewrite.php(47): require_once('FCPATH\\index.php')
CRITICAL - 2023-01-24 14:34:26 --> Invalid file: "home.php"
in SYSTEMPATH\Exceptions\FrameworkException.php on line 33.
 1 SYSTEMPATH\View\View.php(201): CodeIgniter\Exceptions\FrameworkException::forInvalidFile('home.php')
 2 SYSTEMPATH\Common.php(1177): CodeIgniter\View\View->render('home', [], true)
 3 APPPATH\Controllers\Pages.php(13): view('home')
 4 SYSTEMPATH\CodeIgniter.php(934): App\Controllers\Pages->index()
 5 SYSTEMPATH\CodeIgniter.php(499): CodeIgniter\CodeIgniter->runController(Object(App\Controllers\Pages))
 6 SYSTEMPATH\CodeIgniter.php(368): CodeIgniter\CodeIgniter->handleRequest(null, Object(Config\Cache), false)
 7 FCPATH\index.php(71): CodeIgniter\CodeIgniter->run()
 8 SYSTEMPATH\Commands\Server\rewrite.php(47): require_once('FCPATH\\index.php')
CRITICAL - 2023-01-24 15:33:25 --> The action you requested is not allowed.
in SYSTEMPATH\Security\Security.php on line 306.
 1 SYSTEMPATH\Security\Security.php(306): CodeIgniter\Security\Exceptions\SecurityException::forDisallowedAction()
 2 SYSTEMPATH\Filters\CSRF.php(55): CodeIgniter\Security\Security->verify(Object(CodeIgniter\HTTP\IncomingRequest))
 3 SYSTEMPATH\Filters\Filters.php(173): CodeIgniter\Filters\CSRF->before(Object(CodeIgniter\HTTP\IncomingRequest), null)
 4 SYSTEMPATH\CodeIgniter.php(473): CodeIgniter\Filters\Filters->run('news/create', 'before')
 5 SYSTEMPATH\CodeIgniter.php(368): CodeIgniter\CodeIgniter->handleRequest(null, Object(Config\Cache), false)
 6 FCPATH\index.php(71): CodeIgniter\CodeIgniter->run()
 7 SYSTEMPATH\Commands\Server\rewrite.php(47): require_once('FCPATH\\index.php')
