CRITICAL - 2023-05-16 19:27:54 --> foreach() argument must be of type array|object, null given
in APPPATH\Views\Admin\books.php on line 106.
 1 APPPATH\Views\Admin\books.php(106): CodeIgniter\Debug\Exceptions->errorHandler(2, 'foreach() argument must be of type array|object, null given', 'APPPATH\\Views\\Admin\\books.php', 106)
 2 SYSTEMPATH\View\View.php(213): include('APPPATH\\Views\\Admin\\books.php')
 3 SYSTEMPATH\View\View.php(216): CodeIgniter\View\View->CodeIgniter\View\{closure}()
 4 SYSTEMPATH\Common.php(1177): CodeIgniter\View\View->render('Admin/books', [], true)
 5 APPPATH\Controllers\BaseController.php(98): view('Admin/books')
 6 APPPATH\Controllers\Admin.php(119): App\Controllers\BaseController->render('books', [...], 'Admin/', 'templates/headerAdmin', 'templates/footerAdmin')
 7 SYSTEMPATH\CodeIgniter.php(934): App\Controllers\Admin->books()
 8 SYSTEMPATH\CodeIgniter.php(499): CodeIgniter\CodeIgniter->runController(Object(App\Controllers\Admin))
 9 SYSTEMPATH\CodeIgniter.php(368): CodeIgniter\CodeIgniter->handleRequest(null, Object(Config\Cache), false)
10 FCPATH\index.php(71): CodeIgniter\CodeIgniter->run()
11 SYSTEMPATH\Commands\Server\rewrite.php(47): require_once('FCPATH\\index.php')
CRITICAL - 2023-05-16 23:02:09 --> 20 is not a valid HTTP return status code
in SYSTEMPATH\HTTP\ResponseTrait.php on line 157.
 1 SYSTEMPATH\HTTP\ResponseTrait.php(157): CodeIgniter\HTTP\Exceptions\HTTPException::forInvalidStatusCode(20)
 2 APPPATH\Controllers\ApiController.php(31): CodeIgniter\HTTP\Response->setStatusCode(20)
 3 SYSTEMPATH\CodeIgniter.php(934): App\Controllers\ApiController->CreateBook()
 4 SYSTEMPATH\CodeIgniter.php(499): CodeIgniter\CodeIgniter->runController(Object(App\Controllers\ApiController))
 5 SYSTEMPATH\CodeIgniter.php(368): CodeIgniter\CodeIgniter->handleRequest(null, Object(Config\Cache), false)
 6 FCPATH\index.php(71): CodeIgniter\CodeIgniter->run()
 7 SYSTEMPATH\Commands\Server\rewrite.php(47): require_once('FCPATH\\index.php')
CRITICAL - 2023-05-16 23:22:03 --> 20 is not a valid HTTP return status code
in SYSTEMPATH\HTTP\ResponseTrait.php on line 157.
 1 SYSTEMPATH\HTTP\ResponseTrait.php(157): CodeIgniter\HTTP\Exceptions\HTTPException::forInvalidStatusCode(20)
 2 APPPATH\Controllers\ApiController.php(31): CodeIgniter\HTTP\Response->setStatusCode(20)
 3 SYSTEMPATH\CodeIgniter.php(934): App\Controllers\ApiController->CreateBook()
 4 SYSTEMPATH\CodeIgniter.php(499): CodeIgniter\CodeIgniter->runController(Object(App\Controllers\ApiController))
 5 SYSTEMPATH\CodeIgniter.php(368): CodeIgniter\CodeIgniter->handleRequest(null, Object(Config\Cache), false)
 6 FCPATH\index.php(71): CodeIgniter\CodeIgniter->run()
 7 SYSTEMPATH\Commands\Server\rewrite.php(47): require_once('FCPATH\\index.php')
CRITICAL - 2023-05-16 23:30:54 --> The action you requested is not allowed.
in SYSTEMPATH\Security\Security.php on line 306.
 1 SYSTEMPATH\Security\Security.php(306): CodeIgniter\Security\Exceptions\SecurityException::forDisallowedAction()
 2 SYSTEMPATH\Filters\CSRF.php(55): CodeIgniter\Security\Security->verify(Object(CodeIgniter\HTTP\IncomingRequest))
 3 SYSTEMPATH\Filters\Filters.php(173): CodeIgniter\Filters\CSRF->before(Object(CodeIgniter\HTTP\IncomingRequest), null)
 4 SYSTEMPATH\CodeIgniter.php(473): CodeIgniter\Filters\Filters->run('api/create/book', 'before')
 5 SYSTEMPATH\CodeIgniter.php(368): CodeIgniter\CodeIgniter->handleRequest(null, Object(Config\Cache), false)
 6 FCPATH\index.php(71): CodeIgniter\CodeIgniter->run()
 7 SYSTEMPATH\Commands\Server\rewrite.php(47): require_once('FCPATH\\index.php')
CRITICAL - 2023-05-16 23:41:13 --> The action you requested is not allowed.
in SYSTEMPATH\Security\Security.php on line 306.
 1 SYSTEMPATH\Security\Security.php(306): CodeIgniter\Security\Exceptions\SecurityException::forDisallowedAction()
 2 SYSTEMPATH\Filters\CSRF.php(55): CodeIgniter\Security\Security->verify(Object(CodeIgniter\HTTP\IncomingRequest))
 3 SYSTEMPATH\Filters\Filters.php(173): CodeIgniter\Filters\CSRF->before(Object(CodeIgniter\HTTP\IncomingRequest), null)
 4 SYSTEMPATH\CodeIgniter.php(473): CodeIgniter\Filters\Filters->run('api/create/book', 'before')
 5 SYSTEMPATH\CodeIgniter.php(368): CodeIgniter\CodeIgniter->handleRequest(null, Object(Config\Cache), false)
 6 FCPATH\index.php(71): CodeIgniter\CodeIgniter->run()
 7 SYSTEMPATH\Commands\Server\rewrite.php(47): require_once('FCPATH\\index.php')
