CRITICAL - 2023-04-21 08:07:54 --> Too few arguments to function App\Controllers\ApiController::RegistrationPerMonth(), 0 passed in C:\xampp3\htdocs\BibioMardi\system\CodeIgniter.php on line 934 and exactly 1 expected
in APPPATH\Controllers\ApiController.php on line 12.
 1 SYSTEMPATH\CodeIgniter.php(934): App\Controllers\ApiController->RegistrationPerMonth()
 2 SYSTEMPATH\CodeIgniter.php(499): CodeIgniter\CodeIgniter->runController(Object(App\Controllers\ApiController))
 3 SYSTEMPATH\CodeIgniter.php(368): CodeIgniter\CodeIgniter->handleRequest(null, Object(Config\Cache), false)
 4 FCPATH\index.php(71): CodeIgniter\CodeIgniter->run()
 5 SYSTEMPATH\Commands\Server\rewrite.php(47): require_once('FCPATH\\index.php')
CRITICAL - 2023-04-21 08:11:21 --> Undefined array key "REQUEST_METHOD"
in APPPATH\Controllers\ApiController.php on line 23.
 1 APPPATH\Controllers\ApiController.php(23): CodeIgniter\Debug\Exceptions->errorHandler(2, 'Undefined array key "REQUEST_METHOD"', 'APPPATH\\Controllers\\ApiController.php', 23)
 2 SYSTEMPATH\CodeIgniter.php(934): App\Controllers\ApiController->RegistrationPerMonth('a')
 3 SYSTEMPATH\CodeIgniter.php(499): CodeIgniter\CodeIgniter->runController(Object(App\Controllers\ApiController))
 4 SYSTEMPATH\CodeIgniter.php(368): CodeIgniter\CodeIgniter->handleRequest(null, Object(Config\Cache), false)
 5 FCPATH\index.php(71): CodeIgniter\CodeIgniter->run()
 6 SYSTEMPATH\Commands\Server\rewrite.php(47): require_once('FCPATH\\index.php')
CRITICAL - 2023-04-21 08:11:58 --> Undefined array key "REQUEST_METHOD"
in APPPATH\Controllers\ApiController.php on line 23.
 1 APPPATH\Controllers\ApiController.php(23): CodeIgniter\Debug\Exceptions->errorHandler(2, 'Undefined array key "REQUEST_METHOD"', 'APPPATH\\Controllers\\ApiController.php', 23)
 2 SYSTEMPATH\CodeIgniter.php(934): App\Controllers\ApiController->RegistrationPerMonth('a')
 3 SYSTEMPATH\CodeIgniter.php(499): CodeIgniter\CodeIgniter->runController(Object(App\Controllers\ApiController))
 4 SYSTEMPATH\CodeIgniter.php(368): CodeIgniter\CodeIgniter->handleRequest(null, Object(Config\Cache), false)
 5 FCPATH\index.php(71): CodeIgniter\CodeIgniter->run()
 6 SYSTEMPATH\Commands\Server\rewrite.php(47): require_once('FCPATH\\index.php')
CRITICAL - 2023-04-21 08:15:50 --> Undefined array key "REQUEST_METHOD"
in APPPATH\Controllers\ApiController.php on line 23.
 1 APPPATH\Controllers\ApiController.php(23): CodeIgniter\Debug\Exceptions->errorHandler(2, 'Undefined array key "REQUEST_METHOD"', 'APPPATH\\Controllers\\ApiController.php', 23)
 2 SYSTEMPATH\CodeIgniter.php(934): App\Controllers\ApiController->RegistrationPerMonth('a')
 3 SYSTEMPATH\CodeIgniter.php(499): CodeIgniter\CodeIgniter->runController(Object(App\Controllers\ApiController))
 4 SYSTEMPATH\CodeIgniter.php(368): CodeIgniter\CodeIgniter->handleRequest(null, Object(Config\Cache), false)
 5 FCPATH\index.php(71): CodeIgniter\CodeIgniter->run()
 6 SYSTEMPATH\Commands\Server\rewrite.php(47): require_once('FCPATH\\index.php')
CRITICAL - 2023-04-21 08:16:13 --> Undefined array key "REQUEST_METHOD"
in APPPATH\Controllers\ApiController.php on line 23.
 1 APPPATH\Controllers\ApiController.php(23): CodeIgniter\Debug\Exceptions->errorHandler(2, 'Undefined array key "REQUEST_METHOD"', 'APPPATH\\Controllers\\ApiController.php', 23)
 2 SYSTEMPATH\CodeIgniter.php(934): App\Controllers\ApiController->RegistrationPerMonth('a')
 3 SYSTEMPATH\CodeIgniter.php(499): CodeIgniter\CodeIgniter->runController(Object(App\Controllers\ApiController))
 4 SYSTEMPATH\CodeIgniter.php(368): CodeIgniter\CodeIgniter->handleRequest(null, Object(Config\Cache), false)
 5 FCPATH\index.php(71): CodeIgniter\CodeIgniter->run()
 6 SYSTEMPATH\Commands\Server\rewrite.php(47): require_once('FCPATH\\index.php')
CRITICAL - 2023-04-21 08:18:59 --> Undefined array key "REQUEST_METHOD"
in APPPATH\Controllers\ApiController.php on line 23.
 1 APPPATH\Controllers\ApiController.php(23): CodeIgniter\Debug\Exceptions->errorHandler(2, 'Undefined array key "REQUEST_METHOD"', 'APPPATH\\Controllers\\ApiController.php', 23)
 2 SYSTEMPATH\CodeIgniter.php(934): App\Controllers\ApiController->RegistrationPerMonth('a')
 3 SYSTEMPATH\CodeIgniter.php(499): CodeIgniter\CodeIgniter->runController(Object(App\Controllers\ApiController))
 4 SYSTEMPATH\CodeIgniter.php(368): CodeIgniter\CodeIgniter->handleRequest(null, Object(Config\Cache), false)
 5 FCPATH\index.php(71): CodeIgniter\CodeIgniter->run()
 6 SYSTEMPATH\Commands\Server\rewrite.php(47): require_once('FCPATH\\index.php')
CRITICAL - 2023-04-21 08:20:57 --> Undefined array key "REQUEST_METHOD"
in APPPATH\Controllers\ApiController.php on line 23.
 1 APPPATH\Controllers\ApiController.php(23): CodeIgniter\Debug\Exceptions->errorHandler(2, 'Undefined array key "REQUEST_METHOD"', 'APPPATH\\Controllers\\ApiController.php', 23)
 2 SYSTEMPATH\CodeIgniter.php(934): App\Controllers\ApiController->RegistrationPerMonth('a')
 3 SYSTEMPATH\CodeIgniter.php(499): CodeIgniter\CodeIgniter->runController(Object(App\Controllers\ApiController))
 4 SYSTEMPATH\CodeIgniter.php(368): CodeIgniter\CodeIgniter->handleRequest(null, Object(Config\Cache), false)
 5 FCPATH\index.php(71): CodeIgniter\CodeIgniter->run()
 6 SYSTEMPATH\Commands\Server\rewrite.php(47): require_once('FCPATH\\index.php')
CRITICAL - 2023-04-21 08:21:19 --> Undefined array key "REQUEST_METHOD"
in APPPATH\Controllers\ApiController.php on line 23.
 1 APPPATH\Controllers\ApiController.php(23): CodeIgniter\Debug\Exceptions->errorHandler(2, 'Undefined array key "REQUEST_METHOD"', 'APPPATH\\Controllers\\ApiController.php', 23)
 2 SYSTEMPATH\CodeIgniter.php(934): App\Controllers\ApiController->RegistrationPerMonth('a')
 3 SYSTEMPATH\CodeIgniter.php(499): CodeIgniter\CodeIgniter->runController(Object(App\Controllers\ApiController))
 4 SYSTEMPATH\CodeIgniter.php(368): CodeIgniter\CodeIgniter->handleRequest(null, Object(Config\Cache), false)
 5 FCPATH\index.php(71): CodeIgniter\CodeIgniter->run()
 6 SYSTEMPATH\Commands\Server\rewrite.php(47): require_once('FCPATH\\index.php')
CRITICAL - 2023-04-21 08:22:09 --> Undefined array key "REQUEST_METHOD"
in APPPATH\Controllers\ApiController.php on line 23.
 1 APPPATH\Controllers\ApiController.php(23): CodeIgniter\Debug\Exceptions->errorHandler(2, 'Undefined array key "REQUEST_METHOD"', 'APPPATH\\Controllers\\ApiController.php', 23)
 2 SYSTEMPATH\CodeIgniter.php(934): App\Controllers\ApiController->RegistrationPerMonth('a')
 3 SYSTEMPATH\CodeIgniter.php(499): CodeIgniter\CodeIgniter->runController(Object(App\Controllers\ApiController))
 4 SYSTEMPATH\CodeIgniter.php(368): CodeIgniter\CodeIgniter->handleRequest(null, Object(Config\Cache), false)
 5 FCPATH\index.php(71): CodeIgniter\CodeIgniter->run()
 6 SYSTEMPATH\Commands\Server\rewrite.php(47): require_once('FCPATH\\index.php')
CRITICAL - 2023-04-21 08:23:27 --> Undefined array key "REQUEST_METHOD"
in APPPATH\Controllers\ApiController.php on line 23.
 1 APPPATH\Controllers\ApiController.php(23): CodeIgniter\Debug\Exceptions->errorHandler(2, 'Undefined array key "REQUEST_METHOD"', 'APPPATH\\Controllers\\ApiController.php', 23)
 2 SYSTEMPATH\CodeIgniter.php(934): App\Controllers\ApiController->RegistrationPerMonth('a')
 3 SYSTEMPATH\CodeIgniter.php(499): CodeIgniter\CodeIgniter->runController(Object(App\Controllers\ApiController))
 4 SYSTEMPATH\CodeIgniter.php(368): CodeIgniter\CodeIgniter->handleRequest(null, Object(Config\Cache), false)
 5 FCPATH\index.php(71): CodeIgniter\CodeIgniter->run()
 6 SYSTEMPATH\Commands\Server\rewrite.php(47): require_once('FCPATH\\index.php')
CRITICAL - 2023-04-21 08:29:36 --> Undefined array key "REQUEST_METHOD"
in APPPATH\Controllers\ApiController.php on line 23.
 1 APPPATH\Controllers\ApiController.php(23): CodeIgniter\Debug\Exceptions->errorHandler(2, 'Undefined array key "REQUEST_METHOD"', 'APPPATH\\Controllers\\ApiController.php', 23)
 2 SYSTEMPATH\CodeIgniter.php(934): App\Controllers\ApiController->RegistrationPerMonth('a')
 3 SYSTEMPATH\CodeIgniter.php(499): CodeIgniter\CodeIgniter->runController(Object(App\Controllers\ApiController))
 4 SYSTEMPATH\CodeIgniter.php(368): CodeIgniter\CodeIgniter->handleRequest(null, Object(Config\Cache), false)
 5 FCPATH\index.php(71): CodeIgniter\CodeIgniter->run()
 6 SYSTEMPATH\Commands\Server\rewrite.php(47): require_once('FCPATH\\index.php')
CRITICAL - 2023-04-21 08:40:32 --> Undefined array key "REQUEST_METHOD"
in APPPATH\Controllers\ApiController.php on line 26.
 1 APPPATH\Controllers\ApiController.php(26): CodeIgniter\Debug\Exceptions->errorHandler(2, 'Undefined array key "REQUEST_METHOD"', 'APPPATH\\Controllers\\ApiController.php', 26)
 2 SYSTEMPATH\CodeIgniter.php(934): App\Controllers\ApiController->RegistrationPerMonth('a')
 3 SYSTEMPATH\CodeIgniter.php(499): CodeIgniter\CodeIgniter->runController(Object(App\Controllers\ApiController))
 4 SYSTEMPATH\CodeIgniter.php(368): CodeIgniter\CodeIgniter->handleRequest(null, Object(Config\Cache), false)
 5 FCPATH\index.php(71): CodeIgniter\CodeIgniter->run()
 6 SYSTEMPATH\Commands\Server\rewrite.php(47): require_once('FCPATH\\index.php')
CRITICAL - 2023-04-21 08:40:53 --> Undefined array key "REQUEST_METHOD"
in APPPATH\Controllers\ApiController.php on line 26.
 1 APPPATH\Controllers\ApiController.php(26): CodeIgniter\Debug\Exceptions->errorHandler(2, 'Undefined array key "REQUEST_METHOD"', 'APPPATH\\Controllers\\ApiController.php', 26)
 2 SYSTEMPATH\CodeIgniter.php(934): App\Controllers\ApiController->RegistrationPerMonth('a')
 3 SYSTEMPATH\CodeIgniter.php(499): CodeIgniter\CodeIgniter->runController(Object(App\Controllers\ApiController))
 4 SYSTEMPATH\CodeIgniter.php(368): CodeIgniter\CodeIgniter->handleRequest(null, Object(Config\Cache), false)
 5 FCPATH\index.php(71): CodeIgniter\CodeIgniter->run()
 6 SYSTEMPATH\Commands\Server\rewrite.php(47): require_once('FCPATH\\index.php')
CRITICAL - 2023-04-21 08:41:50 --> Undefined array key "REQUEST_METHOD"
in APPPATH\Controllers\ApiController.php on line 26.
 1 APPPATH\Controllers\ApiController.php(26): CodeIgniter\Debug\Exceptions->errorHandler(2, 'Undefined array key "REQUEST_METHOD"', 'APPPATH\\Controllers\\ApiController.php', 26)
 2 SYSTEMPATH\CodeIgniter.php(934): App\Controllers\ApiController->RegistrationPerMonth('a')
 3 SYSTEMPATH\CodeIgniter.php(499): CodeIgniter\CodeIgniter->runController(Object(App\Controllers\ApiController))
 4 SYSTEMPATH\CodeIgniter.php(368): CodeIgniter\CodeIgniter->handleRequest(null, Object(Config\Cache), false)
 5 FCPATH\index.php(71): CodeIgniter\CodeIgniter->run()
 6 SYSTEMPATH\Commands\Server\rewrite.php(47): require_once('FCPATH\\index.php')
CRITICAL - 2023-04-21 08:41:59 --> Undefined array key "REQUEST_METHOD"
in APPPATH\Controllers\ApiController.php on line 26.
 1 APPPATH\Controllers\ApiController.php(26): CodeIgniter\Debug\Exceptions->errorHandler(2, 'Undefined array key "REQUEST_METHOD"', 'APPPATH\\Controllers\\ApiController.php', 26)
 2 SYSTEMPATH\CodeIgniter.php(934): App\Controllers\ApiController->RegistrationPerMonth('a')
 3 SYSTEMPATH\CodeIgniter.php(499): CodeIgniter\CodeIgniter->runController(Object(App\Controllers\ApiController))
 4 SYSTEMPATH\CodeIgniter.php(368): CodeIgniter\CodeIgniter->handleRequest(null, Object(Config\Cache), false)
 5 FCPATH\index.php(71): CodeIgniter\CodeIgniter->run()
 6 SYSTEMPATH\Commands\Server\rewrite.php(47): require_once('FCPATH\\index.php')
CRITICAL - 2023-04-21 08:49:11 --> Undefined array key "REQUEST_METHOD"
in APPPATH\Controllers\ApiController.php on line 25.
 1 APPPATH\Controllers\ApiController.php(25): CodeIgniter\Debug\Exceptions->errorHandler(2, 'Undefined array key "REQUEST_METHOD"', 'APPPATH\\Controllers\\ApiController.php', 25)
 2 SYSTEMPATH\CodeIgniter.php(934): App\Controllers\ApiController->RegistrationPerMonth('a')
 3 SYSTEMPATH\CodeIgniter.php(499): CodeIgniter\CodeIgniter->runController(Object(App\Controllers\ApiController))
 4 SYSTEMPATH\CodeIgniter.php(368): CodeIgniter\CodeIgniter->handleRequest(null, Object(Config\Cache), false)
 5 FCPATH\index.php(71): CodeIgniter\CodeIgniter->run()
 6 SYSTEMPATH\Commands\Server\rewrite.php(47): require_once('FCPATH\\index.php')
CRITICAL - 2023-04-21 09:16:22 --> The action you requested is not allowed.
in SYSTEMPATH\Security\Security.php on line 306.
 1 SYSTEMPATH\Security\Security.php(306): CodeIgniter\Security\Exceptions\SecurityException::forDisallowedAction()
 2 SYSTEMPATH\Filters\CSRF.php(55): CodeIgniter\Security\Security->verify(Object(CodeIgniter\HTTP\IncomingRequest))
 3 SYSTEMPATH\Filters\Filters.php(173): CodeIgniter\Filters\CSRF->before(Object(CodeIgniter\HTTP\IncomingRequest), null)
 4 SYSTEMPATH\CodeIgniter.php(473): CodeIgniter\Filters\Filters->run('api/registrationpermonth/a', 'before')
 5 SYSTEMPATH\CodeIgniter.php(368): CodeIgniter\CodeIgniter->handleRequest(null, Object(Config\Cache), false)
 6 FCPATH\index.php(71): CodeIgniter\CodeIgniter->run()
 7 SYSTEMPATH\Commands\Server\rewrite.php(47): require_once('FCPATH\\index.php')
CRITICAL - 2023-04-21 09:17:05 --> The action you requested is not allowed.
in SYSTEMPATH\Security\Security.php on line 306.
 1 SYSTEMPATH\Security\Security.php(306): CodeIgniter\Security\Exceptions\SecurityException::forDisallowedAction()
 2 SYSTEMPATH\Filters\CSRF.php(55): CodeIgniter\Security\Security->verify(Object(CodeIgniter\HTTP\IncomingRequest))
 3 SYSTEMPATH\Filters\Filters.php(173): CodeIgniter\Filters\CSRF->before(Object(CodeIgniter\HTTP\IncomingRequest), null)
 4 SYSTEMPATH\CodeIgniter.php(473): CodeIgniter\Filters\Filters->run('api/registrationpermonth/a', 'before')
 5 SYSTEMPATH\CodeIgniter.php(368): CodeIgniter\CodeIgniter->handleRequest(null, Object(Config\Cache), false)
 6 FCPATH\index.php(71): CodeIgniter\CodeIgniter->run()
 7 SYSTEMPATH\Commands\Server\rewrite.php(47): require_once('FCPATH\\index.php')
CRITICAL - 2023-04-21 09:18:25 --> The action you requested is not allowed.
in SYSTEMPATH\Security\Security.php on line 306.
 1 SYSTEMPATH\Security\Security.php(306): CodeIgniter\Security\Exceptions\SecurityException::forDisallowedAction()
 2 SYSTEMPATH\Filters\CSRF.php(55): CodeIgniter\Security\Security->verify(Object(CodeIgniter\HTTP\IncomingRequest))
 3 SYSTEMPATH\Filters\Filters.php(173): CodeIgniter\Filters\CSRF->before(Object(CodeIgniter\HTTP\IncomingRequest), null)
 4 SYSTEMPATH\CodeIgniter.php(473): CodeIgniter\Filters\Filters->run('api/registrationpermonth', 'before')
 5 SYSTEMPATH\CodeIgniter.php(368): CodeIgniter\CodeIgniter->handleRequest(null, Object(Config\Cache), false)
 6 FCPATH\index.php(71): CodeIgniter\CodeIgniter->run()
 7 SYSTEMPATH\Commands\Server\rewrite.php(47): require_once('FCPATH\\index.php')
CRITICAL - 2023-04-21 09:18:38 --> The action you requested is not allowed.
in SYSTEMPATH\Security\Security.php on line 306.
 1 SYSTEMPATH\Security\Security.php(306): CodeIgniter\Security\Exceptions\SecurityException::forDisallowedAction()
 2 SYSTEMPATH\Filters\CSRF.php(55): CodeIgniter\Security\Security->verify(Object(CodeIgniter\HTTP\IncomingRequest))
 3 SYSTEMPATH\Filters\Filters.php(173): CodeIgniter\Filters\CSRF->before(Object(CodeIgniter\HTTP\IncomingRequest), null)
 4 SYSTEMPATH\CodeIgniter.php(473): CodeIgniter\Filters\Filters->run('api/registrationpermonth', 'before')
 5 SYSTEMPATH\CodeIgniter.php(368): CodeIgniter\CodeIgniter->handleRequest(null, Object(Config\Cache), false)
 6 FCPATH\index.php(71): CodeIgniter\CodeIgniter->run()
 7 SYSTEMPATH\Commands\Server\rewrite.php(47): require_once('FCPATH\\index.php')
CRITICAL - 2023-04-21 09:19:34 --> The action you requested is not allowed.
in SYSTEMPATH\Security\Security.php on line 306.
 1 SYSTEMPATH\Security\Security.php(306): CodeIgniter\Security\Exceptions\SecurityException::forDisallowedAction()
 2 SYSTEMPATH\Filters\CSRF.php(55): CodeIgniter\Security\Security->verify(Object(CodeIgniter\HTTP\IncomingRequest))
 3 SYSTEMPATH\Filters\Filters.php(173): CodeIgniter\Filters\CSRF->before(Object(CodeIgniter\HTTP\IncomingRequest), null)
 4 SYSTEMPATH\CodeIgniter.php(473): CodeIgniter\Filters\Filters->run('api/registrationpermonth', 'before')
 5 SYSTEMPATH\CodeIgniter.php(368): CodeIgniter\CodeIgniter->handleRequest(null, Object(Config\Cache), false)
 6 FCPATH\index.php(71): CodeIgniter\CodeIgniter->run()
 7 SYSTEMPATH\Commands\Server\rewrite.php(47): require_once('FCPATH\\index.php')
CRITICAL - 2023-04-21 09:20:51 --> The action you requested is not allowed.
in SYSTEMPATH\Security\Security.php on line 306.
 1 SYSTEMPATH\Security\Security.php(306): CodeIgniter\Security\Exceptions\SecurityException::forDisallowedAction()
 2 SYSTEMPATH\Filters\CSRF.php(55): CodeIgniter\Security\Security->verify(Object(CodeIgniter\HTTP\IncomingRequest))
 3 SYSTEMPATH\Filters\Filters.php(173): CodeIgniter\Filters\CSRF->before(Object(CodeIgniter\HTTP\IncomingRequest), null)
 4 SYSTEMPATH\CodeIgniter.php(473): CodeIgniter\Filters\Filters->run('api/registrationpermonth', 'before')
 5 SYSTEMPATH\CodeIgniter.php(368): CodeIgniter\CodeIgniter->handleRequest(null, Object(Config\Cache), false)
 6 FCPATH\index.php(71): CodeIgniter\CodeIgniter->run()
 7 SYSTEMPATH\Commands\Server\rewrite.php(47): require_once('FCPATH\\index.php')
CRITICAL - 2023-04-21 09:21:22 --> The action you requested is not allowed.
in SYSTEMPATH\Security\Security.php on line 306.
 1 SYSTEMPATH\Security\Security.php(306): CodeIgniter\Security\Exceptions\SecurityException::forDisallowedAction()
 2 SYSTEMPATH\Filters\CSRF.php(55): CodeIgniter\Security\Security->verify(Object(CodeIgniter\HTTP\IncomingRequest))
 3 SYSTEMPATH\Filters\Filters.php(173): CodeIgniter\Filters\CSRF->before(Object(CodeIgniter\HTTP\IncomingRequest), null)
 4 SYSTEMPATH\CodeIgniter.php(473): CodeIgniter\Filters\Filters->run('api/registrationpermonth', 'before')
 5 SYSTEMPATH\CodeIgniter.php(368): CodeIgniter\CodeIgniter->handleRequest(null, Object(Config\Cache), false)
 6 FCPATH\index.php(71): CodeIgniter\CodeIgniter->run()
 7 SYSTEMPATH\Commands\Server\rewrite.php(47): require_once('FCPATH\\index.php')
CRITICAL - 2023-04-21 11:06:32 --> Call to undefined function link_tag()
in APPPATH\Views\templates\headerAdmin.php on line 8.
 1 SYSTEMPATH\View\View.php(213): include()
 2 SYSTEMPATH\View\View.php(216): CodeIgniter\View\View->CodeIgniter\View\{closure}()
 3 SYSTEMPATH\Common.php(1177): CodeIgniter\View\View->render('templates/headerAdmin', [], true)
 4 APPPATH\Controllers\BaseController.php(96): view('templates/headerAdmin', [...])
 5 APPPATH\Controllers\Admin.php(58): App\Controllers\BaseController->render('dashboard', [...], 'Admin/', 'templates/headerAdmin', 'templates/footerAdmin')
 6 SYSTEMPATH\CodeIgniter.php(934): App\Controllers\Admin->members()
 7 SYSTEMPATH\CodeIgniter.php(499): CodeIgniter\CodeIgniter->runController(Object(App\Controllers\Admin))
 8 SYSTEMPATH\CodeIgniter.php(368): CodeIgniter\CodeIgniter->handleRequest(null, Object(Config\Cache), false)
 9 FCPATH\index.php(71): CodeIgniter\CodeIgniter->run()
10 SYSTEMPATH\Commands\Server\rewrite.php(47): require_once('FCPATH\\index.php')
CRITICAL - 2023-04-21 11:06:46 --> Undefined array key "graph"
in APPPATH\Views\Admin\dashboard.php on line 193.
 1 APPPATH\Views\Admin\dashboard.php(193): CodeIgniter\Debug\Exceptions->errorHandler(2, 'Undefined array key "graph"', 'APPPATH\\Views\\Admin\\dashboard.php', 193)
 2 SYSTEMPATH\View\View.php(213): include('APPPATH\\Views\\Admin\\dashboard.php')
 3 SYSTEMPATH\View\View.php(216): CodeIgniter\View\View->CodeIgniter\View\{closure}()
 4 SYSTEMPATH\Common.php(1177): CodeIgniter\View\View->render('Admin/dashboard', [], true)
 5 APPPATH\Controllers\BaseController.php(97): view('Admin/dashboard')
 6 APPPATH\Controllers\Admin.php(61): App\Controllers\BaseController->render('dashboard', [...], 'Admin/', 'templates/headerAdmin', 'templates/footerAdmin')
 7 SYSTEMPATH\CodeIgniter.php(934): App\Controllers\Admin->members()
 8 SYSTEMPATH\CodeIgniter.php(499): CodeIgniter\CodeIgniter->runController(Object(App\Controllers\Admin))
 9 SYSTEMPATH\CodeIgniter.php(368): CodeIgniter\CodeIgniter->handleRequest(null, Object(Config\Cache), false)
10 FCPATH\index.php(71): CodeIgniter\CodeIgniter->run()
11 SYSTEMPATH\Commands\Server\rewrite.php(47): require_once('FCPATH\\index.php')
CRITICAL - 2023-04-21 11:07:38 --> Invalid file: "Admin/members.php"
in SYSTEMPATH\Exceptions\FrameworkException.php on line 33.
 1 SYSTEMPATH\View\View.php(201): CodeIgniter\Exceptions\FrameworkException::forInvalidFile('Admin/members.php')
 2 SYSTEMPATH\Common.php(1177): CodeIgniter\View\View->render('Admin/members', [], true)
 3 APPPATH\Controllers\BaseController.php(97): view('Admin/members')
 4 APPPATH\Controllers\Admin.php(61): App\Controllers\BaseController->render('members', [...], 'Admin/', 'templates/headerAdmin', 'templates/footerAdmin')
 5 SYSTEMPATH\CodeIgniter.php(934): App\Controllers\Admin->members()
 6 SYSTEMPATH\CodeIgniter.php(499): CodeIgniter\CodeIgniter->runController(Object(App\Controllers\Admin))
 7 SYSTEMPATH\CodeIgniter.php(368): CodeIgniter\CodeIgniter->handleRequest(null, Object(Config\Cache), false)
 8 FCPATH\index.php(71): CodeIgniter\CodeIgniter->run()
 9 SYSTEMPATH\Commands\Server\rewrite.php(47): require_once('FCPATH\\index.php')
CRITICAL - 2023-04-21 23:45:49 --> Invalid file: "Admin/teachers.php"
in SYSTEMPATH\Exceptions\FrameworkException.php on line 33.
 1 SYSTEMPATH\View\View.php(201): CodeIgniter\Exceptions\FrameworkException::forInvalidFile('Admin/teachers.php')
 2 SYSTEMPATH\Common.php(1177): CodeIgniter\View\View->render('Admin/teachers', [], true)
 3 APPPATH\Controllers\BaseController.php(97): view('Admin/teachers')
 4 APPPATH\Controllers\Admin.php(69): App\Controllers\BaseController->render('teachers', [...], 'Admin/', 'templates/headerAdmin', 'templates/footerAdmin')
 5 SYSTEMPATH\CodeIgniter.php(934): App\Controllers\Admin->members('Teachers')
 6 SYSTEMPATH\CodeIgniter.php(499): CodeIgniter\CodeIgniter->runController(Object(App\Controllers\Admin))
 7 SYSTEMPATH\CodeIgniter.php(368): CodeIgniter\CodeIgniter->handleRequest(null, Object(Config\Cache), false)
 8 FCPATH\index.php(71): CodeIgniter\CodeIgniter->run()
 9 SYSTEMPATH\Commands\Server\rewrite.php(47): require_once('FCPATH\\index.php')
CRITICAL - 2023-04-21 23:46:01 --> Invalid file: "Admin/teachers.php"
in SYSTEMPATH\Exceptions\FrameworkException.php on line 33.
 1 SYSTEMPATH\View\View.php(201): CodeIgniter\Exceptions\FrameworkException::forInvalidFile('Admin/teachers.php')
 2 SYSTEMPATH\Common.php(1177): CodeIgniter\View\View->render('Admin/teachers', [], true)
 3 APPPATH\Controllers\BaseController.php(97): view('Admin/teachers')
 4 APPPATH\Controllers\Admin.php(69): App\Controllers\BaseController->render('teachers', [...], 'Admin/', 'templates/headerAdmin', 'templates/footerAdmin')
 5 SYSTEMPATH\CodeIgniter.php(934): App\Controllers\Admin->members('Teachers')
 6 SYSTEMPATH\CodeIgniter.php(499): CodeIgniter\CodeIgniter->runController(Object(App\Controllers\Admin))
 7 SYSTEMPATH\CodeIgniter.php(368): CodeIgniter\CodeIgniter->handleRequest(null, Object(Config\Cache), false)
 8 FCPATH\index.php(71): CodeIgniter\CodeIgniter->run()
 9 SYSTEMPATH\Commands\Server\rewrite.php(47): require_once('FCPATH\\index.php')
