CRITICAL - 2023-05-15 11:49:45 --> SQLSTATE[HY093]: Invalid parameter number
in APPPATH\Models\UsersModel.php on line 51.
 1 APPPATH\Models\UsersModel.php(51): PDO->query('INSERT INTO users (nom, prenom, matricule, password, date_naissance, email, id_niveau, sexe, type, id_filiere, `point`, create_at) VALUES ( ?, ?, ?, ?, ?, ?, ?, ?, ?, ?, ?, ?)')
 2 APPPATH\Controllers\Users.php(57): App\Models\UsersModel->insert_user([...])
 3 SYSTEMPATH\CodeIgniter.php(934): App\Controllers\Users->studentsRegisted()
 4 SYSTEMPATH\CodeIgniter.php(499): CodeIgniter\CodeIgniter->runController(Object(App\Controllers\Users))
 5 SYSTEMPATH\CodeIgniter.php(368): CodeIgniter\CodeIgniter->handleRequest(null, Object(Config\Cache), false)
 6 FCPATH\index.php(71): CodeIgniter\CodeIgniter->run()
 7 SYSTEMPATH\Commands\Server\rewrite.php(47): require_once('FCPATH\\index.php')
ERROR - 2023-05-15 11:57:48 --> mysqli_sql_exception: Duplicate entry 'mamakemrosly@gmail.com' for key 'email' in C:\xampp3\htdocs\BibioMardi\system\Database\MySQLi\Connection.php:295
Stack trace:
#0 C:\xampp3\htdocs\BibioMardi\system\Database\MySQLi\Connection.php(295): mysqli->query('INSERT INTO `us...', 0)
#1 C:\xampp3\htdocs\BibioMardi\system\Database\BaseConnection.php(691): CodeIgniter\Database\MySQLi\Connection->execute('INSERT INTO `us...')
#2 C:\xampp3\htdocs\BibioMardi\system\Database\BaseConnection.php(605): CodeIgniter\Database\BaseConnection->simpleQuery('INSERT INTO `us...')
#3 C:\xampp3\htdocs\BibioMardi\system\Database\BaseBuilder.php(2295): CodeIgniter\Database\BaseConnection->query('INSERT INTO `us...', Array, false)
#4 C:\xampp3\htdocs\BibioMardi\system\Model.php(329): CodeIgniter\Database\BaseBuilder->insert()
#5 C:\xampp3\htdocs\BibioMardi\system\BaseModel.php(782): CodeIgniter\Model->doInsert(Array)
#6 C:\xampp3\htdocs\BibioMardi\system\Model.php(729): CodeIgniter\BaseModel->insert(Array, true)
#7 C:\xampp3\htdocs\BibioMardi\app\Controllers\Users.php(55): CodeIgniter\Model->insert(Array)
#8 C:\xampp3\htdocs\BibioMardi\system\CodeIgniter.php(934): App\Controllers\Users->studentsRegisted()
#9 C:\xampp3\htdocs\BibioMardi\system\CodeIgniter.php(499): CodeIgniter\CodeIgniter->runController(Object(App\Controllers\Users))
#10 C:\xampp3\htdocs\BibioMardi\system\CodeIgniter.php(368): CodeIgniter\CodeIgniter->handleRequest(NULL, Object(Config\Cache), false)
#11 C:\xampp3\htdocs\BibioMardi\public\index.php(71): CodeIgniter\CodeIgniter->run()
#12 C:\xampp3\htdocs\BibioMardi\system\Commands\Server\rewrite.php(47): require_once('C:\\xampp3\\htdoc...')
#13 {main}
CRITICAL - 2023-05-15 11:57:48 --> Duplicate entry 'mamakemrosly@gmail.com' for key 'email'
in SYSTEMPATH\Database\BaseConnection.php on line 645.
 1 SYSTEMPATH\Database\BaseBuilder.php(2295): CodeIgniter\Database\BaseConnection->query('INSERT INTO `users` (`password`, `nom`, `matricule`, `email`, `sexe`, `date_naissance`, `id_niveau`, `id_filiere`, `type`, `point`, `create_at`) VALUES (:password:, :nom:, :matricule:, :email:, :sexe:, :date_naissance:, :id_niveau:, :id_filiere:, :type:, :point:, :create_at:)', [...], false)
 2 SYSTEMPATH\Model.php(329): CodeIgniter\Database\BaseBuilder->insert()
 3 SYSTEMPATH\BaseModel.php(782): CodeIgniter\Model->doInsert([...])
 4 SYSTEMPATH\Model.php(729): CodeIgniter\BaseModel->insert([...], true)
 5 APPPATH\Controllers\Users.php(55): CodeIgniter\Model->insert([...])
 6 SYSTEMPATH\CodeIgniter.php(934): App\Controllers\Users->studentsRegisted()
 7 SYSTEMPATH\CodeIgniter.php(499): CodeIgniter\CodeIgniter->runController(Object(App\Controllers\Users))
 8 SYSTEMPATH\CodeIgniter.php(368): CodeIgniter\CodeIgniter->handleRequest(null, Object(Config\Cache), false)
 9 FCPATH\index.php(71): CodeIgniter\CodeIgniter->run()
10 SYSTEMPATH\Commands\Server\rewrite.php(47): require_once('FCPATH\\index.php')
ERROR - 2023-05-15 11:59:38 --> mysqli_sql_exception: Duplicate entry '20B180FS' for key 'matricule' in C:\xampp3\htdocs\BibioMardi\system\Database\MySQLi\Connection.php:295
Stack trace:
#0 C:\xampp3\htdocs\BibioMardi\system\Database\MySQLi\Connection.php(295): mysqli->query('INSERT INTO `us...', 0)
#1 C:\xampp3\htdocs\BibioMardi\system\Database\BaseConnection.php(691): CodeIgniter\Database\MySQLi\Connection->execute('INSERT INTO `us...')
#2 C:\xampp3\htdocs\BibioMardi\system\Database\BaseConnection.php(605): CodeIgniter\Database\BaseConnection->simpleQuery('INSERT INTO `us...')
#3 C:\xampp3\htdocs\BibioMardi\system\Database\BaseBuilder.php(2295): CodeIgniter\Database\BaseConnection->query('INSERT INTO `us...', Array, false)
#4 C:\xampp3\htdocs\BibioMardi\system\Model.php(329): CodeIgniter\Database\BaseBuilder->insert()
#5 C:\xampp3\htdocs\BibioMardi\system\BaseModel.php(782): CodeIgniter\Model->doInsert(Array)
#6 C:\xampp3\htdocs\BibioMardi\system\Model.php(729): CodeIgniter\BaseModel->insert(Array, true)
#7 C:\xampp3\htdocs\BibioMardi\app\Controllers\Users.php(55): CodeIgniter\Model->insert(Array)
#8 C:\xampp3\htdocs\BibioMardi\system\CodeIgniter.php(934): App\Controllers\Users->studentsRegisted()
#9 C:\xampp3\htdocs\BibioMardi\system\CodeIgniter.php(499): CodeIgniter\CodeIgniter->runController(Object(App\Controllers\Users))
#10 C:\xampp3\htdocs\BibioMardi\system\CodeIgniter.php(368): CodeIgniter\CodeIgniter->handleRequest(NULL, Object(Config\Cache), false)
#11 C:\xampp3\htdocs\BibioMardi\public\index.php(71): CodeIgniter\CodeIgniter->run()
#12 C:\xampp3\htdocs\BibioMardi\system\Commands\Server\rewrite.php(47): require_once('C:\\xampp3\\htdoc...')
#13 {main}
CRITICAL - 2023-05-15 11:59:38 --> Duplicate entry '20B180FS' for key 'matricule'
in SYSTEMPATH\Database\BaseConnection.php on line 645.
 1 SYSTEMPATH\Database\BaseBuilder.php(2295): CodeIgniter\Database\BaseConnection->query('INSERT INTO `users` (`password`, `nom`, `matricule`, `email`, `sexe`, `date_naissance`, `id_niveau`, `id_filiere`, `type`, `point`, `create_at`) VALUES (:password:, :nom:, :matricule:, :email:, :sexe:, :date_naissance:, :id_niveau:, :id_filiere:, :type:, :point:, :create_at:)', [...], false)
 2 SYSTEMPATH\Model.php(329): CodeIgniter\Database\BaseBuilder->insert()
 3 SYSTEMPATH\BaseModel.php(782): CodeIgniter\Model->doInsert([...])
 4 SYSTEMPATH\Model.php(729): CodeIgniter\BaseModel->insert([...], true)
 5 APPPATH\Controllers\Users.php(55): CodeIgniter\Model->insert([...])
 6 SYSTEMPATH\CodeIgniter.php(934): App\Controllers\Users->studentsRegisted()
 7 SYSTEMPATH\CodeIgniter.php(499): CodeIgniter\CodeIgniter->runController(Object(App\Controllers\Users))
 8 SYSTEMPATH\CodeIgniter.php(368): CodeIgniter\CodeIgniter->handleRequest(null, Object(Config\Cache), false)
 9 FCPATH\index.php(71): CodeIgniter\CodeIgniter->run()
10 SYSTEMPATH\Commands\Server\rewrite.php(47): require_once('FCPATH\\index.php')
ERROR - 2023-05-15 12:04:47 --> mysqli_sql_exception: Table 'bibio.membre' doesn't exist in C:\xampp3\htdocs\BibioMardi\system\Database\MySQLi\Connection.php:295
Stack trace:
#0 C:\xampp3\htdocs\BibioMardi\system\Database\MySQLi\Connection.php(295): mysqli->query('SELECT 1\nFROM `...', 0)
#1 C:\xampp3\htdocs\BibioMardi\system\Database\BaseConnection.php(691): CodeIgniter\Database\MySQLi\Connection->execute('SELECT 1\nFROM `...')
#2 C:\xampp3\htdocs\BibioMardi\system\Database\BaseConnection.php(605): CodeIgniter\Database\BaseConnection->simpleQuery('SELECT 1\nFROM `...')
#3 C:\xampp3\htdocs\BibioMardi\system\Database\BaseBuilder.php(1602): CodeIgniter\Database\BaseConnection->query('SELECT 1\nFROM `...', Array, false)
#4 C:\xampp3\htdocs\BibioMardi\system\Validation\StrictRules\Rules.php(206): CodeIgniter\Database\BaseBuilder->get()
#5 C:\xampp3\htdocs\BibioMardi\system\Validation\Validation.php(312): CodeIgniter\Validation\StrictRules\Rules->is_unique('jeanpayang2@gma...', 'email', Array, NULL, 'email')
#6 C:\xampp3\htdocs\BibioMardi\system\Validation\Validation.php(170): CodeIgniter\Validation\Validation->processRules('email', 'email', 'jeanpayang2@gma...', Array, Array)
#7 C:\xampp3\htdocs\BibioMardi\system\Controller.php(155): CodeIgniter\Validation\Validation->run(Array, NULL, NULL)
#8 C:\xampp3\htdocs\BibioMardi\app\Controllers\Users.php(47): CodeIgniter\Controller->validateData(Array, Array)
#9 C:\xampp3\htdocs\BibioMardi\system\CodeIgniter.php(934): App\Controllers\Users->studentsRegisted()
#10 C:\xampp3\htdocs\BibioMardi\system\CodeIgniter.php(499): CodeIgniter\CodeIgniter->runController(Object(App\Controllers\Users))
#11 C:\xampp3\htdocs\BibioMardi\system\CodeIgniter.php(368): CodeIgniter\CodeIgniter->handleRequest(NULL, Object(Config\Cache), false)
#12 C:\xampp3\htdocs\BibioMardi\public\index.php(71): CodeIgniter\CodeIgniter->run()
#13 C:\xampp3\htdocs\BibioMardi\system\Commands\Server\rewrite.php(47): require_once('C:\\xampp3\\htdoc...')
#14 {main}
CRITICAL - 2023-05-15 12:04:47 --> Table 'bibio.membre' doesn't exist
in SYSTEMPATH\Database\BaseConnection.php on line 645.
 1 SYSTEMPATH\Database\BaseBuilder.php(1602): CodeIgniter\Database\BaseConnection->query('SELECT 1
FROM `membre`
WHERE `email` = :email:
 LIMIT 1', [...], false)
 2 SYSTEMPATH\Validation\StrictRules\Rules.php(206): CodeIgniter\Database\BaseBuilder->get()
 3 SYSTEMPATH\Validation\Validation.php(312): CodeIgniter\Validation\StrictRules\Rules->is_unique('jeanpayang2@gmail.com', 'email', [...], null, 'email')
 4 SYSTEMPATH\Validation\Validation.php(170): CodeIgniter\Validation\Validation->processRules('email', 'email', 'jeanpayang2@gmail.com', [...], [...])
 5 SYSTEMPATH\Controller.php(155): CodeIgniter\Validation\Validation->run([...], null, null)
 6 APPPATH\Controllers\Users.php(47): CodeIgniter\Controller->validateData([...], [...])
 7 SYSTEMPATH\CodeIgniter.php(934): App\Controllers\Users->studentsRegisted()
 8 SYSTEMPATH\CodeIgniter.php(499): CodeIgniter\CodeIgniter->runController(Object(App\Controllers\Users))
 9 SYSTEMPATH\CodeIgniter.php(368): CodeIgniter\CodeIgniter->handleRequest(null, Object(Config\Cache), false)
10 FCPATH\index.php(71): CodeIgniter\CodeIgniter->run()
11 SYSTEMPATH\Commands\Server\rewrite.php(47): require_once('FCPATH\\index.php')
CRITICAL - 2023-05-15 13:15:41 --> "" is not a valid rule.
in SYSTEMPATH\Validation\Validation.php on line 320.
 1 SYSTEMPATH\Validation\Validation.php(320): CodeIgniter\Validation\Exceptions\ValidationException::forRuleNotFound('ROOTPATH\\public')
 2 SYSTEMPATH\Validation\Validation.php(170): CodeIgniter\Validation\Validation->processRules('Code', 'Code', '123456789', [...], [...])
 3 SYSTEMPATH\Controller.php(155): CodeIgniter\Validation\Validation->run([...], null, null)
 4 APPPATH\Controllers\Users.php(40): CodeIgniter\Controller->validateData([...], [...])
 5 SYSTEMPATH\CodeIgniter.php(934): App\Controllers\Users->teachersRegisted()
 6 SYSTEMPATH\CodeIgniter.php(499): CodeIgniter\CodeIgniter->runController(Object(App\Controllers\Users))
 7 SYSTEMPATH\CodeIgniter.php(368): CodeIgniter\CodeIgniter->handleRequest(null, Object(Config\Cache), false)
 8 FCPATH\index.php(71): CodeIgniter\CodeIgniter->run()
 9 SYSTEMPATH\Commands\Server\rewrite.php(47): require_once('FCPATH\\index.php')
CRITICAL - 2023-05-15 14:09:37 --> Undefined array key "matricule"
in APPPATH\Controllers\Users.php on line 57.
 1 APPPATH\Controllers\Users.php(57): CodeIgniter\Debug\Exceptions->errorHandler(2, 'Undefined array key "matricule"', 'APPPATH\\Controllers\\Users.php', 57)
 2 SYSTEMPATH\CodeIgniter.php(934): App\Controllers\Users->teachersRegisted()
 3 SYSTEMPATH\CodeIgniter.php(499): CodeIgniter\CodeIgniter->runController(Object(App\Controllers\Users))
 4 SYSTEMPATH\CodeIgniter.php(368): CodeIgniter\CodeIgniter->handleRequest(null, Object(Config\Cache), false)
 5 FCPATH\index.php(71): CodeIgniter\CodeIgniter->run()
 6 SYSTEMPATH\Commands\Server\rewrite.php(47): require_once('FCPATH\\index.php')
ERROR - 2023-05-15 14:12:17 --> mysqli_sql_exception: Duplicate entry 'none' for key 'matricule' in C:\xampp3\htdocs\BibioMardi\system\Database\MySQLi\Connection.php:295
Stack trace:
#0 C:\xampp3\htdocs\BibioMardi\system\Database\MySQLi\Connection.php(295): mysqli->query('INSERT INTO `us...', 0)
#1 C:\xampp3\htdocs\BibioMardi\system\Database\BaseConnection.php(691): CodeIgniter\Database\MySQLi\Connection->execute('INSERT INTO `us...')
#2 C:\xampp3\htdocs\BibioMardi\system\Database\BaseConnection.php(605): CodeIgniter\Database\BaseConnection->simpleQuery('INSERT INTO `us...')
#3 C:\xampp3\htdocs\BibioMardi\system\Database\BaseBuilder.php(2295): CodeIgniter\Database\BaseConnection->query('INSERT INTO `us...', Array, false)
#4 C:\xampp3\htdocs\BibioMardi\system\Model.php(329): CodeIgniter\Database\BaseBuilder->insert()
#5 C:\xampp3\htdocs\BibioMardi\system\BaseModel.php(782): CodeIgniter\Model->doInsert(Array)
#6 C:\xampp3\htdocs\BibioMardi\system\Model.php(729): CodeIgniter\BaseModel->insert(Array, true)
#7 C:\xampp3\htdocs\BibioMardi\app\Controllers\Users.php(54): CodeIgniter\Model->insert(Array)
#8 C:\xampp3\htdocs\BibioMardi\system\CodeIgniter.php(934): App\Controllers\Users->teachersRegisted()
#9 C:\xampp3\htdocs\BibioMardi\system\CodeIgniter.php(499): CodeIgniter\CodeIgniter->runController(Object(App\Controllers\Users))
#10 C:\xampp3\htdocs\BibioMardi\system\CodeIgniter.php(368): CodeIgniter\CodeIgniter->handleRequest(NULL, Object(Config\Cache), false)
#11 C:\xampp3\htdocs\BibioMardi\public\index.php(71): CodeIgniter\CodeIgniter->run()
#12 C:\xampp3\htdocs\BibioMardi\system\Commands\Server\rewrite.php(47): require_once('C:\\xampp3\\htdoc...')
#13 {main}
CRITICAL - 2023-05-15 14:12:17 --> Duplicate entry 'none' for key 'matricule'
in SYSTEMPATH\Database\BaseConnection.php on line 645.
 1 SYSTEMPATH\Database\BaseBuilder.php(2295): CodeIgniter\Database\BaseConnection->query('INSERT INTO `users` (`password`, `nom`, `matricule`, `email`, `sexe`, `date_naissance`, `id_niveau`, `id_filiere`, `type`, `point`, `create_at`) VALUES (:password:, :nom:, :matricule:, :email:, :sexe:, :date_naissance:, :id_niveau:, :id_filiere:, :type:, :point:, :create_at:)', [...], false)
 2 SYSTEMPATH\Model.php(329): CodeIgniter\Database\BaseBuilder->insert()
 3 SYSTEMPATH\BaseModel.php(782): CodeIgniter\Model->doInsert([...])
 4 SYSTEMPATH\Model.php(729): CodeIgniter\BaseModel->insert([...], true)
 5 APPPATH\Controllers\Users.php(54): CodeIgniter\Model->insert([...])
 6 SYSTEMPATH\CodeIgniter.php(934): App\Controllers\Users->teachersRegisted()
 7 SYSTEMPATH\CodeIgniter.php(499): CodeIgniter\CodeIgniter->runController(Object(App\Controllers\Users))
 8 SYSTEMPATH\CodeIgniter.php(368): CodeIgniter\CodeIgniter->handleRequest(null, Object(Config\Cache), false)
 9 FCPATH\index.php(71): CodeIgniter\CodeIgniter->run()
10 SYSTEMPATH\Commands\Server\rewrite.php(47): require_once('FCPATH\\index.php')
ERROR - 2023-05-15 14:13:38 --> mysqli_sql_exception: Duplicate entry 'jeanpayang4@gmail.com' for key 'email' in C:\xampp3\htdocs\BibioMardi\system\Database\MySQLi\Connection.php:295
Stack trace:
#0 C:\xampp3\htdocs\BibioMardi\system\Database\MySQLi\Connection.php(295): mysqli->query('INSERT INTO `us...', 0)
#1 C:\xampp3\htdocs\BibioMardi\system\Database\BaseConnection.php(691): CodeIgniter\Database\MySQLi\Connection->execute('INSERT INTO `us...')
#2 C:\xampp3\htdocs\BibioMardi\system\Database\BaseConnection.php(605): CodeIgniter\Database\BaseConnection->simpleQuery('INSERT INTO `us...')
#3 C:\xampp3\htdocs\BibioMardi\system\Database\BaseBuilder.php(2295): CodeIgniter\Database\BaseConnection->query('INSERT INTO `us...', Array, false)
#4 C:\xampp3\htdocs\BibioMardi\system\Model.php(329): CodeIgniter\Database\BaseBuilder->insert()
#5 C:\xampp3\htdocs\BibioMardi\system\BaseModel.php(782): CodeIgniter\Model->doInsert(Array)
#6 C:\xampp3\htdocs\BibioMardi\system\Model.php(729): CodeIgniter\BaseModel->insert(Array, true)
#7 C:\xampp3\htdocs\BibioMardi\app\Controllers\Users.php(54): CodeIgniter\Model->insert(Array)
#8 C:\xampp3\htdocs\BibioMardi\system\CodeIgniter.php(934): App\Controllers\Users->teachersRegisted()
#9 C:\xampp3\htdocs\BibioMardi\system\CodeIgniter.php(499): CodeIgniter\CodeIgniter->runController(Object(App\Controllers\Users))
#10 C:\xampp3\htdocs\BibioMardi\system\CodeIgniter.php(368): CodeIgniter\CodeIgniter->handleRequest(NULL, Object(Config\Cache), false)
#11 C:\xampp3\htdocs\BibioMardi\public\index.php(71): CodeIgniter\CodeIgniter->run()
#12 C:\xampp3\htdocs\BibioMardi\system\Commands\Server\rewrite.php(47): require_once('C:\\xampp3\\htdoc...')
#13 {main}
CRITICAL - 2023-05-15 14:13:38 --> Duplicate entry 'jeanpayang4@gmail.com' for key 'email'
in SYSTEMPATH\Database\BaseConnection.php on line 645.
 1 SYSTEMPATH\Database\BaseBuilder.php(2295): CodeIgniter\Database\BaseConnection->query('INSERT INTO `users` (`password`, `nom`, `email`, `sexe`, `date_naissance`, `id_niveau`, `id_filiere`, `type`, `point`, `create_at`) VALUES (:password:, :nom:, :email:, :sexe:, :date_naissance:, :id_niveau:, :id_filiere:, :type:, :point:, :create_at:)', [...], false)
 2 SYSTEMPATH\Model.php(329): CodeIgniter\Database\BaseBuilder->insert()
 3 SYSTEMPATH\BaseModel.php(782): CodeIgniter\Model->doInsert([...])
 4 SYSTEMPATH\Model.php(729): CodeIgniter\BaseModel->insert([...], true)
 5 APPPATH\Controllers\Users.php(54): CodeIgniter\Model->insert([...])
 6 SYSTEMPATH\CodeIgniter.php(934): App\Controllers\Users->teachersRegisted()
 7 SYSTEMPATH\CodeIgniter.php(499): CodeIgniter\CodeIgniter->runController(Object(App\Controllers\Users))
 8 SYSTEMPATH\CodeIgniter.php(368): CodeIgniter\CodeIgniter->handleRequest(null, Object(Config\Cache), false)
 9 FCPATH\index.php(71): CodeIgniter\CodeIgniter->run()
10 SYSTEMPATH\Commands\Server\rewrite.php(47): require_once('FCPATH\\index.php')
ERROR - 2023-05-15 14:19:33 --> mysqli_sql_exception: Duplicate entry 'jeanpayang9@gmail.com' for key 'email' in C:\xampp3\htdocs\BibioMardi\system\Database\MySQLi\Connection.php:295
Stack trace:
#0 C:\xampp3\htdocs\BibioMardi\system\Database\MySQLi\Connection.php(295): mysqli->query('INSERT INTO `us...', 0)
#1 C:\xampp3\htdocs\BibioMardi\system\Database\BaseConnection.php(691): CodeIgniter\Database\MySQLi\Connection->execute('INSERT INTO `us...')
#2 C:\xampp3\htdocs\BibioMardi\system\Database\BaseConnection.php(605): CodeIgniter\Database\BaseConnection->simpleQuery('INSERT INTO `us...')
#3 C:\xampp3\htdocs\BibioMardi\system\Database\BaseBuilder.php(2295): CodeIgniter\Database\BaseConnection->query('INSERT INTO `us...', Array, false)
#4 C:\xampp3\htdocs\BibioMardi\system\Model.php(329): CodeIgniter\Database\BaseBuilder->insert()
#5 C:\xampp3\htdocs\BibioMardi\system\BaseModel.php(782): CodeIgniter\Model->doInsert(Array)
#6 C:\xampp3\htdocs\BibioMardi\system\Model.php(729): CodeIgniter\BaseModel->insert(Array, true)
#7 C:\xampp3\htdocs\BibioMardi\app\Controllers\Users.php(55): CodeIgniter\Model->insert(Array)
#8 C:\xampp3\htdocs\BibioMardi\system\CodeIgniter.php(934): App\Controllers\Users->teachersRegisted()
#9 C:\xampp3\htdocs\BibioMardi\system\CodeIgniter.php(499): CodeIgniter\CodeIgniter->runController(Object(App\Controllers\Users))
#10 C:\xampp3\htdocs\BibioMardi\system\CodeIgniter.php(368): CodeIgniter\CodeIgniter->handleRequest(NULL, Object(Config\Cache), false)
#11 C:\xampp3\htdocs\BibioMardi\public\index.php(71): CodeIgniter\CodeIgniter->run()
#12 C:\xampp3\htdocs\BibioMardi\system\Commands\Server\rewrite.php(47): require_once('C:\\xampp3\\htdoc...')
#13 {main}
CRITICAL - 2023-05-15 14:19:33 --> Duplicate entry 'jeanpayang9@gmail.com' for key 'email'
in SYSTEMPATH\Database\BaseConnection.php on line 645.
 1 SYSTEMPATH\Database\BaseBuilder.php(2295): CodeIgniter\Database\BaseConnection->query('INSERT INTO `users` (`password`, `nom`, `email`, `sexe`, `date_naissance`, `id_niveau`, `id_filiere`, `type`, `point`, `create_at`) VALUES (:password:, :nom:, :email:, :sexe:, :date_naissance:, :id_niveau:, :id_filiere:, :type:, :point:, :create_at:)', [...], false)
 2 SYSTEMPATH\Model.php(329): CodeIgniter\Database\BaseBuilder->insert()
 3 SYSTEMPATH\BaseModel.php(782): CodeIgniter\Model->doInsert([...])
 4 SYSTEMPATH\Model.php(729): CodeIgniter\BaseModel->insert([...], true)
 5 APPPATH\Controllers\Users.php(55): CodeIgniter\Model->insert([...])
 6 SYSTEMPATH\CodeIgniter.php(934): App\Controllers\Users->teachersRegisted()
 7 SYSTEMPATH\CodeIgniter.php(499): CodeIgniter\CodeIgniter->runController(Object(App\Controllers\Users))
 8 SYSTEMPATH\CodeIgniter.php(368): CodeIgniter\CodeIgniter->handleRequest(null, Object(Config\Cache), false)
 9 FCPATH\index.php(71): CodeIgniter\CodeIgniter->run()
10 SYSTEMPATH\Commands\Server\rewrite.php(47): require_once('FCPATH\\index.php')
CRITICAL - 2023-05-15 14:19:49 --> Undefined array key "code"
in APPPATH\Controllers\Users.php on line 22.
 1 APPPATH\Controllers\Users.php(22): CodeIgniter\Debug\Exceptions->errorHandler(2, 'Undefined array key "code"', 'APPPATH\\Controllers\\Users.php', 22)
 2 SYSTEMPATH\CodeIgniter.php(934): App\Controllers\Users->teachersRegisted()
 3 SYSTEMPATH\CodeIgniter.php(499): CodeIgniter\CodeIgniter->runController(Object(App\Controllers\Users))
 4 SYSTEMPATH\CodeIgniter.php(368): CodeIgniter\CodeIgniter->handleRequest(null, Object(Config\Cache), false)
 5 FCPATH\index.php(71): CodeIgniter\CodeIgniter->run()
 6 SYSTEMPATH\Commands\Server\rewrite.php(47): require_once('FCPATH\\index.php')
CRITICAL - 2023-05-15 20:18:36 --> SQLSTATE[42000]: Syntax error or access violation: 1064 You have an error in your SQL syntax; check the manual that corresponds to your MariaDB server version for the right syntax to use near 'FORM `admin` WHERE username = ?' at line 1
in APPPATH\Models\AdminModel.php on line 27.
 1 APPPATH\Controllers\Admin.php(28): App\Models\AdminModel->getAdmin('RoslyDev')
 2 SYSTEMPATH\CodeIgniter.php(934): App\Controllers\Admin->index()
 3 SYSTEMPATH\CodeIgniter.php(499): CodeIgniter\CodeIgniter->runController(Object(App\Controllers\Admin))
 4 SYSTEMPATH\CodeIgniter.php(368): CodeIgniter\CodeIgniter->handleRequest(null, Object(Config\Cache), false)
 5 FCPATH\index.php(71): CodeIgniter\CodeIgniter->run()
 6 SYSTEMPATH\Commands\Server\rewrite.php(47): require_once('FCPATH\\index.php')
CRITICAL - 2023-05-15 20:30:40 --> Undefined array key "password"
in APPPATH\Controllers\Admin.php on line 32.
 1 APPPATH\Controllers\Admin.php(32): CodeIgniter\Debug\Exceptions->errorHandler(2, 'Undefined array key "password"', 'APPPATH\\Controllers\\Admin.php', 32)
 2 SYSTEMPATH\CodeIgniter.php(934): App\Controllers\Admin->index()
 3 SYSTEMPATH\CodeIgniter.php(499): CodeIgniter\CodeIgniter->runController(Object(App\Controllers\Admin))
 4 SYSTEMPATH\CodeIgniter.php(368): CodeIgniter\CodeIgniter->handleRequest(null, Object(Config\Cache), false)
 5 FCPATH\index.php(71): CodeIgniter\CodeIgniter->run()
 6 SYSTEMPATH\Commands\Server\rewrite.php(47): require_once('FCPATH\\index.php')
CRITICAL - 2023-05-15 20:36:16 --> Cannot use object of type CodeIgniter\Session\Session as array
in APPPATH\Controllers\Admin.php on line 37.
 1 SYSTEMPATH\CodeIgniter.php(934): App\Controllers\Admin->index()
 2 SYSTEMPATH\CodeIgniter.php(499): CodeIgniter\CodeIgniter->runController(Object(App\Controllers\Admin))
 3 SYSTEMPATH\CodeIgniter.php(368): CodeIgniter\CodeIgniter->handleRequest(null, Object(Config\Cache), false)
 4 FCPATH\index.php(71): CodeIgniter\CodeIgniter->run()
 5 SYSTEMPATH\Commands\Server\rewrite.php(47): require_once('FCPATH\\index.php')
CRITICAL - 2023-05-15 21:11:59 --> Undefined array key "graph"
in APPPATH\Views\Admin\dashboard.php on line 360.
 1 APPPATH\Views\Admin\dashboard.php(360): CodeIgniter\Debug\Exceptions->errorHandler(2, 'Undefined array key "graph"', 'APPPATH\\Views\\Admin\\dashboard.php', 360)
 2 SYSTEMPATH\View\View.php(213): include('APPPATH\\Views\\Admin\\dashboard.php')
 3 SYSTEMPATH\View\View.php(216): CodeIgniter\View\View->CodeIgniter\View\{closure}()
 4 SYSTEMPATH\Common.php(1177): CodeIgniter\View\View->render('Admin/dashboard', [], true)
 5 APPPATH\Controllers\BaseController.php(98): view('Admin/dashboard')
 6 APPPATH\Controllers\Admin.php(63): App\Controllers\BaseController->render('dashboard', [...], 'Admin/', 'templates/headerAdmin', 'templates/footerAdmin')
 7 SYSTEMPATH\CodeIgniter.php(934): App\Controllers\Admin->dashboard()
 8 SYSTEMPATH\CodeIgniter.php(499): CodeIgniter\CodeIgniter->runController(Object(App\Controllers\Admin))
 9 SYSTEMPATH\CodeIgniter.php(368): CodeIgniter\CodeIgniter->handleRequest(null, Object(Config\Cache), false)
10 FCPATH\index.php(71): CodeIgniter\CodeIgniter->run()
11 SYSTEMPATH\Commands\Server\rewrite.php(47): require_once('FCPATH\\index.php')
CRITICAL - 2023-05-15 21:13:19 --> Undefined array key "graph"
in APPPATH\Views\Admin\dashboard.php on line 360.
 1 APPPATH\Views\Admin\dashboard.php(360): CodeIgniter\Debug\Exceptions->errorHandler(2, 'Undefined array key "graph"', 'APPPATH\\Views\\Admin\\dashboard.php', 360)
 2 SYSTEMPATH\View\View.php(213): include('APPPATH\\Views\\Admin\\dashboard.php')
 3 SYSTEMPATH\View\View.php(216): CodeIgniter\View\View->CodeIgniter\View\{closure}()
 4 SYSTEMPATH\Common.php(1177): CodeIgniter\View\View->render('Admin/dashboard', [], true)
 5 APPPATH\Controllers\BaseController.php(98): view('Admin/dashboard')
 6 APPPATH\Controllers\Admin.php(53): App\Controllers\BaseController->render('dashboard', [...], 'Admin/', 'templates/headerAdmin', 'templates/footerAdmin')
 7 SYSTEMPATH\CodeIgniter.php(934): App\Controllers\Admin->login()
 8 SYSTEMPATH\CodeIgniter.php(499): CodeIgniter\CodeIgniter->runController(Object(App\Controllers\Admin))
 9 SYSTEMPATH\CodeIgniter.php(368): CodeIgniter\CodeIgniter->handleRequest(null, Object(Config\Cache), false)
10 FCPATH\index.php(71): CodeIgniter\CodeIgniter->run()
11 SYSTEMPATH\Commands\Server\rewrite.php(47): require_once('FCPATH\\index.php')
CRITICAL - 2023-05-15 21:15:12 --> Undefined variable $graph
in APPPATH\Views\Admin\dashboard.php on line 360.
 1 APPPATH\Views\Admin\dashboard.php(360): CodeIgniter\Debug\Exceptions->errorHandler(2, 'Undefined variable $graph', 'APPPATH\\Views\\Admin\\dashboard.php', 360)
 2 SYSTEMPATH\View\View.php(213): include('APPPATH\\Views\\Admin\\dashboard.php')
 3 SYSTEMPATH\View\View.php(216): CodeIgniter\View\View->CodeIgniter\View\{closure}()
 4 SYSTEMPATH\Common.php(1177): CodeIgniter\View\View->render('Admin/dashboard', [], true)
 5 APPPATH\Controllers\BaseController.php(98): view('Admin/dashboard')
 6 APPPATH\Controllers\Admin.php(53): App\Controllers\BaseController->render('dashboard', [...], 'Admin/', 'templates/headerAdmin', 'templates/footerAdmin')
 7 SYSTEMPATH\CodeIgniter.php(934): App\Controllers\Admin->login()
 8 SYSTEMPATH\CodeIgniter.php(499): CodeIgniter\CodeIgniter->runController(Object(App\Controllers\Admin))
 9 SYSTEMPATH\CodeIgniter.php(368): CodeIgniter\CodeIgniter->handleRequest(null, Object(Config\Cache), false)
10 FCPATH\index.php(71): CodeIgniter\CodeIgniter->run()
11 SYSTEMPATH\Commands\Server\rewrite.php(47): require_once('FCPATH\\index.php')
CRITICAL - 2023-05-15 21:15:14 --> Undefined variable $graph
in APPPATH\Views\Admin\dashboard.php on line 360.
 1 APPPATH\Views\Admin\dashboard.php(360): CodeIgniter\Debug\Exceptions->errorHandler(2, 'Undefined variable $graph', 'APPPATH\\Views\\Admin\\dashboard.php', 360)
 2 SYSTEMPATH\View\View.php(213): include('APPPATH\\Views\\Admin\\dashboard.php')
 3 SYSTEMPATH\View\View.php(216): CodeIgniter\View\View->CodeIgniter\View\{closure}()
 4 SYSTEMPATH\Common.php(1177): CodeIgniter\View\View->render('Admin/dashboard', [], true)
 5 APPPATH\Controllers\BaseController.php(98): view('Admin/dashboard')
 6 APPPATH\Controllers\Admin.php(64): App\Controllers\BaseController->render('dashboard', [...], 'Admin/', 'templates/headerAdmin', 'templates/footerAdmin')
 7 SYSTEMPATH\CodeIgniter.php(934): App\Controllers\Admin->dashboard()
 8 SYSTEMPATH\CodeIgniter.php(499): CodeIgniter\CodeIgniter->runController(Object(App\Controllers\Admin))
 9 SYSTEMPATH\CodeIgniter.php(368): CodeIgniter\CodeIgniter->handleRequest(null, Object(Config\Cache), false)
10 FCPATH\index.php(71): CodeIgniter\CodeIgniter->run()
11 SYSTEMPATH\Commands\Server\rewrite.php(47): require_once('FCPATH\\index.php')
CRITICAL - 2023-05-15 21:15:15 --> Undefined variable $graph
in APPPATH\Views\Admin\dashboard.php on line 360.
 1 APPPATH\Views\Admin\dashboard.php(360): CodeIgniter\Debug\Exceptions->errorHandler(2, 'Undefined variable $graph', 'APPPATH\\Views\\Admin\\dashboard.php', 360)
 2 SYSTEMPATH\View\View.php(213): include('APPPATH\\Views\\Admin\\dashboard.php')
 3 SYSTEMPATH\View\View.php(216): CodeIgniter\View\View->CodeIgniter\View\{closure}()
 4 SYSTEMPATH\Common.php(1177): CodeIgniter\View\View->render('Admin/dashboard', [], true)
 5 APPPATH\Controllers\BaseController.php(98): view('Admin/dashboard')
 6 APPPATH\Controllers\Admin.php(53): App\Controllers\BaseController->render('dashboard', [...], 'Admin/', 'templates/headerAdmin', 'templates/footerAdmin')
 7 SYSTEMPATH\CodeIgniter.php(934): App\Controllers\Admin->login()
 8 SYSTEMPATH\CodeIgniter.php(499): CodeIgniter\CodeIgniter->runController(Object(App\Controllers\Admin))
 9 SYSTEMPATH\CodeIgniter.php(368): CodeIgniter\CodeIgniter->handleRequest(null, Object(Config\Cache), false)
10 FCPATH\index.php(71): CodeIgniter\CodeIgniter->run()
11 SYSTEMPATH\Commands\Server\rewrite.php(47): require_once('FCPATH\\index.php')
CRITICAL - 2023-05-15 21:17:03 --> Undefined array key "graph"
in APPPATH\Views\Admin\dashboard.php on line 360.
 1 APPPATH\Views\Admin\dashboard.php(360): CodeIgniter\Debug\Exceptions->errorHandler(2, 'Undefined array key "graph"', 'APPPATH\\Views\\Admin\\dashboard.php', 360)
 2 SYSTEMPATH\View\View.php(213): include('APPPATH\\Views\\Admin\\dashboard.php')
 3 SYSTEMPATH\View\View.php(216): CodeIgniter\View\View->CodeIgniter\View\{closure}()
 4 SYSTEMPATH\Common.php(1177): CodeIgniter\View\View->render('Admin/dashboard', [], true)
 5 APPPATH\Controllers\BaseController.php(98): view('Admin/dashboard')
 6 APPPATH\Controllers\Admin.php(53): App\Controllers\BaseController->render('dashboard', [...], 'Admin/', 'templates/headerAdmin', 'templates/footerAdmin')
 7 SYSTEMPATH\CodeIgniter.php(934): App\Controllers\Admin->login()
 8 SYSTEMPATH\CodeIgniter.php(499): CodeIgniter\CodeIgniter->runController(Object(App\Controllers\Admin))
 9 SYSTEMPATH\CodeIgniter.php(368): CodeIgniter\CodeIgniter->handleRequest(null, Object(Config\Cache), false)
10 FCPATH\index.php(71): CodeIgniter\CodeIgniter->run()
11 SYSTEMPATH\Commands\Server\rewrite.php(47): require_once('FCPATH\\index.php')
CRITICAL - 2023-05-15 21:38:18 --> Call to undefined method App\Models\UsersModel::getPdo
in SYSTEMPATH\Model.php on line 841.
 1 APPPATH\Models\UsersModel.php(16): CodeIgniter\Model->__call('getPdo', [])
 2 APPPATH\Controllers\Admin.php(78): App\Models\UsersModel->getAll()
 3 SYSTEMPATH\CodeIgniter.php(934): App\Controllers\Admin->members('Students')
 4 SYSTEMPATH\CodeIgniter.php(499): CodeIgniter\CodeIgniter->runController(Object(App\Controllers\Admin))
 5 SYSTEMPATH\CodeIgniter.php(368): CodeIgniter\CodeIgniter->handleRequest(null, Object(Config\Cache), false)
 6 FCPATH\index.php(71): CodeIgniter\CodeIgniter->run()
 7 SYSTEMPATH\Commands\Server\rewrite.php(47): require_once('FCPATH\\index.php')
CRITICAL - 2023-05-15 21:50:06 --> Undefined array key "point"
in APPPATH\Views\Admin\students.php on line 81.
 1 APPPATH\Views\Admin\students.php(81): CodeIgniter\Debug\Exceptions->errorHandler(2, 'Undefined array key "point"', 'APPPATH\\Views\\Admin\\students.php', 81)
 2 SYSTEMPATH\View\View.php(213): include('APPPATH\\Views\\Admin\\students.php')
 3 SYSTEMPATH\View\View.php(216): CodeIgniter\View\View->CodeIgniter\View\{closure}()
 4 SYSTEMPATH\Common.php(1177): CodeIgniter\View\View->render('Admin/students', [], true)
 5 APPPATH\Controllers\BaseController.php(98): view('Admin/students')
 6 APPPATH\Controllers\Admin.php(84): App\Controllers\BaseController->render('students', [...], 'Admin/', 'templates/headerAdmin', 'templates/footerAdmin')
 7 SYSTEMPATH\CodeIgniter.php(934): App\Controllers\Admin->members('Students')
 8 SYSTEMPATH\CodeIgniter.php(499): CodeIgniter\CodeIgniter->runController(Object(App\Controllers\Admin))
 9 SYSTEMPATH\CodeIgniter.php(368): CodeIgniter\CodeIgniter->handleRequest(null, Object(Config\Cache), false)
10 FCPATH\index.php(71): CodeIgniter\CodeIgniter->run()
11 SYSTEMPATH\Commands\Server\rewrite.php(47): require_once('FCPATH\\index.php')
CRITICAL - 2023-05-15 21:55:18 --> Undefined array key "lastname"
in APPPATH\Views\Admin\students.php on line 110.
 1 APPPATH\Views\Admin\students.php(110): CodeIgniter\Debug\Exceptions->errorHandler(2, 'Undefined array key "lastname"', 'APPPATH\\Views\\Admin\\students.php', 110)
 2 SYSTEMPATH\View\View.php(213): include('APPPATH\\Views\\Admin\\students.php')
 3 SYSTEMPATH\View\View.php(216): CodeIgniter\View\View->CodeIgniter\View\{closure}()
 4 SYSTEMPATH\Common.php(1177): CodeIgniter\View\View->render('Admin/students', [], true)
 5 APPPATH\Controllers\BaseController.php(98): view('Admin/students')
 6 APPPATH\Controllers\Admin.php(84): App\Controllers\BaseController->render('students', [...], 'Admin/', 'templates/headerAdmin', 'templates/footerAdmin')
 7 SYSTEMPATH\CodeIgniter.php(934): App\Controllers\Admin->members('Students')
 8 SYSTEMPATH\CodeIgniter.php(499): CodeIgniter\CodeIgniter->runController(Object(App\Controllers\Admin))
 9 SYSTEMPATH\CodeIgniter.php(368): CodeIgniter\CodeIgniter->handleRequest(null, Object(Config\Cache), false)
10 FCPATH\index.php(71): CodeIgniter\CodeIgniter->run()
11 SYSTEMPATH\Commands\Server\rewrite.php(47): require_once('FCPATH\\index.php')
CRITICAL - 2023-05-15 22:39:37 --> Undefined array key 0
in APPPATH\Views\Admin\students.php on line 81.
 1 APPPATH\Views\Admin\students.php(81): CodeIgniter\Debug\Exceptions->errorHandler(2, 'Undefined array key 0', 'APPPATH\\Views\\Admin\\students.php', 81)
 2 SYSTEMPATH\View\View.php(213): include('APPPATH\\Views\\Admin\\students.php')
 3 SYSTEMPATH\View\View.php(216): CodeIgniter\View\View->CodeIgniter\View\{closure}()
 4 SYSTEMPATH\Common.php(1177): CodeIgniter\View\View->render('Admin/students', [], true)
 5 APPPATH\Controllers\BaseController.php(98): view('Admin/students')
 6 APPPATH\Controllers\Admin.php(84): App\Controllers\BaseController->render('students', [...], 'Admin/', 'templates/headerAdmin', 'templates/footerAdmin')
 7 SYSTEMPATH\CodeIgniter.php(934): App\Controllers\Admin->members('Students')
 8 SYSTEMPATH\CodeIgniter.php(499): CodeIgniter\CodeIgniter->runController(Object(App\Controllers\Admin))
 9 SYSTEMPATH\CodeIgniter.php(368): CodeIgniter\CodeIgniter->handleRequest(null, Object(Config\Cache), false)
10 FCPATH\index.php(71): CodeIgniter\CodeIgniter->run()
11 SYSTEMPATH\Commands\Server\rewrite.php(47): require_once('FCPATH\\index.php')
CRITICAL - 2023-05-15 22:40:13 --> Trying to access array offset on value of type int
in APPPATH\Views\Admin\students.php on line 85.
 1 APPPATH\Views\Admin\students.php(85): CodeIgniter\Debug\Exceptions->errorHandler(2, 'Trying to access array offset on value of type int', 'APPPATH\\Views\\Admin\\students.php', 85)
 2 SYSTEMPATH\View\View.php(213): include('APPPATH\\Views\\Admin\\students.php')
 3 SYSTEMPATH\View\View.php(216): CodeIgniter\View\View->CodeIgniter\View\{closure}()
 4 SYSTEMPATH\Common.php(1177): CodeIgniter\View\View->render('Admin/students', [], true)
 5 APPPATH\Controllers\BaseController.php(98): view('Admin/students')
 6 APPPATH\Controllers\Admin.php(84): App\Controllers\BaseController->render('students', [...], 'Admin/', 'templates/headerAdmin', 'templates/footerAdmin')
 7 SYSTEMPATH\CodeIgniter.php(934): App\Controllers\Admin->members('Students')
 8 SYSTEMPATH\CodeIgniter.php(499): CodeIgniter\CodeIgniter->runController(Object(App\Controllers\Admin))
 9 SYSTEMPATH\CodeIgniter.php(368): CodeIgniter\CodeIgniter->handleRequest(null, Object(Config\Cache), false)
10 FCPATH\index.php(71): CodeIgniter\CodeIgniter->run()
11 SYSTEMPATH\Commands\Server\rewrite.php(47): require_once('FCPATH\\index.php')
CRITICAL - 2023-05-15 22:43:29 --> Undefined array key "libelle"
in APPPATH\Models\UsersModel.php on line 48.
 1 APPPATH\Models\UsersModel.php(48): CodeIgniter\Debug\Exceptions->errorHandler(2, 'Undefined array key "libelle"', 'APPPATH\\Models\\UsersModel.php', 48)
 2 APPPATH\Models\UsersModel.php(23): App\Models\UsersModel->getNiveau(3)
 3 APPPATH\Controllers\Admin.php(78): App\Models\UsersModel->getAll()
 4 SYSTEMPATH\CodeIgniter.php(934): App\Controllers\Admin->members('Students')
 5 SYSTEMPATH\CodeIgniter.php(499): CodeIgniter\CodeIgniter->runController(Object(App\Controllers\Admin))
 6 SYSTEMPATH\CodeIgniter.php(368): CodeIgniter\CodeIgniter->handleRequest(null, Object(Config\Cache), false)
 7 FCPATH\index.php(71): CodeIgniter\CodeIgniter->run()
 8 SYSTEMPATH\Commands\Server\rewrite.php(47): require_once('FCPATH\\index.php')
CRITICAL - 2023-05-15 22:44:03 --> Array to string conversion
in APPPATH\Models\UsersModel.php on line 24.
 1 APPPATH\Models\UsersModel.php(24): CodeIgniter\Debug\Exceptions->errorHandler(2, 'Array to string conversion', 'APPPATH\\Models\\UsersModel.php', 24)
 2 APPPATH\Controllers\Admin.php(78): App\Models\UsersModel->getAll()
 3 SYSTEMPATH\CodeIgniter.php(934): App\Controllers\Admin->members('Students')
 4 SYSTEMPATH\CodeIgniter.php(499): CodeIgniter\CodeIgniter->runController(Object(App\Controllers\Admin))
 5 SYSTEMPATH\CodeIgniter.php(368): CodeIgniter\CodeIgniter->handleRequest(null, Object(Config\Cache), false)
 6 FCPATH\index.php(71): CodeIgniter\CodeIgniter->run()
 7 SYSTEMPATH\Commands\Server\rewrite.php(47): require_once('FCPATH\\index.php')
