ERROR - 2023-05-21 18:27:51 --> Error connecting to the database: mysqli_sql_exception: Aucune connexion n’a pu être établie car l’ordinateur cible l’a expressément refusée in C:\xampp3\htdocs\BibioMardi\system\Database\MySQLi\Connection.php:173
Stack trace:
#0 C:\xampp3\htdocs\BibioMardi\system\Database\MySQLi\Connection.php(173): mysqli->real_connect('localhost', 'root', Object(SensitiveParameterValue), 'Bibio', 3306, '', 0)
#1 C:\xampp3\htdocs\BibioMardi\system\Database\BaseConnection.php(391): CodeIgniter\Database\MySQLi\Connection->connect(false)
#2 C:\xampp3\htdocs\BibioMardi\system\Database\BaseConnection.php(573): CodeIgniter\Database\BaseConnection->initialize()
#3 C:\xampp3\htdocs\BibioMardi\system\Database\BaseBuilder.php(1602): CodeIgniter\Database\BaseConnection->query('SELECT *\nFROM `...', Array, false)
#4 C:\xampp3\htdocs\BibioMardi\app\Controllers\Admin.php(557): CodeIgniter\Database\BaseBuilder->get()
#5 C:\xampp3\htdocs\BibioMardi\system\CodeIgniter.php(934): App\Controllers\Admin->getBook()
#6 C:\xampp3\htdocs\BibioMardi\system\CodeIgniter.php(499): CodeIgniter\CodeIgniter->runController(Object(App\Controllers\Admin))
#7 C:\xampp3\htdocs\BibioMardi\system\CodeIgniter.php(368): CodeIgniter\CodeIgniter->handleRequest(NULL, Object(Config\Cache), false)
#8 C:\xampp3\htdocs\BibioMardi\public\index.php(71): CodeIgniter\CodeIgniter->run()
#9 C:\xampp3\htdocs\BibioMardi\system\Commands\Server\rewrite.php(47): require_once('C:\\xampp3\\htdoc...')
#10 {main}

Next CodeIgniter\Database\Exceptions\DatabaseException: Aucune connexion n’a pu être établie car l’ordinateur cible l’a expressément refusée in C:\xampp3\htdocs\BibioMardi\system\Database\MySQLi\Connection.php:218
Stack trace:
#0 C:\xampp3\htdocs\BibioMardi\system\Database\BaseConnection.php(391): CodeIgniter\Database\MySQLi\Connection->connect(false)
#1 C:\xampp3\htdocs\BibioMardi\system\Database\BaseConnection.php(573): CodeIgniter\Database\BaseConnection->initialize()
#2 C:\xampp3\htdocs\BibioMardi\system\Database\BaseBuilder.php(1602): CodeIgniter\Database\BaseConnection->query('SELECT *\nFROM `...', Array, false)
#3 C:\xampp3\htdocs\BibioMardi\app\Controllers\Admin.php(557): CodeIgniter\Database\BaseBuilder->get()
#4 C:\xampp3\htdocs\BibioMardi\system\CodeIgniter.php(934): App\Controllers\Admin->getBook()
#5 C:\xampp3\htdocs\BibioMardi\system\CodeIgniter.php(499): CodeIgniter\CodeIgniter->runController(Object(App\Controllers\Admin))
#6 C:\xampp3\htdocs\BibioMardi\system\CodeIgniter.php(368): CodeIgniter\CodeIgniter->handleRequest(NULL, Object(Config\Cache), false)
#7 C:\xampp3\htdocs\BibioMardi\public\index.php(71): CodeIgniter\CodeIgniter->run()
#8 C:\xampp3\htdocs\BibioMardi\system\Commands\Server\rewrite.php(47): require_once('C:\\xampp3\\htdoc...')
#9 {main}
CRITICAL - 2023-05-21 18:27:51 --> Unable to connect to the database.
Main connection [MySQLi]: Aucune connexion n’a pu être établie car l’ordinateur cible l’a expressément refusée
in SYSTEMPATH\Database\BaseConnection.php on line 427.
 1 SYSTEMPATH\Database\BaseConnection.php(573): CodeIgniter\Database\BaseConnection->initialize()
 2 SYSTEMPATH\Database\BaseBuilder.php(1602): CodeIgniter\Database\BaseConnection->query('SELECT *
FROM `livre`
WHERE `nom` LIKE :nom: ESCAPE \'!\'', [...], false)
 3 APPPATH\Controllers\Admin.php(557): CodeIgniter\Database\BaseBuilder->get()
 4 SYSTEMPATH\CodeIgniter.php(934): App\Controllers\Admin->getBook()
 5 SYSTEMPATH\CodeIgniter.php(499): CodeIgniter\CodeIgniter->runController(Object(App\Controllers\Admin))
 6 SYSTEMPATH\CodeIgniter.php(368): CodeIgniter\CodeIgniter->handleRequest(null, Object(Config\Cache), false)
 7 FCPATH\index.php(71): CodeIgniter\CodeIgniter->run()
 8 SYSTEMPATH\Commands\Server\rewrite.php(47): require_once('FCPATH\\index.php')
