CRITICAL - 2023-04-18 00:11:08 --> Call to undefined function set_value()
in APPPATH\Views\Auth\studentsRegisted.php on line 30.
 1 SYSTEMPATH\View\View.php(213): include()
 2 SYSTEMPATH\View\View.php(216): CodeIgniter\View\View->CodeIgniter\View\{closure}()
 3 SYSTEMPATH\Common.php(1177): CodeIgniter\View\View->render('Auth/studentsRegisted', [], true)
 4 APPPATH\Controllers\BaseController.php(87): view('Auth/studentsRegisted')
 5 APPPATH\Controllers\Users.php(27): App\Controllers\BaseController->render('studentsRegisted', [...], 'Auth/')
 6 SYSTEMPATH\CodeIgniter.php(934): App\Controllers\Users->studentsRegisted()
 7 SYSTEMPATH\CodeIgniter.php(499): CodeIgniter\CodeIgniter->runController(Object(App\Controllers\Users))
 8 SYSTEMPATH\CodeIgniter.php(368): CodeIgniter\CodeIgniter->handleRequest(null, Object(Config\Cache), false)
 9 FCPATH\index.php(71): CodeIgniter\CodeIgniter->run()
10 SYSTEMPATH\Commands\Server\rewrite.php(47): require_once('FCPATH\\index.php')
ERROR - 2023-04-18 08:16:19 --> mysqli_sql_exception: Incorrect table definition; there can be only one auto column and it must be defined as a key in C:\xampp3\htdocs\Bibio\system\Database\MySQLi\Connection.php:295
Stack trace:
#0 C:\xampp3\htdocs\Bibio\system\Database\MySQLi\Connection.php(295): mysqli->query('CREATE TABLE `p...', 0)
#1 C:\xampp3\htdocs\Bibio\system\Database\BaseConnection.php(691): CodeIgniter\Database\MySQLi\Connection->execute('CREATE TABLE `p...')
#2 C:\xampp3\htdocs\Bibio\system\Database\BaseConnection.php(605): CodeIgniter\Database\BaseConnection->simpleQuery('CREATE TABLE `p...')
#3 C:\xampp3\htdocs\Bibio\system\Database\Forge.php(546): CodeIgniter\Database\BaseConnection->query('CREATE TABLE `p...')
#4 C:\xampp3\htdocs\Bibio\app\Database\Migrations\2023-04-18-081032_CreatePrendreTable.php(49): CodeIgniter\Database\Forge->createTable('prendre')
#5 C:\xampp3\htdocs\Bibio\system\Database\MigrationRunner.php(877): App\Database\Migrations\CreatePrendreTable->up()
#6 C:\xampp3\htdocs\Bibio\system\Database\MigrationRunner.php(188): CodeIgniter\Database\MigrationRunner->migrate('up', Object(stdClass))
#7 C:\xampp3\htdocs\Bibio\system\Commands\Database\Migrate.php(84): CodeIgniter\Database\MigrationRunner->latest(NULL)
#8 C:\xampp3\htdocs\Bibio\system\CLI\Commands.php(65): CodeIgniter\Commands\Database\Migrate->run(Array)
#9 C:\xampp3\htdocs\Bibio\system\CLI\BaseCommand.php(114): CodeIgniter\CLI\Commands->run('migrate', Array)
#10 C:\xampp3\htdocs\Bibio\system\Commands\Database\MigrateRefresh.php(85): CodeIgniter\CLI\BaseCommand->call('migrate', Array)
#11 C:\xampp3\htdocs\Bibio\system\CLI\Commands.php(65): CodeIgniter\Commands\Database\MigrateRefresh->run(Array)
#12 C:\xampp3\htdocs\Bibio\system\CLI\Console.php(37): CodeIgniter\CLI\Commands->run('migrate:refresh', Array)
#13 C:\xampp3\htdocs\Bibio\spark(97): CodeIgniter\CLI\Console->run()
#14 {main}
ERROR - 2023-04-18 08:47:30 --> mysqli_sql_exception: Table 'departement' already exists in C:\xampp3\htdocs\Bibio\system\Database\MySQLi\Connection.php:295
Stack trace:
#0 C:\xampp3\htdocs\Bibio\system\Database\MySQLi\Connection.php(295): mysqli->query('CREATE TABLE `d...', 0)
#1 C:\xampp3\htdocs\Bibio\system\Database\BaseConnection.php(691): CodeIgniter\Database\MySQLi\Connection->execute('CREATE TABLE `d...')
#2 C:\xampp3\htdocs\Bibio\system\Database\BaseConnection.php(605): CodeIgniter\Database\BaseConnection->simpleQuery('CREATE TABLE `d...')
#3 C:\xampp3\htdocs\Bibio\system\Database\Forge.php(546): CodeIgniter\Database\BaseConnection->query('CREATE TABLE `d...')
#4 C:\xampp3\htdocs\Bibio\app\Database\Migrations\2023-04-17-172827_CreateDepartementTable.php(27): CodeIgniter\Database\Forge->createTable('departement')
#5 C:\xampp3\htdocs\Bibio\system\Database\MigrationRunner.php(877): App\Database\Migrations\CreateDepartementTable->up()
#6 C:\xampp3\htdocs\Bibio\system\Database\MigrationRunner.php(188): CodeIgniter\Database\MigrationRunner->migrate('up', Object(stdClass))
#7 C:\xampp3\htdocs\Bibio\system\Commands\Database\Migrate.php(84): CodeIgniter\Database\MigrationRunner->latest(NULL)
#8 C:\xampp3\htdocs\Bibio\system\CLI\Commands.php(65): CodeIgniter\Commands\Database\Migrate->run(Array)
#9 C:\xampp3\htdocs\Bibio\system\CLI\BaseCommand.php(114): CodeIgniter\CLI\Commands->run('migrate', Array)
#10 C:\xampp3\htdocs\Bibio\system\Commands\Database\MigrateRefresh.php(85): CodeIgniter\CLI\BaseCommand->call('migrate', Array)
#11 C:\xampp3\htdocs\Bibio\system\CLI\Commands.php(65): CodeIgniter\Commands\Database\MigrateRefresh->run(Array)
#12 C:\xampp3\htdocs\Bibio\system\CLI\Console.php(37): CodeIgniter\CLI\Commands->run('migrate:refresh', Array)
#13 C:\xampp3\htdocs\Bibio\spark(97): CodeIgniter\CLI\Console->run()
#14 {main}
ERROR - 2023-04-18 08:48:18 --> mysqli_sql_exception: Table 'departement' already exists in C:\xampp3\htdocs\Bibio\system\Database\MySQLi\Connection.php:295
Stack trace:
#0 C:\xampp3\htdocs\Bibio\system\Database\MySQLi\Connection.php(295): mysqli->query('CREATE TABLE `d...', 0)
#1 C:\xampp3\htdocs\Bibio\system\Database\BaseConnection.php(691): CodeIgniter\Database\MySQLi\Connection->execute('CREATE TABLE `d...')
#2 C:\xampp3\htdocs\Bibio\system\Database\BaseConnection.php(605): CodeIgniter\Database\BaseConnection->simpleQuery('CREATE TABLE `d...')
#3 C:\xampp3\htdocs\Bibio\system\Database\Forge.php(546): CodeIgniter\Database\BaseConnection->query('CREATE TABLE `d...')
#4 C:\xampp3\htdocs\Bibio\app\Database\Migrations\2023-04-17-172827_CreateDepartementTable.php(27): CodeIgniter\Database\Forge->createTable('departement')
#5 C:\xampp3\htdocs\Bibio\system\Database\MigrationRunner.php(877): App\Database\Migrations\CreateDepartementTable->up()
#6 C:\xampp3\htdocs\Bibio\system\Database\MigrationRunner.php(188): CodeIgniter\Database\MigrationRunner->migrate('up', Object(stdClass))
#7 C:\xampp3\htdocs\Bibio\system\Commands\Database\Migrate.php(84): CodeIgniter\Database\MigrationRunner->latest(NULL)
#8 C:\xampp3\htdocs\Bibio\system\CLI\Commands.php(65): CodeIgniter\Commands\Database\Migrate->run(Array)
#9 C:\xampp3\htdocs\Bibio\system\CLI\BaseCommand.php(114): CodeIgniter\CLI\Commands->run('migrate', Array)
#10 C:\xampp3\htdocs\Bibio\system\Commands\Database\MigrateRefresh.php(85): CodeIgniter\CLI\BaseCommand->call('migrate', Array)
#11 C:\xampp3\htdocs\Bibio\system\CLI\Commands.php(65): CodeIgniter\Commands\Database\MigrateRefresh->run(Array)
#12 C:\xampp3\htdocs\Bibio\system\CLI\Console.php(37): CodeIgniter\CLI\Commands->run('migrate:refresh', Array)
#13 C:\xampp3\htdocs\Bibio\spark(97): CodeIgniter\CLI\Console->run()
#14 {main}
ERROR - 2023-04-18 08:49:43 --> mysqli_sql_exception: Table 'departement' already exists in C:\xampp3\htdocs\Bibio\system\Database\MySQLi\Connection.php:295
Stack trace:
#0 C:\xampp3\htdocs\Bibio\system\Database\MySQLi\Connection.php(295): mysqli->query('CREATE TABLE `d...', 0)
#1 C:\xampp3\htdocs\Bibio\system\Database\BaseConnection.php(691): CodeIgniter\Database\MySQLi\Connection->execute('CREATE TABLE `d...')
#2 C:\xampp3\htdocs\Bibio\system\Database\BaseConnection.php(605): CodeIgniter\Database\BaseConnection->simpleQuery('CREATE TABLE `d...')
#3 C:\xampp3\htdocs\Bibio\system\Database\Forge.php(546): CodeIgniter\Database\BaseConnection->query('CREATE TABLE `d...')
#4 C:\xampp3\htdocs\Bibio\app\Database\Migrations\2023-04-17-172827_CreateDepartementTable.php(27): CodeIgniter\Database\Forge->createTable('departement')
#5 C:\xampp3\htdocs\Bibio\system\Database\MigrationRunner.php(877): App\Database\Migrations\CreateDepartementTable->up()
#6 C:\xampp3\htdocs\Bibio\system\Database\MigrationRunner.php(188): CodeIgniter\Database\MigrationRunner->migrate('up', Object(stdClass))
#7 C:\xampp3\htdocs\Bibio\system\Commands\Database\Migrate.php(84): CodeIgniter\Database\MigrationRunner->latest(NULL)
#8 C:\xampp3\htdocs\Bibio\system\CLI\Commands.php(65): CodeIgniter\Commands\Database\Migrate->run(Array)
#9 C:\xampp3\htdocs\Bibio\system\CLI\Console.php(37): CodeIgniter\CLI\Commands->run('migrate', Array)
#10 C:\xampp3\htdocs\Bibio\spark(97): CodeIgniter\CLI\Console->run()
#11 {main}
ERROR - 2023-04-18 08:50:15 --> mysqli_sql_exception: Table 'departement' already exists in C:\xampp3\htdocs\Bibio\system\Database\MySQLi\Connection.php:295
Stack trace:
#0 C:\xampp3\htdocs\Bibio\system\Database\MySQLi\Connection.php(295): mysqli->query('CREATE TABLE `d...', 0)
#1 C:\xampp3\htdocs\Bibio\system\Database\BaseConnection.php(691): CodeIgniter\Database\MySQLi\Connection->execute('CREATE TABLE `d...')
#2 C:\xampp3\htdocs\Bibio\system\Database\BaseConnection.php(605): CodeIgniter\Database\BaseConnection->simpleQuery('CREATE TABLE `d...')
#3 C:\xampp3\htdocs\Bibio\system\Database\Forge.php(546): CodeIgniter\Database\BaseConnection->query('CREATE TABLE `d...')
#4 C:\xampp3\htdocs\Bibio\app\Database\Migrations\2023-04-17-172827_CreateDepartementTable.php(27): CodeIgniter\Database\Forge->createTable('departement')
#5 C:\xampp3\htdocs\Bibio\system\Database\MigrationRunner.php(877): App\Database\Migrations\CreateDepartementTable->up()
#6 C:\xampp3\htdocs\Bibio\system\Database\MigrationRunner.php(188): CodeIgniter\Database\MigrationRunner->migrate('up', Object(stdClass))
#7 C:\xampp3\htdocs\Bibio\system\Commands\Database\Migrate.php(84): CodeIgniter\Database\MigrationRunner->latest(NULL)
#8 C:\xampp3\htdocs\Bibio\system\CLI\Commands.php(65): CodeIgniter\Commands\Database\Migrate->run(Array)
#9 C:\xampp3\htdocs\Bibio\system\CLI\BaseCommand.php(114): CodeIgniter\CLI\Commands->run('migrate', Array)
#10 C:\xampp3\htdocs\Bibio\system\Commands\Database\MigrateRefresh.php(85): CodeIgniter\CLI\BaseCommand->call('migrate', Array)
#11 C:\xampp3\htdocs\Bibio\system\CLI\Commands.php(65): CodeIgniter\Commands\Database\MigrateRefresh->run(Array)
#12 C:\xampp3\htdocs\Bibio\system\CLI\Console.php(37): CodeIgniter\CLI\Commands->run('migrate:refresh', Array)
#13 C:\xampp3\htdocs\Bibio\spark(97): CodeIgniter\CLI\Console->run()
#14 {main}
ERROR - 2023-04-18 08:50:32 --> mysqli_sql_exception: Table 'departement' already exists in C:\xampp3\htdocs\Bibio\system\Database\MySQLi\Connection.php:295
Stack trace:
#0 C:\xampp3\htdocs\Bibio\system\Database\MySQLi\Connection.php(295): mysqli->query('CREATE TABLE `d...', 0)
#1 C:\xampp3\htdocs\Bibio\system\Database\BaseConnection.php(691): CodeIgniter\Database\MySQLi\Connection->execute('CREATE TABLE `d...')
#2 C:\xampp3\htdocs\Bibio\system\Database\BaseConnection.php(605): CodeIgniter\Database\BaseConnection->simpleQuery('CREATE TABLE `d...')
#3 C:\xampp3\htdocs\Bibio\system\Database\Forge.php(546): CodeIgniter\Database\BaseConnection->query('CREATE TABLE `d...')
#4 C:\xampp3\htdocs\Bibio\app\Database\Migrations\2023-04-17-172827_CreateDepartementTable.php(27): CodeIgniter\Database\Forge->createTable('departement')
#5 C:\xampp3\htdocs\Bibio\system\Database\MigrationRunner.php(877): App\Database\Migrations\CreateDepartementTable->up()
#6 C:\xampp3\htdocs\Bibio\system\Database\MigrationRunner.php(188): CodeIgniter\Database\MigrationRunner->migrate('up', Object(stdClass))
#7 C:\xampp3\htdocs\Bibio\system\Commands\Database\Migrate.php(84): CodeIgniter\Database\MigrationRunner->latest(NULL)
#8 C:\xampp3\htdocs\Bibio\system\CLI\Commands.php(65): CodeIgniter\Commands\Database\Migrate->run(Array)
#9 C:\xampp3\htdocs\Bibio\system\CLI\BaseCommand.php(114): CodeIgniter\CLI\Commands->run('migrate', Array)
#10 C:\xampp3\htdocs\Bibio\system\Commands\Database\MigrateRefresh.php(85): CodeIgniter\CLI\BaseCommand->call('migrate', Array)
#11 C:\xampp3\htdocs\Bibio\system\CLI\Commands.php(65): CodeIgniter\Commands\Database\MigrateRefresh->run(Array)
#12 C:\xampp3\htdocs\Bibio\system\CLI\Console.php(37): CodeIgniter\CLI\Commands->run('migrate:refresh', Array)
#13 C:\xampp3\htdocs\Bibio\spark(97): CodeIgniter\CLI\Console->run()
#14 {main}
ERROR - 2023-04-18 08:51:32 --> mysqli_sql_exception: Table 'departement' already exists in C:\xampp3\htdocs\Bibio\system\Database\MySQLi\Connection.php:295
Stack trace:
#0 C:\xampp3\htdocs\Bibio\system\Database\MySQLi\Connection.php(295): mysqli->query('CREATE TABLE `d...', 0)
#1 C:\xampp3\htdocs\Bibio\system\Database\BaseConnection.php(691): CodeIgniter\Database\MySQLi\Connection->execute('CREATE TABLE `d...')
#2 C:\xampp3\htdocs\Bibio\system\Database\BaseConnection.php(605): CodeIgniter\Database\BaseConnection->simpleQuery('CREATE TABLE `d...')
#3 C:\xampp3\htdocs\Bibio\system\Database\Forge.php(546): CodeIgniter\Database\BaseConnection->query('CREATE TABLE `d...')
#4 C:\xampp3\htdocs\Bibio\app\Database\Migrations\2023-04-17-172827_CreateDepartementTable.php(27): CodeIgniter\Database\Forge->createTable('departement')
#5 C:\xampp3\htdocs\Bibio\system\Database\MigrationRunner.php(877): App\Database\Migrations\CreateDepartementTable->up()
#6 C:\xampp3\htdocs\Bibio\system\Database\MigrationRunner.php(188): CodeIgniter\Database\MigrationRunner->migrate('up', Object(stdClass))
#7 C:\xampp3\htdocs\Bibio\system\Commands\Database\Migrate.php(84): CodeIgniter\Database\MigrationRunner->latest(NULL)
#8 C:\xampp3\htdocs\Bibio\system\CLI\Commands.php(65): CodeIgniter\Commands\Database\Migrate->run(Array)
#9 C:\xampp3\htdocs\Bibio\system\CLI\BaseCommand.php(114): CodeIgniter\CLI\Commands->run('migrate', Array)
#10 C:\xampp3\htdocs\Bibio\system\Commands\Database\MigrateRefresh.php(85): CodeIgniter\CLI\BaseCommand->call('migrate', Array)
#11 C:\xampp3\htdocs\Bibio\system\CLI\Commands.php(65): CodeIgniter\Commands\Database\MigrateRefresh->run(Array)
#12 C:\xampp3\htdocs\Bibio\system\CLI\Console.php(37): CodeIgniter\CLI\Commands->run('migrate:refresh', Array)
#13 C:\xampp3\htdocs\Bibio\spark(97): CodeIgniter\CLI\Console->run()
#14 {main}
