CRITICAL - 2023-04-19 07:12:57 --> Call to undefined function link_tag()
in APPPATH\Views\templates\header.php on line 8.
 1 SYSTEMPATH\View\View.php(213): include()
 2 SYSTEMPATH\View\View.php(216): CodeIgniter\View\View->CodeIgniter\View\{closure}()
 3 SYSTEMPATH\Common.php(1177): CodeIgniter\View\View->render('templates/header', [], true)
 4 APPPATH\Controllers\BaseController.php(96): view('templates/header', [...])
 5 APPPATH\Controllers\Admin.php(28): App\Controllers\BaseController->render('login', [...], 'Admin/')
 6 SYSTEMPATH\CodeIgniter.php(934): App\Controllers\Admin->dashboard()
 7 SYSTEMPATH\CodeIgniter.php(499): CodeIgniter\CodeIgniter->runController(Object(App\Controllers\Admin))
 8 SYSTEMPATH\CodeIgniter.php(368): CodeIgniter\CodeIgniter->handleRequest(null, Object(Config\Cache), false)
 9 FCPATH\index.php(71): CodeIgniter\CodeIgniter->run()
10 SYSTEMPATH\Commands\Server\rewrite.php(47): require_once('FCPATH\\index.php')
CRITICAL - 2023-04-19 07:12:58 --> Call to undefined function link_tag()
in APPPATH\Views\templates\header.php on line 8.
 1 SYSTEMPATH\View\View.php(213): include()
 2 SYSTEMPATH\View\View.php(216): CodeIgniter\View\View->CodeIgniter\View\{closure}()
 3 SYSTEMPATH\Common.php(1177): CodeIgniter\View\View->render('templates/header', [], true)
 4 APPPATH\Controllers\BaseController.php(96): view('templates/header', [...])
 5 APPPATH\Controllers\Admin.php(28): App\Controllers\BaseController->render('login', [...], 'Admin/')
 6 SYSTEMPATH\CodeIgniter.php(934): App\Controllers\Admin->dashboard()
 7 SYSTEMPATH\CodeIgniter.php(499): CodeIgniter\CodeIgniter->runController(Object(App\Controllers\Admin))
 8 SYSTEMPATH\CodeIgniter.php(368): CodeIgniter\CodeIgniter->handleRequest(null, Object(Config\Cache), false)
 9 FCPATH\index.php(71): CodeIgniter\CodeIgniter->run()
10 SYSTEMPATH\Commands\Server\rewrite.php(47): require_once('FCPATH\\index.php')
CRITICAL - 2023-04-19 07:13:13 --> Invalid file: "Admin/login.php"
in SYSTEMPATH\Exceptions\FrameworkException.php on line 33.
 1 SYSTEMPATH\View\View.php(201): CodeIgniter\Exceptions\FrameworkException::forInvalidFile('Admin/login.php')
 2 SYSTEMPATH\Common.php(1177): CodeIgniter\View\View->render('Admin/login', [], true)
 3 APPPATH\Controllers\BaseController.php(97): view('Admin/login')
 4 APPPATH\Controllers\Admin.php(32): App\Controllers\BaseController->render('login', [...], 'Admin/')
 5 SYSTEMPATH\CodeIgniter.php(934): App\Controllers\Admin->dashboard()
 6 SYSTEMPATH\CodeIgniter.php(499): CodeIgniter\CodeIgniter->runController(Object(App\Controllers\Admin))
 7 SYSTEMPATH\CodeIgniter.php(368): CodeIgniter\CodeIgniter->handleRequest(null, Object(Config\Cache), false)
 8 FCPATH\index.php(71): CodeIgniter\CodeIgniter->run()
 9 SYSTEMPATH\Commands\Server\rewrite.php(47): require_once('FCPATH\\index.php')
