CRITICAL - 2023-05-08 09:10:32 --> Too few arguments to function App\Controllers\ApiController::data(), 0 passed in C:\xampp3\htdocs\BibioMardi\system\CodeIgniter.php on line 934 and exactly 1 expected
in APPPATH\Controllers\ApiController.php on line 14.
 1 SYSTEMPATH\CodeIgniter.php(934): App\Controllers\ApiController->data()
 2 SYSTEMPATH\CodeIgniter.php(499): CodeIgniter\CodeIgniter->runController(Object(App\Controllers\ApiController))
 3 SYSTEMPATH\CodeIgniter.php(368): CodeIgniter\CodeIgniter->handleRequest(null, Object(Config\Cache), false)
 4 FCPATH\index.php(71): CodeIgniter\CodeIgniter->run()
 5 SYSTEMPATH\Commands\Server\rewrite.php(47): require_once('FCPATH\\index.php')
CRITICAL - 2023-05-08 09:16:14 --> Too few arguments to function App\Controllers\ApiController::data(), 0 passed in C:\xampp3\htdocs\BibioMardi\system\CodeIgniter.php on line 934 and exactly 1 expected
in APPPATH\Controllers\ApiController.php on line 14.
 1 SYSTEMPATH\CodeIgniter.php(934): App\Controllers\ApiController->data()
 2 SYSTEMPATH\CodeIgniter.php(499): CodeIgniter\CodeIgniter->runController(Object(App\Controllers\ApiController))
 3 SYSTEMPATH\CodeIgniter.php(368): CodeIgniter\CodeIgniter->handleRequest(null, Object(Config\Cache), false)
 4 FCPATH\index.php(71): CodeIgniter\CodeIgniter->run()
 5 SYSTEMPATH\Commands\Server\rewrite.php(47): require_once('FCPATH\\index.php')
CRITICAL - 2023-05-08 09:16:49 --> Too few arguments to function App\Controllers\ApiController::data(), 0 passed in C:\xampp3\htdocs\BibioMardi\system\CodeIgniter.php on line 934 and exactly 1 expected
in APPPATH\Controllers\ApiController.php on line 14.
 1 SYSTEMPATH\CodeIgniter.php(934): App\Controllers\ApiController->data()
 2 SYSTEMPATH\CodeIgniter.php(499): CodeIgniter\CodeIgniter->runController(Object(App\Controllers\ApiController))
 3 SYSTEMPATH\CodeIgniter.php(368): CodeIgniter\CodeIgniter->handleRequest(null, Object(Config\Cache), false)
 4 FCPATH\index.php(71): CodeIgniter\CodeIgniter->run()
 5 SYSTEMPATH\Commands\Server\rewrite.php(47): require_once('FCPATH\\index.php')
CRITICAL - 2023-05-08 13:38:03 --> Too few arguments to function App\Controllers\ApiController::data(), 0 passed in C:\xampp3\htdocs\BibioMardi\system\CodeIgniter.php on line 934 and exactly 1 expected
in APPPATH\Controllers\ApiController.php on line 14.
 1 SYSTEMPATH\CodeIgniter.php(934): App\Controllers\ApiController->data()
 2 SYSTEMPATH\CodeIgniter.php(499): CodeIgniter\CodeIgniter->runController(Object(App\Controllers\ApiController))
 3 SYSTEMPATH\CodeIgniter.php(368): CodeIgniter\CodeIgniter->handleRequest(null, Object(Config\Cache), false)
 4 FCPATH\index.php(71): CodeIgniter\CodeIgniter->run()
 5 SYSTEMPATH\Commands\Server\rewrite.php(47): require_once('FCPATH\\index.php')
CRITICAL - 2023-05-08 13:46:03 --> Too few arguments to function App\Controllers\ApiController::data(), 0 passed in C:\xampp3\htdocs\BibioMardi\system\CodeIgniter.php on line 934 and exactly 1 expected
in APPPATH\Controllers\ApiController.php on line 14.
 1 SYSTEMPATH\CodeIgniter.php(934): App\Controllers\ApiController->data()
 2 SYSTEMPATH\CodeIgniter.php(499): CodeIgniter\CodeIgniter->runController(Object(App\Controllers\ApiController))
 3 SYSTEMPATH\CodeIgniter.php(368): CodeIgniter\CodeIgniter->handleRequest(null, Object(Config\Cache), false)
 4 FCPATH\index.php(71): CodeIgniter\CodeIgniter->run()
 5 SYSTEMPATH\Commands\Server\rewrite.php(47): require_once('FCPATH\\index.php')
CRITICAL - 2023-05-08 13:48:27 --> Too few arguments to function App\Controllers\ApiController::data(), 0 passed in C:\xampp3\htdocs\BibioMardi\system\CodeIgniter.php on line 934 and exactly 1 expected
in APPPATH\Controllers\ApiController.php on line 14.
 1 SYSTEMPATH\CodeIgniter.php(934): App\Controllers\ApiController->data()
 2 SYSTEMPATH\CodeIgniter.php(499): CodeIgniter\CodeIgniter->runController(Object(App\Controllers\ApiController))
 3 SYSTEMPATH\CodeIgniter.php(368): CodeIgniter\CodeIgniter->handleRequest(null, Object(Config\Cache), false)
 4 FCPATH\index.php(71): CodeIgniter\CodeIgniter->run()
 5 SYSTEMPATH\Commands\Server\rewrite.php(47): require_once('FCPATH\\index.php')
CRITICAL - 2023-05-08 13:51:04 --> Too few arguments to function App\Controllers\ApiController::data(), 0 passed in C:\xampp3\htdocs\BibioMardi\system\CodeIgniter.php on line 934 and exactly 1 expected
in APPPATH\Controllers\ApiController.php on line 14.
 1 SYSTEMPATH\CodeIgniter.php(934): App\Controllers\ApiController->data()
 2 SYSTEMPATH\CodeIgniter.php(499): CodeIgniter\CodeIgniter->runController(Object(App\Controllers\ApiController))
 3 SYSTEMPATH\CodeIgniter.php(368): CodeIgniter\CodeIgniter->handleRequest(null, Object(Config\Cache), false)
 4 FCPATH\index.php(71): CodeIgniter\CodeIgniter->run()
 5 SYSTEMPATH\Commands\Server\rewrite.php(47): require_once('FCPATH\\index.php')
CRITICAL - 2023-05-08 13:51:26 --> Too few arguments to function App\Controllers\ApiController::data(), 0 passed in C:\xampp3\htdocs\BibioMardi\system\CodeIgniter.php on line 934 and exactly 1 expected
in APPPATH\Controllers\ApiController.php on line 14.
 1 SYSTEMPATH\CodeIgniter.php(934): App\Controllers\ApiController->data()
 2 SYSTEMPATH\CodeIgniter.php(499): CodeIgniter\CodeIgniter->runController(Object(App\Controllers\ApiController))
 3 SYSTEMPATH\CodeIgniter.php(368): CodeIgniter\CodeIgniter->handleRequest(null, Object(Config\Cache), false)
 4 FCPATH\index.php(71): CodeIgniter\CodeIgniter->run()
 5 SYSTEMPATH\Commands\Server\rewrite.php(47): require_once('FCPATH\\index.php')
CRITICAL - 2023-05-08 13:58:42 --> Too few arguments to function App\Controllers\ApiController::data(), 0 passed in C:\xampp3\htdocs\BibioMardi\system\CodeIgniter.php on line 934 and exactly 1 expected
in APPPATH\Controllers\ApiController.php on line 14.
 1 SYSTEMPATH\CodeIgniter.php(934): App\Controllers\ApiController->data()
 2 SYSTEMPATH\CodeIgniter.php(499): CodeIgniter\CodeIgniter->runController(Object(App\Controllers\ApiController))
 3 SYSTEMPATH\CodeIgniter.php(368): CodeIgniter\CodeIgniter->handleRequest(null, Object(Config\Cache), false)
 4 FCPATH\index.php(71): CodeIgniter\CodeIgniter->run()
 5 SYSTEMPATH\Commands\Server\rewrite.php(47): require_once('FCPATH\\index.php')
CRITICAL - 2023-05-08 13:59:52 --> Too few arguments to function App\Controllers\ApiController::data(), 0 passed in C:\xampp3\htdocs\BibioMardi\system\CodeIgniter.php on line 934 and exactly 1 expected
in APPPATH\Controllers\ApiController.php on line 14.
 1 SYSTEMPATH\CodeIgniter.php(934): App\Controllers\ApiController->data()
 2 SYSTEMPATH\CodeIgniter.php(499): CodeIgniter\CodeIgniter->runController(Object(App\Controllers\ApiController))
 3 SYSTEMPATH\CodeIgniter.php(368): CodeIgniter\CodeIgniter->handleRequest(null, Object(Config\Cache), false)
 4 FCPATH\index.php(71): CodeIgniter\CodeIgniter->run()
 5 SYSTEMPATH\Commands\Server\rewrite.php(47): require_once('FCPATH\\index.php')
CRITICAL - 2023-05-08 14:22:39 --> Too few arguments to function App\Controllers\ApiController::data(), 0 passed in C:\xampp3\htdocs\BibioMardi\system\CodeIgniter.php on line 934 and exactly 1 expected
in APPPATH\Controllers\ApiController.php on line 14.
 1 SYSTEMPATH\CodeIgniter.php(934): App\Controllers\ApiController->data()
 2 SYSTEMPATH\CodeIgniter.php(499): CodeIgniter\CodeIgniter->runController(Object(App\Controllers\ApiController))
 3 SYSTEMPATH\CodeIgniter.php(368): CodeIgniter\CodeIgniter->handleRequest(null, Object(Config\Cache), false)
 4 FCPATH\index.php(71): CodeIgniter\CodeIgniter->run()
 5 SYSTEMPATH\Commands\Server\rewrite.php(47): require_once('FCPATH\\index.php')
CRITICAL - 2023-05-08 14:24:37 --> Too few arguments to function App\Controllers\ApiController::data(), 0 passed in C:\xampp3\htdocs\BibioMardi\system\CodeIgniter.php on line 934 and exactly 1 expected
in APPPATH\Controllers\ApiController.php on line 14.
 1 SYSTEMPATH\CodeIgniter.php(934): App\Controllers\ApiController->data()
 2 SYSTEMPATH\CodeIgniter.php(499): CodeIgniter\CodeIgniter->runController(Object(App\Controllers\ApiController))
 3 SYSTEMPATH\CodeIgniter.php(368): CodeIgniter\CodeIgniter->handleRequest(null, Object(Config\Cache), false)
 4 FCPATH\index.php(71): CodeIgniter\CodeIgniter->run()
 5 SYSTEMPATH\Commands\Server\rewrite.php(47): require_once('FCPATH\\index.php')
CRITICAL - 2023-05-08 15:27:06 --> Too few arguments to function App\Controllers\ApiController::data(), 0 passed in C:\xampp3\htdocs\BibioMardi\system\CodeIgniter.php on line 934 and exactly 1 expected
in APPPATH\Controllers\ApiController.php on line 14.
 1 SYSTEMPATH\CodeIgniter.php(934): App\Controllers\ApiController->data()
 2 SYSTEMPATH\CodeIgniter.php(499): CodeIgniter\CodeIgniter->runController(Object(App\Controllers\ApiController))
 3 SYSTEMPATH\CodeIgniter.php(368): CodeIgniter\CodeIgniter->handleRequest(null, Object(Config\Cache), false)
 4 FCPATH\index.php(71): CodeIgniter\CodeIgniter->run()
 5 SYSTEMPATH\Commands\Server\rewrite.php(47): require_once('FCPATH\\index.php')
CRITICAL - 2023-05-08 15:29:37 --> Too few arguments to function App\Controllers\ApiController::data(), 0 passed in C:\xampp3\htdocs\BibioMardi\system\CodeIgniter.php on line 934 and exactly 1 expected
in APPPATH\Controllers\ApiController.php on line 14.
 1 SYSTEMPATH\CodeIgniter.php(934): App\Controllers\ApiController->data()
 2 SYSTEMPATH\CodeIgniter.php(499): CodeIgniter\CodeIgniter->runController(Object(App\Controllers\ApiController))
 3 SYSTEMPATH\CodeIgniter.php(368): CodeIgniter\CodeIgniter->handleRequest(null, Object(Config\Cache), false)
 4 FCPATH\index.php(71): CodeIgniter\CodeIgniter->run()
 5 SYSTEMPATH\Commands\Server\rewrite.php(47): require_once('FCPATH\\index.php')
CRITICAL - 2023-05-08 15:29:59 --> Too few arguments to function App\Controllers\ApiController::data(), 0 passed in C:\xampp3\htdocs\BibioMardi\system\CodeIgniter.php on line 934 and exactly 1 expected
in APPPATH\Controllers\ApiController.php on line 14.
 1 SYSTEMPATH\CodeIgniter.php(934): App\Controllers\ApiController->data()
 2 SYSTEMPATH\CodeIgniter.php(499): CodeIgniter\CodeIgniter->runController(Object(App\Controllers\ApiController))
 3 SYSTEMPATH\CodeIgniter.php(368): CodeIgniter\CodeIgniter->handleRequest(null, Object(Config\Cache), false)
 4 FCPATH\index.php(71): CodeIgniter\CodeIgniter->run()
 5 SYSTEMPATH\Commands\Server\rewrite.php(47): require_once('FCPATH\\index.php')
CRITICAL - 2023-05-08 15:30:51 --> Too few arguments to function App\Controllers\ApiController::data(), 0 passed in C:\xampp3\htdocs\BibioMardi\system\CodeIgniter.php on line 934 and exactly 1 expected
in APPPATH\Controllers\ApiController.php on line 14.
 1 SYSTEMPATH\CodeIgniter.php(934): App\Controllers\ApiController->data()
 2 SYSTEMPATH\CodeIgniter.php(499): CodeIgniter\CodeIgniter->runController(Object(App\Controllers\ApiController))
 3 SYSTEMPATH\CodeIgniter.php(368): CodeIgniter\CodeIgniter->handleRequest(null, Object(Config\Cache), false)
 4 FCPATH\index.php(71): CodeIgniter\CodeIgniter->run()
 5 SYSTEMPATH\Commands\Server\rewrite.php(47): require_once('FCPATH\\index.php')
CRITICAL - 2023-05-08 15:31:34 --> Too few arguments to function App\Controllers\ApiController::data(), 0 passed in C:\xampp3\htdocs\BibioMardi\system\CodeIgniter.php on line 934 and exactly 1 expected
in APPPATH\Controllers\ApiController.php on line 14.
 1 SYSTEMPATH\CodeIgniter.php(934): App\Controllers\ApiController->data()
 2 SYSTEMPATH\CodeIgniter.php(499): CodeIgniter\CodeIgniter->runController(Object(App\Controllers\ApiController))
 3 SYSTEMPATH\CodeIgniter.php(368): CodeIgniter\CodeIgniter->handleRequest(null, Object(Config\Cache), false)
 4 FCPATH\index.php(71): CodeIgniter\CodeIgniter->run()
 5 SYSTEMPATH\Commands\Server\rewrite.php(47): require_once('FCPATH\\index.php')
CRITICAL - 2023-05-08 15:32:22 --> Too few arguments to function App\Controllers\ApiController::data(), 0 passed in C:\xampp3\htdocs\BibioMardi\system\CodeIgniter.php on line 934 and exactly 1 expected
in APPPATH\Controllers\ApiController.php on line 14.
 1 SYSTEMPATH\CodeIgniter.php(934): App\Controllers\ApiController->data()
 2 SYSTEMPATH\CodeIgniter.php(499): CodeIgniter\CodeIgniter->runController(Object(App\Controllers\ApiController))
 3 SYSTEMPATH\CodeIgniter.php(368): CodeIgniter\CodeIgniter->handleRequest(null, Object(Config\Cache), false)
 4 FCPATH\index.php(71): CodeIgniter\CodeIgniter->run()
 5 SYSTEMPATH\Commands\Server\rewrite.php(47): require_once('FCPATH\\index.php')
CRITICAL - 2023-05-08 15:32:30 --> Too few arguments to function App\Controllers\ApiController::data(), 0 passed in C:\xampp3\htdocs\BibioMardi\system\CodeIgniter.php on line 934 and exactly 1 expected
in APPPATH\Controllers\ApiController.php on line 14.
 1 SYSTEMPATH\CodeIgniter.php(934): App\Controllers\ApiController->data()
 2 SYSTEMPATH\CodeIgniter.php(499): CodeIgniter\CodeIgniter->runController(Object(App\Controllers\ApiController))
 3 SYSTEMPATH\CodeIgniter.php(368): CodeIgniter\CodeIgniter->handleRequest(null, Object(Config\Cache), false)
 4 FCPATH\index.php(71): CodeIgniter\CodeIgniter->run()
 5 SYSTEMPATH\Commands\Server\rewrite.php(47): require_once('FCPATH\\index.php')
CRITICAL - 2023-05-08 15:33:11 --> Too few arguments to function App\Controllers\ApiController::data(), 0 passed in C:\xampp3\htdocs\BibioMardi\system\CodeIgniter.php on line 934 and exactly 1 expected
in APPPATH\Controllers\ApiController.php on line 14.
 1 SYSTEMPATH\CodeIgniter.php(934): App\Controllers\ApiController->data()
 2 SYSTEMPATH\CodeIgniter.php(499): CodeIgniter\CodeIgniter->runController(Object(App\Controllers\ApiController))
 3 SYSTEMPATH\CodeIgniter.php(368): CodeIgniter\CodeIgniter->handleRequest(null, Object(Config\Cache), false)
 4 FCPATH\index.php(71): CodeIgniter\CodeIgniter->run()
 5 SYSTEMPATH\Commands\Server\rewrite.php(47): require_once('FCPATH\\index.php')
