CRITICAL - 2023-04-22 00:21:48 --> The action you requested is not allowed.
in SYSTEMPATH\Security\Security.php on line 306.
 1 SYSTEMPATH\Security\Security.php(306): CodeIgniter\Security\Exceptions\SecurityException::forDisallowedAction()
 2 SYSTEMPATH\Filters\CSRF.php(55): CodeIgniter\Security\Security->verify(Object(CodeIgniter\HTTP\IncomingRequest))
 3 SYSTEMPATH\Filters\Filters.php(173): CodeIgniter\Filters\CSRF->before(Object(CodeIgniter\HTTP\IncomingRequest), null)
 4 SYSTEMPATH\CodeIgniter.php(473): CodeIgniter\Filters\Filters->run('api/registrationpermonth', 'before')
 5 SYSTEMPATH\CodeIgniter.php(368): CodeIgniter\CodeIgniter->handleRequest(null, Object(Config\Cache), false)
 6 FCPATH\index.php(71): CodeIgniter\CodeIgniter->run()
 7 SYSTEMPATH\Commands\Server\rewrite.php(47): require_once('FCPATH\\index.php')
CRITICAL - 2023-04-22 11:39:27 --> file_get_contents(/assets/js/language.json): Failed to open stream: No such file or directory
in APPPATH\Views\Admin\books.php on line 323.
 1 [internal function]: CodeIgniter\Debug\Exceptions->errorHandler(2, 'file_get_contents(/assets/js/language.json): Failed to open stream: No such file or directory', 'APPPATH\\Views\\Admin\\books.php', 323)
 2 APPPATH\Views\Admin\books.php(323): file_get_contents('/assets/js/language.json')
 3 SYSTEMPATH\View\View.php(213): include('APPPATH\\Views\\Admin\\books.php')
 4 SYSTEMPATH\View\View.php(216): CodeIgniter\View\View->CodeIgniter\View\{closure}()
 5 SYSTEMPATH\Common.php(1177): CodeIgniter\View\View->render('Admin/books', [], true)
 6 APPPATH\Controllers\BaseController.php(97): view('Admin/books')
 7 APPPATH\Controllers\Admin.php(76): App\Controllers\BaseController->render('books', [...], 'Admin/', 'templates/headerAdmin', 'templates/footerAdmin')
 8 SYSTEMPATH\CodeIgniter.php(934): App\Controllers\Admin->books()
 9 SYSTEMPATH\CodeIgniter.php(499): CodeIgniter\CodeIgniter->runController(Object(App\Controllers\Admin))
10 SYSTEMPATH\CodeIgniter.php(368): CodeIgniter\CodeIgniter->handleRequest(null, Object(Config\Cache), false)
11 FCPATH\index.php(71): CodeIgniter\CodeIgniter->run()
12 SYSTEMPATH\Commands\Server\rewrite.php(47): require_once('FCPATH\\index.php')
CRITICAL - 2023-04-22 11:41:04 --> file_get_contents(../../../assets/js/language.json): Failed to open stream: No such file or directory
in APPPATH\Views\Admin\books.php on line 323.
 1 [internal function]: CodeIgniter\Debug\Exceptions->errorHandler(2, 'file_get_contents(../../../assets/js/language.json): Failed to open stream: No such file or directory', 'APPPATH\\Views\\Admin\\books.php', 323)
 2 APPPATH\Views\Admin\books.php(323): file_get_contents('../../../assets/js/language.json')
 3 SYSTEMPATH\View\View.php(213): include('APPPATH\\Views\\Admin\\books.php')
 4 SYSTEMPATH\View\View.php(216): CodeIgniter\View\View->CodeIgniter\View\{closure}()
 5 SYSTEMPATH\Common.php(1177): CodeIgniter\View\View->render('Admin/books', [], true)
 6 APPPATH\Controllers\BaseController.php(97): view('Admin/books')
 7 APPPATH\Controllers\Admin.php(76): App\Controllers\BaseController->render('books', [...], 'Admin/', 'templates/headerAdmin', 'templates/footerAdmin')
 8 SYSTEMPATH\CodeIgniter.php(934): App\Controllers\Admin->books()
 9 SYSTEMPATH\CodeIgniter.php(499): CodeIgniter\CodeIgniter->runController(Object(App\Controllers\Admin))
10 SYSTEMPATH\CodeIgniter.php(368): CodeIgniter\CodeIgniter->handleRequest(null, Object(Config\Cache), false)
11 FCPATH\index.php(71): CodeIgniter\CodeIgniter->run()
12 SYSTEMPATH\Commands\Server\rewrite.php(47): require_once('FCPATH\\index.php')
CRITICAL - 2023-04-22 11:44:26 --> file_get_contents(../../../public/assets/js/language.json): Failed to open stream: No such file or directory
in APPPATH\Views\Admin\books.php on line 323.
 1 [internal function]: CodeIgniter\Debug\Exceptions->errorHandler(2, 'file_get_contents(../../../public/assets/js/language.json): Failed to open stream: No such file or directory', 'APPPATH\\Views\\Admin\\books.php', 323)
 2 APPPATH\Views\Admin\books.php(323): file_get_contents('../../../public/assets/js/language.json')
 3 SYSTEMPATH\View\View.php(213): include('APPPATH\\Views\\Admin\\books.php')
 4 SYSTEMPATH\View\View.php(216): CodeIgniter\View\View->CodeIgniter\View\{closure}()
 5 SYSTEMPATH\Common.php(1177): CodeIgniter\View\View->render('Admin/books', [], true)
 6 APPPATH\Controllers\BaseController.php(97): view('Admin/books')
 7 APPPATH\Controllers\Admin.php(76): App\Controllers\BaseController->render('books', [...], 'Admin/', 'templates/headerAdmin', 'templates/footerAdmin')
 8 SYSTEMPATH\CodeIgniter.php(934): App\Controllers\Admin->books()
 9 SYSTEMPATH\CodeIgniter.php(499): CodeIgniter\CodeIgniter->runController(Object(App\Controllers\Admin))
10 SYSTEMPATH\CodeIgniter.php(368): CodeIgniter\CodeIgniter->handleRequest(null, Object(Config\Cache), false)
11 FCPATH\index.php(71): CodeIgniter\CodeIgniter->run()
12 SYSTEMPATH\Commands\Server\rewrite.php(47): require_once('FCPATH\\index.php')
CRITICAL - 2023-04-22 11:46:00 --> file_get_contents(../../../../public/assets/js/language.json): Failed to open stream: No such file or directory
in APPPATH\Views\Admin\books.php on line 323.
 1 [internal function]: CodeIgniter\Debug\Exceptions->errorHandler(2, 'file_get_contents(../../../../public/assets/js/language.json): Failed to open stream: No such file or directory', 'APPPATH\\Views\\Admin\\books.php', 323)
 2 APPPATH\Views\Admin\books.php(323): file_get_contents('../../../../public/assets/js/language.json')
 3 SYSTEMPATH\View\View.php(213): include('APPPATH\\Views\\Admin\\books.php')
 4 SYSTEMPATH\View\View.php(216): CodeIgniter\View\View->CodeIgniter\View\{closure}()
 5 SYSTEMPATH\Common.php(1177): CodeIgniter\View\View->render('Admin/books', [], true)
 6 APPPATH\Controllers\BaseController.php(97): view('Admin/books')
 7 APPPATH\Controllers\Admin.php(76): App\Controllers\BaseController->render('books', [...], 'Admin/', 'templates/headerAdmin', 'templates/footerAdmin')
 8 SYSTEMPATH\CodeIgniter.php(934): App\Controllers\Admin->books()
 9 SYSTEMPATH\CodeIgniter.php(499): CodeIgniter\CodeIgniter->runController(Object(App\Controllers\Admin))
10 SYSTEMPATH\CodeIgniter.php(368): CodeIgniter\CodeIgniter->handleRequest(null, Object(Config\Cache), false)
11 FCPATH\index.php(71): CodeIgniter\CodeIgniter->run()
12 SYSTEMPATH\Commands\Server\rewrite.php(47): require_once('FCPATH\\index.php')
CRITICAL - 2023-04-22 11:53:32 --> Undefined variable $variable
in APPPATH\Views\Admin\books.php on line 328.
 1 APPPATH\Views\Admin\books.php(328): CodeIgniter\Debug\Exceptions->errorHandler(2, 'Undefined variable $variable', 'APPPATH\\Views\\Admin\\books.php', 328)
 2 SYSTEMPATH\View\View.php(213): include('APPPATH\\Views\\Admin\\books.php')
 3 SYSTEMPATH\View\View.php(216): CodeIgniter\View\View->CodeIgniter\View\{closure}()
 4 SYSTEMPATH\Common.php(1177): CodeIgniter\View\View->render('Admin/books', [], true)
 5 APPPATH\Controllers\BaseController.php(97): view('Admin/books')
 6 APPPATH\Controllers\Admin.php(76): App\Controllers\BaseController->render('books', [...], 'Admin/', 'templates/headerAdmin', 'templates/footerAdmin')
 7 SYSTEMPATH\CodeIgniter.php(934): App\Controllers\Admin->books()
 8 SYSTEMPATH\CodeIgniter.php(499): CodeIgniter\CodeIgniter->runController(Object(App\Controllers\Admin))
 9 SYSTEMPATH\CodeIgniter.php(368): CodeIgniter\CodeIgniter->handleRequest(null, Object(Config\Cache), false)
10 FCPATH\index.php(71): CodeIgniter\CodeIgniter->run()
11 SYSTEMPATH\Commands\Server\rewrite.php(47): require_once('FCPATH\\index.php')
CRITICAL - 2023-04-22 11:53:36 --> Undefined variable $variable
in APPPATH\Views\Admin\books.php on line 328.
 1 APPPATH\Views\Admin\books.php(328): CodeIgniter\Debug\Exceptions->errorHandler(2, 'Undefined variable $variable', 'APPPATH\\Views\\Admin\\books.php', 328)
 2 SYSTEMPATH\View\View.php(213): include('APPPATH\\Views\\Admin\\books.php')
 3 SYSTEMPATH\View\View.php(216): CodeIgniter\View\View->CodeIgniter\View\{closure}()
 4 SYSTEMPATH\Common.php(1177): CodeIgniter\View\View->render('Admin/books', [], true)
 5 APPPATH\Controllers\BaseController.php(97): view('Admin/books')
 6 APPPATH\Controllers\Admin.php(76): App\Controllers\BaseController->render('books', [...], 'Admin/', 'templates/headerAdmin', 'templates/footerAdmin')
 7 SYSTEMPATH\CodeIgniter.php(934): App\Controllers\Admin->books()
 8 SYSTEMPATH\CodeIgniter.php(499): CodeIgniter\CodeIgniter->runController(Object(App\Controllers\Admin))
 9 SYSTEMPATH\CodeIgniter.php(368): CodeIgniter\CodeIgniter->handleRequest(null, Object(Config\Cache), false)
10 FCPATH\index.php(71): CodeIgniter\CodeIgniter->run()
11 SYSTEMPATH\Commands\Server\rewrite.php(47): require_once('FCPATH\\index.php')
CRITICAL - 2023-04-22 11:53:50 --> Array to string conversion
in APPPATH\Views\Admin\books.php on line 331.
 1 APPPATH\Views\Admin\books.php(331): CodeIgniter\Debug\Exceptions->errorHandler(2, 'Array to string conversion', 'APPPATH\\Views\\Admin\\books.php', 331)
 2 SYSTEMPATH\View\View.php(213): include('APPPATH\\Views\\Admin\\books.php')
 3 SYSTEMPATH\View\View.php(216): CodeIgniter\View\View->CodeIgniter\View\{closure}()
 4 SYSTEMPATH\Common.php(1177): CodeIgniter\View\View->render('Admin/books', [], true)
 5 APPPATH\Controllers\BaseController.php(97): view('Admin/books')
 6 APPPATH\Controllers\Admin.php(76): App\Controllers\BaseController->render('books', [...], 'Admin/', 'templates/headerAdmin', 'templates/footerAdmin')
 7 SYSTEMPATH\CodeIgniter.php(934): App\Controllers\Admin->books()
 8 SYSTEMPATH\CodeIgniter.php(499): CodeIgniter\CodeIgniter->runController(Object(App\Controllers\Admin))
 9 SYSTEMPATH\CodeIgniter.php(368): CodeIgniter\CodeIgniter->handleRequest(null, Object(Config\Cache), false)
10 FCPATH\index.php(71): CodeIgniter\CodeIgniter->run()
11 SYSTEMPATH\Commands\Server\rewrite.php(47): require_once('FCPATH\\index.php')
CRITICAL - 2023-04-22 12:01:30 --> Undefined array key 0
in APPPATH\Views\Admin\books.php on line 332.
 1 APPPATH\Views\Admin\books.php(332): CodeIgniter\Debug\Exceptions->errorHandler(2, 'Undefined array key 0', 'APPPATH\\Views\\Admin\\books.php', 332)
 2 SYSTEMPATH\View\View.php(213): include('APPPATH\\Views\\Admin\\books.php')
 3 SYSTEMPATH\View\View.php(216): CodeIgniter\View\View->CodeIgniter\View\{closure}()
 4 SYSTEMPATH\Common.php(1177): CodeIgniter\View\View->render('Admin/books', [], true)
 5 APPPATH\Controllers\BaseController.php(97): view('Admin/books')
 6 APPPATH\Controllers\Admin.php(76): App\Controllers\BaseController->render('books', [...], 'Admin/', 'templates/headerAdmin', 'templates/footerAdmin')
 7 SYSTEMPATH\CodeIgniter.php(934): App\Controllers\Admin->books()
 8 SYSTEMPATH\CodeIgniter.php(499): CodeIgniter\CodeIgniter->runController(Object(App\Controllers\Admin))
 9 SYSTEMPATH\CodeIgniter.php(368): CodeIgniter\CodeIgniter->handleRequest(null, Object(Config\Cache), false)
10 FCPATH\index.php(71): CodeIgniter\CodeIgniter->run()
11 SYSTEMPATH\Commands\Server\rewrite.php(47): require_once('FCPATH\\index.php')
CRITICAL - 2023-04-22 12:01:31 --> Undefined array key 0
in APPPATH\Views\Admin\books.php on line 332.
 1 APPPATH\Views\Admin\books.php(332): CodeIgniter\Debug\Exceptions->errorHandler(2, 'Undefined array key 0', 'APPPATH\\Views\\Admin\\books.php', 332)
 2 SYSTEMPATH\View\View.php(213): include('APPPATH\\Views\\Admin\\books.php')
 3 SYSTEMPATH\View\View.php(216): CodeIgniter\View\View->CodeIgniter\View\{closure}()
 4 SYSTEMPATH\Common.php(1177): CodeIgniter\View\View->render('Admin/books', [], true)
 5 APPPATH\Controllers\BaseController.php(97): view('Admin/books')
 6 APPPATH\Controllers\Admin.php(76): App\Controllers\BaseController->render('books', [...], 'Admin/', 'templates/headerAdmin', 'templates/footerAdmin')
 7 SYSTEMPATH\CodeIgniter.php(934): App\Controllers\Admin->books()
 8 SYSTEMPATH\CodeIgniter.php(499): CodeIgniter\CodeIgniter->runController(Object(App\Controllers\Admin))
 9 SYSTEMPATH\CodeIgniter.php(368): CodeIgniter\CodeIgniter->handleRequest(null, Object(Config\Cache), false)
10 FCPATH\index.php(71): CodeIgniter\CodeIgniter->run()
11 SYSTEMPATH\Commands\Server\rewrite.php(47): require_once('FCPATH\\index.php')
CRITICAL - 2023-04-22 12:01:46 --> Undefined array key 1
in APPPATH\Views\Admin\books.php on line 332.
 1 APPPATH\Views\Admin\books.php(332): CodeIgniter\Debug\Exceptions->errorHandler(2, 'Undefined array key 1', 'APPPATH\\Views\\Admin\\books.php', 332)
 2 SYSTEMPATH\View\View.php(213): include('APPPATH\\Views\\Admin\\books.php')
 3 SYSTEMPATH\View\View.php(216): CodeIgniter\View\View->CodeIgniter\View\{closure}()
 4 SYSTEMPATH\Common.php(1177): CodeIgniter\View\View->render('Admin/books', [], true)
 5 APPPATH\Controllers\BaseController.php(97): view('Admin/books')
 6 APPPATH\Controllers\Admin.php(76): App\Controllers\BaseController->render('books', [...], 'Admin/', 'templates/headerAdmin', 'templates/footerAdmin')
 7 SYSTEMPATH\CodeIgniter.php(934): App\Controllers\Admin->books()
 8 SYSTEMPATH\CodeIgniter.php(499): CodeIgniter\CodeIgniter->runController(Object(App\Controllers\Admin))
 9 SYSTEMPATH\CodeIgniter.php(368): CodeIgniter\CodeIgniter->handleRequest(null, Object(Config\Cache), false)
10 FCPATH\index.php(71): CodeIgniter\CodeIgniter->run()
11 SYSTEMPATH\Commands\Server\rewrite.php(47): require_once('FCPATH\\index.php')
CRITICAL - 2023-04-22 12:02:18 --> Array to string conversion
in APPPATH\Views\Admin\books.php on line 332.
 1 APPPATH\Views\Admin\books.php(332): CodeIgniter\Debug\Exceptions->errorHandler(2, 'Array to string conversion', 'APPPATH\\Views\\Admin\\books.php', 332)
 2 SYSTEMPATH\View\View.php(213): include('APPPATH\\Views\\Admin\\books.php')
 3 SYSTEMPATH\View\View.php(216): CodeIgniter\View\View->CodeIgniter\View\{closure}()
 4 SYSTEMPATH\Common.php(1177): CodeIgniter\View\View->render('Admin/books', [], true)
 5 APPPATH\Controllers\BaseController.php(97): view('Admin/books')
 6 APPPATH\Controllers\Admin.php(76): App\Controllers\BaseController->render('books', [...], 'Admin/', 'templates/headerAdmin', 'templates/footerAdmin')
 7 SYSTEMPATH\CodeIgniter.php(934): App\Controllers\Admin->books()
 8 SYSTEMPATH\CodeIgniter.php(499): CodeIgniter\CodeIgniter->runController(Object(App\Controllers\Admin))
 9 SYSTEMPATH\CodeIgniter.php(368): CodeIgniter\CodeIgniter->handleRequest(null, Object(Config\Cache), false)
10 FCPATH\index.php(71): CodeIgniter\CodeIgniter->run()
11 SYSTEMPATH\Commands\Server\rewrite.php(47): require_once('FCPATH\\index.php')
CRITICAL - 2023-04-22 22:48:43 --> Invalid file: "Admin/admins.php"
in SYSTEMPATH\Exceptions\FrameworkException.php on line 33.
 1 SYSTEMPATH\View\View.php(201): CodeIgniter\Exceptions\FrameworkException::forInvalidFile('Admin/admins.php')
 2 SYSTEMPATH\Common.php(1177): CodeIgniter\View\View->render('Admin/admins', [], true)
 3 APPPATH\Controllers\BaseController.php(97): view('Admin/admins')
 4 APPPATH\Controllers\Admin.php(83): App\Controllers\BaseController->render('admins', [...], 'Admin/', 'templates/headerAdmin', 'templates/footerAdmin')
 5 SYSTEMPATH\CodeIgniter.php(934): App\Controllers\Admin->admin()
 6 SYSTEMPATH\CodeIgniter.php(499): CodeIgniter\CodeIgniter->runController(Object(App\Controllers\Admin))
 7 SYSTEMPATH\CodeIgniter.php(368): CodeIgniter\CodeIgniter->handleRequest(null, Object(Config\Cache), false)
 8 FCPATH\index.php(71): CodeIgniter\CodeIgniter->run()
 9 SYSTEMPATH\Commands\Server\rewrite.php(47): require_once('FCPATH\\index.php')
CRITICAL - 2023-04-22 22:58:05 --> The route for "/dashboard" cannot be found.
in SYSTEMPATH\HTTP\RedirectResponse.php on line 60.
 1 SYSTEMPATH\HTTP\RedirectResponse.php(60): CodeIgniter\HTTP\Exceptions\HTTPException::forInvalidRedirectRoute('/dashboard')
 2 SYSTEMPATH\Common.php(869): CodeIgniter\HTTP\RedirectResponse->route(false)
 3 APPPATH\Controllers\Admin.php(92): redirect('/dashboard')
 4 SYSTEMPATH\CodeIgniter.php(934): App\Controllers\Admin->logout()
 5 SYSTEMPATH\CodeIgniter.php(499): CodeIgniter\CodeIgniter->runController(Object(App\Controllers\Admin))
 6 SYSTEMPATH\CodeIgniter.php(368): CodeIgniter\CodeIgniter->handleRequest(null, Object(Config\Cache), false)
 7 FCPATH\index.php(71): CodeIgniter\CodeIgniter->run()
 8 SYSTEMPATH\Commands\Server\rewrite.php(47): require_once('FCPATH\\index.php')
CRITICAL - 2023-04-22 22:59:04 --> The route for "/dashboard" cannot be found.
in SYSTEMPATH\HTTP\RedirectResponse.php on line 60.
 1 SYSTEMPATH\HTTP\RedirectResponse.php(60): CodeIgniter\HTTP\Exceptions\HTTPException::forInvalidRedirectRoute('/dashboard')
 2 SYSTEMPATH\Common.php(869): CodeIgniter\HTTP\RedirectResponse->route(false)
 3 APPPATH\Controllers\Admin.php(92): redirect('/dashboard')
 4 SYSTEMPATH\CodeIgniter.php(934): App\Controllers\Admin->logout()
 5 SYSTEMPATH\CodeIgniter.php(499): CodeIgniter\CodeIgniter->runController(Object(App\Controllers\Admin))
 6 SYSTEMPATH\CodeIgniter.php(368): CodeIgniter\CodeIgniter->handleRequest(null, Object(Config\Cache), false)
 7 FCPATH\index.php(71): CodeIgniter\CodeIgniter->run()
 8 SYSTEMPATH\Commands\Server\rewrite.php(47): require_once('FCPATH\\index.php')
CRITICAL - 2023-04-22 22:59:39 --> The route for "/dashboard" cannot be found.
in SYSTEMPATH\HTTP\RedirectResponse.php on line 60.
 1 SYSTEMPATH\HTTP\RedirectResponse.php(60): CodeIgniter\HTTP\Exceptions\HTTPException::forInvalidRedirectRoute('/dashboard')
 2 APPPATH\Controllers\Admin.php(92): CodeIgniter\HTTP\RedirectResponse->route(false)
 3 SYSTEMPATH\CodeIgniter.php(934): App\Controllers\Admin->logout()
 4 SYSTEMPATH\CodeIgniter.php(499): CodeIgniter\CodeIgniter->runController(Object(App\Controllers\Admin))
 5 SYSTEMPATH\CodeIgniter.php(368): CodeIgniter\CodeIgniter->handleRequest(null, Object(Config\Cache), false)
 6 FCPATH\index.php(71): CodeIgniter\CodeIgniter->run()
 7 SYSTEMPATH\Commands\Server\rewrite.php(47): require_once('FCPATH\\index.php')
CRITICAL - 2023-04-22 22:59:41 --> The route for "/dashboard" cannot be found.
in SYSTEMPATH\HTTP\RedirectResponse.php on line 60.
 1 SYSTEMPATH\HTTP\RedirectResponse.php(60): CodeIgniter\HTTP\Exceptions\HTTPException::forInvalidRedirectRoute('/dashboard')
 2 APPPATH\Controllers\Admin.php(92): CodeIgniter\HTTP\RedirectResponse->route(false)
 3 SYSTEMPATH\CodeIgniter.php(934): App\Controllers\Admin->logout()
 4 SYSTEMPATH\CodeIgniter.php(499): CodeIgniter\CodeIgniter->runController(Object(App\Controllers\Admin))
 5 SYSTEMPATH\CodeIgniter.php(368): CodeIgniter\CodeIgniter->handleRequest(null, Object(Config\Cache), false)
 6 FCPATH\index.php(71): CodeIgniter\CodeIgniter->run()
 7 SYSTEMPATH\Commands\Server\rewrite.php(47): require_once('FCPATH\\index.php')
CRITICAL - 2023-04-22 22:59:45 --> The route for "/dashboard" cannot be found.
in SYSTEMPATH\HTTP\RedirectResponse.php on line 60.
 1 SYSTEMPATH\HTTP\RedirectResponse.php(60): CodeIgniter\HTTP\Exceptions\HTTPException::forInvalidRedirectRoute('/dashboard')
 2 APPPATH\Controllers\Admin.php(92): CodeIgniter\HTTP\RedirectResponse->route(false)
 3 SYSTEMPATH\CodeIgniter.php(934): App\Controllers\Admin->logout()
 4 SYSTEMPATH\CodeIgniter.php(499): CodeIgniter\CodeIgniter->runController(Object(App\Controllers\Admin))
 5 SYSTEMPATH\CodeIgniter.php(368): CodeIgniter\CodeIgniter->handleRequest(null, Object(Config\Cache), false)
 6 FCPATH\index.php(71): CodeIgniter\CodeIgniter->run()
 7 SYSTEMPATH\Commands\Server\rewrite.php(47): require_once('FCPATH\\index.php')
CRITICAL - 2023-04-22 23:03:33 --> The route for "/dashboard" cannot be found.
in SYSTEMPATH\HTTP\RedirectResponse.php on line 60.
 1 SYSTEMPATH\HTTP\RedirectResponse.php(60): CodeIgniter\HTTP\Exceptions\HTTPException::forInvalidRedirectRoute('/dashboard')
 2 APPPATH\Controllers\Admin.php(92): CodeIgniter\HTTP\RedirectResponse->route(false)
 3 SYSTEMPATH\CodeIgniter.php(934): App\Controllers\Admin->logout()
 4 SYSTEMPATH\CodeIgniter.php(499): CodeIgniter\CodeIgniter->runController(Object(App\Controllers\Admin))
 5 SYSTEMPATH\CodeIgniter.php(368): CodeIgniter\CodeIgniter->handleRequest(null, Object(Config\Cache), false)
 6 FCPATH\index.php(71): CodeIgniter\CodeIgniter->run()
 7 SYSTEMPATH\Commands\Server\rewrite.php(47): require_once('FCPATH\\index.php')
CRITICAL - 2023-04-22 23:11:22 --> The action you requested is not allowed.
in SYSTEMPATH\Security\Security.php on line 306.
 1 SYSTEMPATH\Security\Security.php(306): CodeIgniter\Security\Exceptions\SecurityException::forDisallowedAction()
 2 SYSTEMPATH\Filters\CSRF.php(55): CodeIgniter\Security\Security->verify(Object(CodeIgniter\HTTP\IncomingRequest))
 3 SYSTEMPATH\Filters\Filters.php(173): CodeIgniter\Filters\CSRF->before(Object(CodeIgniter\HTTP\IncomingRequest), null)
 4 SYSTEMPATH\CodeIgniter.php(473): CodeIgniter\Filters\Filters->run('api/stats', 'before')
 5 SYSTEMPATH\CodeIgniter.php(368): CodeIgniter\CodeIgniter->handleRequest(null, Object(Config\Cache), false)
 6 FCPATH\index.php(71): CodeIgniter\CodeIgniter->run()
 7 SYSTEMPATH\Commands\Server\rewrite.php(47): require_once('FCPATH\\index.php')
